react-dom_client.js?v=5fd3b264:14338 Download the React DevTools for a better development experience: https://react.dev/link/react-devtools
random.ts:5 Module "crypto" has been externalized for browser compatibility. Cannot access "crypto.randomBytes" in client code. See https://vite.dev/guide/troubleshooting.html#module-externalized-for-browser-compatibility for more details.
get @ seedrandom.js?v=5fd3b264:429
autoseed @ seedrandom.js?v=5fd3b264:517
seedrandom @ seedrandom.js?v=5fd3b264:440
(anonymous) @ random.ts:5
adjustTaxBehavior.ts?t=1775367428416:95 [政策] 李国昌 → 李克用：赋税 一般(2) → 严控(3)
adjustTaxBehavior.ts?t=1775367428416:95 [政策] 清海使 → 高骈：赋税 一般(2) → 放任(1)
adjustTaxBehavior.ts?t=1775367428416:95 [政策] 邠宁使 → 卢潘：赋税 一般(2) → 放任(1)
adjustTaxBehavior.ts?t=1775367428416:95 [政策] 宣武使 → 义成使：赋税 一般(2) → 放任(1)
adjustTaxBehavior.ts?t=1775367428416:95 [政策] 宣武使 → 天平使：赋税 一般(2) → 放任(1)
adjustTaxBehavior.ts?t=1775367428416:95 [政策] 李国昌 → 李克用：赋税 严控(3) → 压榨(4)
TerritoryStore.ts:227 [岗位变动] 潞州 防御使: char-npc-zhaoyi → char-hanyunzhong (由char-hanyunzhong任命)
TerritoryStore.ts:227 [岗位变动] 相州 防御使: char-hanyunzhong → char-gen-33 (由char-hanyunzhong任命)
TerritoryStore.ts:227 [岗位变动] 云州 防御使: char-liguochang → char-zhangyunshen (由char-zhangyunshen任命)
adjustTaxBehavior.ts?t=1775367428416:95 [政策] 宣武使 → 忠武使：赋税 一般(2) → 放任(1)
TerritoryStore.ts:227 [岗位变动] 河北道·魏博 都知兵马使: char-gen-31 → 空缺 (未知)
TerritoryStore.ts:227 [岗位变动] 河北道·魏博 都知兵马使: 空缺 → char-gen-31 (由char-hanyunzhong任命)
adjustTaxBehavior.ts?t=1775367428416:95 [政策] 宣武使 → 泰宁使：赋税 一般(2) → 放任(1)
TerritoryStore.ts:227 [岗位变动] 青州 防御使: char-npc-pinglu → char-zhangyunshen (由char-zhangyunshen任命)
TerritoryStore.ts:227 [岗位变动] 瀛州 防御使: char-zhangyunshen → char-zhang-jian (由char-zhangyunshen任命)
adjustSuccessionBehavior.ts:117 [政策] 张允伸 → 义武使：定州防御使 改为世袭
adjustAppointRightBehavior.ts:113 [政策] 张允伸 → 义武使：定州防御使 授予辟署权
adjustTaxBehavior.ts?t=1775367428416:95 [政策] 张允伸 → 义武使：赋税 一般(2) → 放任(1)
adjustTaxBehavior.ts?t=1775367428416:95 [政策] 宣武使 → 奉国使：赋税 一般(2) → 放任(1)
adjustTaxBehavior.ts?t=1775367428416:95 [政策] 镇南使 → 湖南使：赋税 一般(2) → 放任(1)
TerritoryStore.ts:227 [岗位变动] 滑州 防御使: char-npc-yicheng → char-hanyunzhong (由char-hanyunzhong任命)
TerritoryStore.ts:227 [岗位变动] 滑州 防御使: char-hanyunzhong → char-gen-33 (由char-hanyunzhong任命)
TerritoryStore.ts:227 [岗位变动] 夏州 录事参军: char-gen-10 → 空缺 (未知)
TerritoryStore.ts:227 [岗位变动] 都畿道 节度判官: char-gen-11 → 空缺 (未知)
TerritoryStore.ts:227 [岗位变动] 都畿道 都知兵马使: char-gen-12 → 空缺 (未知)
TerritoryStore.ts:227 [岗位变动] 洛阳 录事参军: char-gen-13 → 空缺 (未知)
TerritoryStore.ts:227 [岗位变动] 陕州 录事参军: char-gen-14 → 空缺 (未知)
TerritoryStore.ts:227 [岗位变动] 河东道 节度判官: char-gen-15 → 空缺 (未知)
TerritoryStore.ts:227 [岗位变动] 河东道 都知兵马使: char-gen-16 → 空缺 (未知)
TerritoryStore.ts:227 [岗位变动] 太原 录事参军: char-gen-17 → 空缺 (未知)
TerritoryStore.ts:227 [岗位变动] 潞州 录事参军: char-gen-18 → 空缺 (未知)
TerritoryStore.ts:227 [岗位变动] 河中 录事参军: char-gen-19 → 空缺 (未知)
TerritoryStore.ts:227 [岗位变动] 岭南道 节度判官: char-gen-70 → 空缺 (未知)
TerritoryStore.ts:227 [岗位变动] 岭南道 都知兵马使: char-gen-71 → 空缺 (未知)
TerritoryStore.ts:227 [岗位变动] 广州 录事参军: char-gen-72 → 空缺 (未知)
TerritoryStore.ts:227 [岗位变动] 邕州 录事参军: char-gen-73 → 空缺 (未知)
TerritoryStore.ts:227 [岗位变动] 桂州 录事参军: char-gen-74 → 空缺 (未知)
TerritoryStore.ts:227 [岗位变动] 交州 录事参军: char-gen-75 → 空缺 (未知)
TerritoryStore.ts:227 [岗位变动] 陇右道 节度判官: char-gen-76 → 空缺 (未知)
TerritoryStore.ts:227 [岗位变动] 陇右道 都知兵马使: char-gen-77 → 空缺 (未知)
TerritoryStore.ts:227 [岗位变动] 泾州 录事参军: char-gen-78 → 空缺 (未知)
TerritoryStore.ts:227 [岗位变动] 秦州 录事参军: char-gen-79 → 空缺 (未知)
TerritoryStore.ts:227 [岗位变动] 河西道 节度判官: char-gen-80 → 空缺 (未知)
TerritoryStore.ts:227 [岗位变动] 河西道 都知兵马使: char-gen-81 → 空缺 (未知)
TerritoryStore.ts:227 [岗位变动] 沙州 录事参军: char-gen-82 → 空缺 (未知)
TerritoryStore.ts:227 [岗位变动] 夏州 录事参军: 空缺 → char-ct-liuzhan (由char-yizong任命)
TerritoryStore.ts:227 [岗位变动] 都畿道 节度判官: 空缺 → char-ct-yushe (由char-yizong任命)
TerritoryStore.ts:227 [岗位变动] 凤翔 防御使: char-ducong → 空缺 (未知)
TerritoryStore.ts:227 [岗位变动] 都畿道 都知兵马使: 空缺 → char-ducong (由char-yizong任命)
TerritoryStore.ts:227 [岗位变动] 洛阳 录事参军: 空缺 → char-npc-yicheng (由char-yizong任命)
TerritoryStore.ts:227 [岗位变动] 陕州 录事参军: 空缺 → char-npc-pinglu (由char-yizong任命)
TerritoryStore.ts:227 [岗位变动] 河东道 节度判官: 空缺 → char-npc-zhaoyi (由char-yizong任命)
TerritoryStore.ts:227 [岗位变动] 郓州 防御使: char-npc-tianping → 空缺 (未知)
TerritoryStore.ts:227 [岗位变动] 河东道 都知兵马使: 空缺 → char-npc-tianping (由char-yizong任命)
TerritoryStore.ts:227 [岗位变动] 太原 录事参军: 空缺 → char-ct-cuiyin (由char-yizong任命)
TerritoryStore.ts:227 [岗位变动] 潞州 录事参军: 空缺 → char-gen-12 (由char-yizong任命)
TerritoryStore.ts:227 [岗位变动] 河中 录事参军: 空缺 → char-gen-16 (由char-yizong任命)
TerritoryStore.ts:227 [岗位变动] 岭南道 节度判官: 空缺 → char-gen-71 (由char-yizong任命)
TerritoryStore.ts:227 [岗位变动] 宣州 刺史: char-npc-xuanshe → 空缺 (未知)
TerritoryStore.ts:227 [岗位变动] 岭南道 都知兵马使: 空缺 → char-npc-xuanshe (由char-yizong任命)
TerritoryStore.ts:227 [岗位变动] 广州 录事参军: 空缺 → char-gen-77 (由char-yizong任命)
TerritoryStore.ts:227 [岗位变动] 邕州 录事参军: 空缺 → char-gen-81 (由char-yizong任命)
TerritoryStore.ts:227 [岗位变动] 桂州 录事参军: 空缺 → char-zhangzhifang (由char-yizong任命)
TerritoryStore.ts:227 [岗位变动] 交州 录事参军: 空缺 → char-ct-lizheng (由char-yizong任命)
TerritoryStore.ts:227 [岗位变动] 陇右道 节度判官: 空缺 → char-ct-zhoubao (由char-yizong任命)
TerritoryStore.ts:227 [岗位变动] 同州 防御使: char-npc-zhenguo → 空缺 (未知)
TerritoryStore.ts:227 [岗位变动] 陇右道 都知兵马使: 空缺 → char-npc-zhenguo (由char-yizong任命)
TerritoryStore.ts:227 [岗位变动] 洪州 录事参军: char-gen-64 → 空缺 (未知)
TerritoryStore.ts:227 [岗位变动] 泾州 录事参军: 空缺 → char-gen-64 (由char-yizong任命)
TerritoryStore.ts:227 [岗位变动] 潭州 录事参军: char-gen-65 → 空缺 (未知)
TerritoryStore.ts:227 [岗位变动] 秦州 录事参军: 空缺 → char-gen-65 (由char-yizong任命)
TerritoryStore.ts:227 [岗位变动] 河西道 节度判官: 空缺 → char-liguochang (由char-yizong任命)
TerritoryStore.ts:227 [岗位变动] 许州 防御使: char-npc-zhongwu → 空缺 (未知)
TerritoryStore.ts:227 [岗位变动] 河西道 都知兵马使: 空缺 → char-npc-zhongwu (由char-yizong任命)
TerritoryStore.ts:227 [岗位变动] 成都 录事参军: char-gen-68 → 空缺 (未知)
TerritoryStore.ts:227 [岗位变动] 沙州 录事参军: 空缺 → char-gen-68 (由char-yizong任命)
TerritoryStore.ts:227 [岗位变动] 凤翔 防御使: 空缺 → char-gen-10 (由char-yizong任命)
TerritoryStore.ts:227 [岗位变动] 郓州 防御使: 空缺 → char-gen-13 (由char-yizong任命)
TerritoryStore.ts:227 [岗位变动] 宣州 刺史: 空缺 → char-ct-lufang (由char-yizong任命)
TerritoryStore.ts:227 [岗位变动] 同州 防御使: 空缺 → char-gen-78 (由char-yizong任命)
TerritoryStore.ts:227 [岗位变动] 洪州 录事参军: 空缺 → char-gen-14 (由char-yizong任命)
TerritoryStore.ts:227 [岗位变动] 潭州 录事参军: 空缺 → char-gen-17 (由char-yizong任命)
TerritoryStore.ts:227 [岗位变动] 许州 防御使: 空缺 → char-gen-79 (由char-yizong任命)
TerritoryStore.ts:227 [岗位变动] 成都 录事参军: 空缺 → char-gen-19 (由char-yizong任命)
adjustTaxBehavior.ts?t=1775367428416:95 [政策] 邠宁使 → 罗承恩：赋税 一般(2) → 放任(1)
TerritoryStore.ts:227 [岗位变动] 云州 防御使: char-zhangyunshen → char-zhengcongdang (由char-zhengcongdang任命)
TerritoryStore.ts:227 [岗位变动] 都畿道 都知兵马使: char-ducong → 空缺 (未知)
TerritoryStore.ts:227 [岗位变动] 潭州 刺史: char-npc-hunan → 空缺 (未知)
TerritoryStore.ts:227 [岗位变动] 都畿道 都知兵马使: 空缺 → char-npc-hunan (由char-yizong任命)
TerritoryStore.ts:227 [岗位变动] 潭州 刺史: 空缺 → char-gen-72 (由char-yizong任命)
adjustTaxBehavior.ts?t=1775367428416:95 [政策] 镇海使 → 镇东使：赋税 一般(2) → 放任(1)
TerritoryStore.ts:227 [岗位变动] 相州 防御使: char-gen-33 → char-hanyunzhong (由system任命)
TerritoryStore.ts:227 [岗位变动] 相州 防御使: char-hanyunzhong → char-gen-33 (由char-hanyunzhong任命)
TerritoryStore.ts:227 [岗位变动] 交州 录事参军: char-ct-lizheng → 空缺 (未知)
TerritoryStore.ts:227 [岗位变动] 夏州 录事参军: char-ct-liuzhan → 空缺 (未知)
TerritoryStore.ts:227 [岗位变动] 交州 录事参军: 空缺 → char-ct-liuzhan (由char-yizong任命)
TerritoryStore.ts:227 [岗位变动] 夏州 录事参军: 空缺 → char-ct-zhaoyi (由char-yizong任命)
adjustTaxBehavior.ts?t=1775367428416:95 [政策] 镇南使 → 朱承恩：赋税 一般(2) → 放任(1)
characterSystem.ts:102 [继承] 河北道·幽州 节度使: 死者=张允伸 → receiver=张简会(char-zhang-jian) heir=宗法
TerritoryStore.ts:227 [岗位变动] 河北道·幽州 节度使: char-zhangyunshen → char-zhang-jian (继承)
TerritoryStore.ts:227 [岗位变动] 幽州 防御使: char-zhangyunshen → char-zhang-jian (继承)
TerritoryStore.ts:227 [岗位变动] 青州 防御使: char-zhangyunshen → 空缺 (未知)
TerritoryStore.ts:227 [岗位变动] 都畿道 节度判官: char-ct-yushe → 空缺 (未知)
TerritoryStore.ts:227 [岗位变动] 青州 防御使: 空缺 → char-ct-yushe (由char-yizong任命)
TerritoryStore.ts:227 [岗位变动] 都畿道 节度判官: 空缺 → char-gen-73 (由char-yizong任命)
TerritoryStore.ts:227 [岗位变动] 都畿道 节度判官: char-gen-73 → 空缺 (未知)
TerritoryStore.ts:227 [岗位变动] 潞州 录事参军: char-gen-12 → 空缺 (未知)
TerritoryStore.ts:227 [岗位变动] 河中 录事参军: char-gen-16 → 空缺 (未知)
TerritoryStore.ts:227 [岗位变动] 洪州 录事参军: char-gen-14 → 空缺 (未知)
TerritoryStore.ts:227 [岗位变动] 潭州 刺史: char-gen-72 → char-yizong (由system任命)
TerritoryStore.ts:227 [岗位变动] 潭州 录事参军: char-gen-17 → 空缺 (未知)
TerritoryStore.ts:227 [岗位变动] 成都 录事参军: char-gen-19 → 空缺 (未知)
TerritoryStore.ts:227 [岗位变动] 岭南道 节度判官: char-gen-71 → 空缺 (未知)
TerritoryStore.ts:227 [岗位变动] 广州 录事参军: char-gen-77 → 空缺 (未知)
TerritoryStore.ts:227 [岗位变动] 邕州 录事参军: char-gen-81 → 空缺 (未知)
TerritoryStore.ts:227 [岗位变动] 河西道 节度判官: char-liguochang → 空缺 (未知)
TerritoryStore.ts:227 [岗位变动] 河东道 节度判官: char-npc-zhaoyi → 空缺 (未知)
TerritoryStore.ts:227 [岗位变动] 都畿道 节度判官: 空缺 → char-npc-zhaoyi (由char-yizong任命)
TerritoryStore.ts:227 [岗位变动] 洛阳 录事参军: char-npc-yicheng → 空缺 (未知)
TerritoryStore.ts:227 [岗位变动] 潞州 录事参军: 空缺 → char-npc-yicheng (由char-yizong任命)
TerritoryStore.ts:227 [岗位变动] 陕州 录事参军: char-npc-pinglu → 空缺 (未知)
TerritoryStore.ts:227 [岗位变动] 河中 录事参军: 空缺 → char-npc-pinglu (由char-yizong任命)
TerritoryStore.ts:227 [岗位变动] 太原 录事参军: char-ct-cuiyin → 空缺 (未知)
TerritoryStore.ts:227 [岗位变动] 洪州 录事参军: 空缺 → char-ct-cuiyin (由char-yizong任命)
TerritoryStore.ts:227 [岗位变动] 潭州 录事参军: 空缺 → char-gen-16 (由char-yizong任命)
TerritoryStore.ts:227 [岗位变动] 成都 录事参军: 空缺 → char-gen-71 (由char-yizong任命)
TerritoryStore.ts:227 [岗位变动] 岭南道 节度判官: 空缺 → char-gen-77 (由char-yizong任命)
TerritoryStore.ts:227 [岗位变动] 广州 录事参军: 空缺 → char-gen-81 (由char-yizong任命)
TerritoryStore.ts:227 [岗位变动] 泾州 录事参军: char-gen-64 → 空缺 (未知)
TerritoryStore.ts:227 [岗位变动] 邕州 录事参军: 空缺 → char-gen-64 (由char-yizong任命)
TerritoryStore.ts:227 [岗位变动] 陇右道 节度判官: char-ct-zhoubao → 空缺 (未知)
TerritoryStore.ts:227 [岗位变动] 河西道 节度判官: 空缺 → char-ct-zhoubao (由char-yizong任命)
TerritoryStore.ts:227 [岗位变动] 河东道 节度判官: 空缺 → char-liguochang (由char-yizong任命)
TerritoryStore.ts:227 [岗位变动] 洛阳 录事参军: 空缺 → char-gen-14 (由char-yizong任命)
TerritoryStore.ts:227 [岗位变动] 陕州 录事参军: 空缺 → char-gen-17 (由char-yizong任命)
TerritoryStore.ts:227 [岗位变动] 太原 录事参军: 空缺 → char-gen-19 (由char-yizong任命)
TerritoryStore.ts:227 [岗位变动] 泾州 录事参军: 空缺 → char-gen-72 (由char-yizong任命)
TerritoryStore.ts:227 [岗位变动] 陇右道 节度判官: 空缺 → char-gen-73 (由char-yizong任命)
TerritoryStore.ts:227 [岗位变动] 山南西道 节度使: char-xiaoye → 空缺 (未知)
TerritoryStore.ts:227 [岗位变动] 兴元 防御使: char-xiaoye → 空缺 (未知)
TerritoryStore.ts:227 [岗位变动] 河东道 节度使: char-zhengcongdang → 空缺 (未知)
TerritoryStore.ts:227 [岗位变动] 太原 防御使: char-zhengcongdang → 空缺 (未知)
TerritoryStore.ts:227 [岗位变动] 河中 防御使: char-zhengcongdang → 空缺 (未知)
TerritoryStore.ts:227 [岗位变动] 云州 防御使: char-zhengcongdang → 空缺 (未知)
TerritoryStore.ts:227 [岗位变动] 山南西道 节度使: 空缺 → char-zhengcongdang (由char-yizong任命)
TerritoryStore.ts:227 [岗位变动] 兴元 防御使: 空缺 → char-zhengcongdang (由char-yizong任命)
TerritoryStore.ts:227 [岗位变动] 河东道 节度使: 空缺 → char-gen-74 (由char-yizong任命)
TerritoryStore.ts:227 [岗位变动] 太原 防御使: 空缺 → char-gen-74 (由char-yizong任命)
TerritoryStore.ts:227 [岗位变动] 陕州 防御使: char-npc-shanzhou → 空缺 (未知)
TerritoryStore.ts:227 [岗位变动] 河中 防御使: 空缺 → char-npc-shanzhou (由char-yizong任命)
TerritoryStore.ts:227 [岗位变动] 江陵 刺史: char-npc-jingnan → 空缺 (未知)
TerritoryStore.ts:227 [岗位变动] 云州 防御使: 空缺 → char-npc-jingnan (由char-yizong任命)
TerritoryStore.ts:227 [岗位变动] 陕州 防御使: 空缺 → char-gen-82 (由char-yizong任命)
TerritoryStore.ts:227 [岗位变动] 江陵 刺史: 空缺 → char-ct-fangxuan (由char-yizong任命)
TerritoryStore.ts:227 [岗位变动] 中央 兵部尚书: char-ct-xiaochu → 空缺 (未知)
TerritoryStore.ts:227 [岗位变动] 中央 三司使: char-ct-peizhao → 空缺 (未知)
TerritoryStore.ts:227 [岗位变动] 中央 兵部尚书: 空缺 → char-ct-peizhao (由char-yizong任命)
TerritoryStore.ts:227 [岗位变动] 中央 三司使: 空缺 → char-ct-sunwei (由char-yizong任命)
TerritoryStore.ts:227 [岗位变动] 幽州 防御使: char-zhang-jian → char-wangjingchong (由char-wangjingchong任命)
TerritoryStore.ts:227 [岗位变动] 河北道·幽州 节度判官: char-gen-21 → 空缺 (未知)
TerritoryStore.ts:227 [岗位变动] 河北道·幽州 都知兵马使: char-gen-22 → 空缺 (未知)
TerritoryStore.ts:227 [岗位变动] 河北道·幽州 节度判官: 空缺 → char-gen-22 (由char-yizong任命)
TerritoryStore.ts:227 [岗位变动] 河东道 都知兵马使: char-npc-tianping → 空缺 (未知)
TerritoryStore.ts:227 [岗位变动] 河北道·幽州 都知兵马使: 空缺 → char-npc-tianping (由char-yizong任命)
TerritoryStore.ts:227 [岗位变动] 河东道 都知兵马使: 空缺 → char-ct-qianfu (由char-yizong任命)
adjustTaxBehavior.ts?t=1775367428416:95 [政策] 郑从谠 → 孙谠：赋税 一般(2) → 放任(1)
TerritoryStore.ts:227 [岗位变动] 滑州 防御使: char-gen-33 → char-hanyunzhong (由system任命)
TerritoryStore.ts:227 [岗位变动] 滑州 防御使: char-hanyunzhong → char-gen-33 (由char-hanyunzhong任命)
TerritoryStore.ts:227 [岗位变动] 中央 御史大夫: char-ct-cuiyanchao → 空缺 (未知)
TerritoryStore.ts:227 [岗位变动] 中央 同中书门下平章事/宰相: char-luyan → 空缺 (未知)
TerritoryStore.ts:227 [岗位变动] 中央 御史大夫: 空缺 → char-luyan (由char-yizong任命)
TerritoryStore.ts:227 [岗位变动] 中央 同中书门下平章事/宰相: 空缺 → char-li-xuan (由char-yizong任命)
