react-dom_client.js?v=5fd3b264:14338 Download the React DevTools for a better development experience: https://react.dev/link/react-devtools
random.ts:5 Module "crypto" has been externalized for browser compatibility. Cannot access "crypto.randomBytes" in client code. See https://vite.dev/guide/troubleshooting.html#module-externalized-for-browser-compatibility for more details.
get @ seedrandom.js?v=5fd3b264:429
autoseed @ seedrandom.js?v=5fd3b264:517
seedrandom @ seedrandom.js?v=5fd3b264:440
(anonymous) @ random.ts:5
TerritoryStore.ts:227 [岗位变动] 云州 防御使: char-liguochang → char-zhangyunshen (由char-zhangyunshen任命)
TerritoryStore.ts:227 [岗位变动] 潞州 防御使: char-npc-zhaoyi → char-hanyunzhong (由char-hanyunzhong任命)
TerritoryStore.ts:227 [岗位变动] 相州 防御使: char-hanyunzhong → char-gen-33 (由char-hanyunzhong任命)
TerritoryStore.ts:227 [岗位变动] 青州 防御使: char-npc-pinglu → char-zhangyunshen (由char-zhangyunshen任命)
TerritoryStore.ts:227 [岗位变动] 瀛州 防御使: char-zhangyunshen → char-zhang-jian (由char-zhangyunshen任命)
TerritoryStore.ts:227 [岗位变动] 滑州 防御使: char-npc-yicheng → char-hanyunzhong (由char-hanyunzhong任命)
TerritoryStore.ts:227 [岗位变动] 滑州 防御使: char-hanyunzhong → char-gen-33 (由char-hanyunzhong任命)
TerritoryStore.ts:227 [岗位变动] 定州 防御使: char-npc-yiwu → char-wangjingchong (由char-wangjingchong任命)
TerritoryStore.ts:227 [岗位变动] 夏州 录事参军: char-gen-10 → 空缺 (未知)
TerritoryStore.ts:227 [岗位变动] 都畿道 节度判官: char-gen-11 → 空缺 (未知)
TerritoryStore.ts:227 [岗位变动] 都畿道 都知兵马使: char-gen-12 → 空缺 (未知)
TerritoryStore.ts:227 [岗位变动] 洛阳 录事参军: char-gen-13 → 空缺 (未知)
TerritoryStore.ts:227 [岗位变动] 陕州 录事参军: char-gen-14 → 空缺 (未知)
TerritoryStore.ts:227 [岗位变动] 河东道 节度判官: char-gen-15 → 空缺 (未知)
TerritoryStore.ts:227 [岗位变动] 河东道 都知兵马使: char-gen-16 → 空缺 (未知)
TerritoryStore.ts:227 [岗位变动] 太原 录事参军: char-gen-17 → 空缺 (未知)
TerritoryStore.ts:227 [岗位变动] 潞州 录事参军: char-gen-18 → 空缺 (未知)
TerritoryStore.ts:227 [岗位变动] 河中 录事参军: char-gen-19 → 空缺 (未知)
TerritoryStore.ts:227 [岗位变动] 滑州 防御使: char-gen-33 → char-yizong (由system任命)
TerritoryStore.ts:227 [岗位变动] 岭南道 节度判官: char-gen-70 → 空缺 (未知)
TerritoryStore.ts:227 [岗位变动] 岭南道 都知兵马使: char-gen-71 → 空缺 (未知)
TerritoryStore.ts:227 [岗位变动] 广州 录事参军: char-gen-72 → 空缺 (未知)
TerritoryStore.ts:227 [岗位变动] 邕州 录事参军: char-gen-73 → 空缺 (未知)
TerritoryStore.ts:227 [岗位变动] 桂州 录事参军: char-gen-74 → 空缺 (未知)
TerritoryStore.ts:227 [岗位变动] 交州 录事参军: char-gen-75 → 空缺 (未知)
TerritoryStore.ts:227 [岗位变动] 陇右道 节度判官: char-gen-76 → 空缺 (未知)
TerritoryStore.ts:227 [岗位变动] 陇右道 都知兵马使: char-gen-77 → 空缺 (未知)
TerritoryStore.ts:227 [岗位变动] 泾州 录事参军: char-gen-78 → 空缺 (未知)
TerritoryStore.ts:227 [岗位变动] 秦州 录事参军: char-gen-79 → 空缺 (未知)
TerritoryStore.ts:227 [岗位变动] 河西道 节度判官: char-gen-80 → 空缺 (未知)
TerritoryStore.ts:227 [岗位变动] 河西道 都知兵马使: char-gen-81 → 空缺 (未知)
TerritoryStore.ts:227 [岗位变动] 沙州 录事参军: char-gen-82 → 空缺 (未知)
TerritoryStore.ts:227 [岗位变动] 夏州 录事参军: 空缺 → char-ct-liuzhan (由char-yizong任命)
TerritoryStore.ts:227 [岗位变动] 都畿道 节度判官: 空缺 → char-ct-yushe (由char-yizong任命)
TerritoryStore.ts:227 [岗位变动] 凤翔 防御使: char-ducong → 空缺 (未知)
 [岗位变动] 都畿道 都知兵马使: 空缺 → char-ducong (由char-yizong任命)
 [岗位变动] 洛阳 录事参军: 空缺 → char-npc-yicheng (由char-yizong任命)
 [岗位变动] 陕州 录事参军: 空缺 → char-npc-pinglu (由char-yizong任命)
 [岗位变动] 河东道 节度判官: 空缺 → char-npc-zhaoyi (由char-yizong任命)
 [岗位变动] 交州 防御使: char-gaopian → 空缺 (未知)
 [岗位变动] 河东道 都知兵马使: 空缺 → char-gaopian (由char-yizong任命)
 [岗位变动] 太原 录事参军: 空缺 → char-ct-cuiyin (由char-yizong任命)
 [岗位变动] 潞州 录事参军: 空缺 → char-gen-12 (由char-yizong任命)
 [岗位变动] 河中 录事参军: 空缺 → char-gen-16 (由char-yizong任命)
 [岗位变动] 岭南道 节度判官: 空缺 → char-gen-77 (由char-yizong任命)
 [岗位变动] 郓州 防御使: char-npc-tianping → 空缺 (未知)
 [岗位变动] 岭南道 都知兵马使: 空缺 → char-npc-tianping (由char-yizong任命)
 [岗位变动] 广州 录事参军: 空缺 → char-gen-81 (由char-yizong任命)
 [岗位变动] 邕州 录事参军: 空缺 → char-gen-71 (由char-yizong任命)
 [岗位变动] 桂州 录事参军: 空缺 → char-zhangzhifang (由char-yizong任命)
TerritoryStore.ts:227 [岗位变动] 交州 录事参军: 空缺 → char-ct-lizheng (由char-yizong任命)
TerritoryStore.ts:227 [岗位变动] 陇右道 节度判官: 空缺 → char-ct-zhoubao (由char-yizong任命)
TerritoryStore.ts:227 [岗位变动] 宣州 刺史: char-npc-xuanshe → 空缺 (未知)
TerritoryStore.ts:227 [岗位变动] 陇右道 都知兵马使: 空缺 → char-npc-xuanshe (由char-yizong任命)
TerritoryStore.ts:227 [岗位变动] 洪州 录事参军: char-gen-64 → 空缺 (未知)
TerritoryStore.ts:227 [岗位变动] 泾州 录事参军: 空缺 → char-gen-64 (由char-yizong任命)
TerritoryStore.ts:227 [岗位变动] 潭州 录事参军: char-gen-65 → 空缺 (未知)
TerritoryStore.ts:227 [岗位变动] 秦州 录事参军: 空缺 → char-gen-65 (由char-yizong任命)
TerritoryStore.ts:227 [岗位变动] 河西道 节度判官: 空缺 → char-liguochang (由char-yizong任命)
TerritoryStore.ts:227 [岗位变动] 同州 防御使: char-npc-zhenguo → 空缺 (未知)
TerritoryStore.ts:227 [岗位变动] 河西道 都知兵马使: 空缺 → char-npc-zhenguo (由char-yizong任命)
TerritoryStore.ts:227 [岗位变动] 成都 录事参军: char-gen-68 → 空缺 (未知)
TerritoryStore.ts:227 [岗位变动] 沙州 录事参军: 空缺 → char-gen-68 (由char-yizong任命)
TerritoryStore.ts:227 [岗位变动] 凤翔 防御使: 空缺 → char-gen-13 (由char-yizong任命)
TerritoryStore.ts:227 [岗位变动] 交州 防御使: 空缺 → char-gen-10 (由char-yizong任命)
TerritoryStore.ts:227 [岗位变动] 郓州 防御使: 空缺 → char-gen-78 (由char-yizong任命)
TerritoryStore.ts:227 [岗位变动] 宣州 刺史: 空缺 → char-ct-lufang (由char-yizong任命)
TerritoryStore.ts:227 [岗位变动] 洪州 录事参军: 空缺 → char-gen-14 (由char-yizong任命)
TerritoryStore.ts:227 [岗位变动] 潭州 录事参军: 空缺 → char-gen-17 (由char-yizong任命)
TerritoryStore.ts:227 [岗位变动] 同州 防御使: 空缺 → char-gen-79 (由char-yizong任命)
TerritoryStore.ts:227 [岗位变动] 成都 录事参军: 空缺 → char-gen-18 (由char-yizong任命)
TerritoryStore.ts:227 [岗位变动] 梓州 录事参军: char-gen-69 → 空缺 (未知)
TerritoryStore.ts:227 [岗位变动] 夏州 录事参军: char-ct-liuzhan → char-gen-69 (由char-yizong任命)
TerritoryStore.ts:227 [岗位变动] 都畿道 节度判官: char-ct-yushe → char-gen-19 (由char-yizong任命)
TerritoryStore.ts:227 [岗位变动] 许州 防御使: char-npc-zhongwu → 空缺 (未知)
TerritoryStore.ts:227 [岗位变动] 都畿道 都知兵马使: char-ducong → char-npc-zhongwu (由char-yizong任命)
TerritoryStore.ts:227 [岗位变动] 福州 录事参军: char-gen-60 → 空缺 (未知)
TerritoryStore.ts:227 [岗位变动] 洛阳 录事参军: char-npc-yicheng → char-gen-60 (由char-yizong任命)
TerritoryStore.ts:227 [岗位变动] 宣州 录事参军: char-gen-61 → 空缺 (未知)
TerritoryStore.ts:227 [岗位变动] 陕州 录事参军: char-npc-pinglu → char-gen-61 (由char-yizong任命)
TerritoryStore.ts:227 [岗位变动] 河东道 节度判官: char-npc-zhaoyi → char-gen-73 (由char-yizong任命)
TerritoryStore.ts:227 [岗位变动] 潭州 刺史: char-npc-hunan → 空缺 (未知)
TerritoryStore.ts:227 [岗位变动] 河东道 都知兵马使: char-gaopian → char-npc-hunan (由char-yizong任命)
TerritoryStore.ts:227 [岗位变动] 兴元 录事参军: char-gen-51 → 空缺 (未知)
TerritoryStore.ts:227 [岗位变动] 太原 录事参军: char-ct-cuiyin → char-gen-51 (由char-yizong任命)
TerritoryStore.ts:227 [岗位变动] 遂州 录事参军: char-gen-52 → 空缺 (未知)
TerritoryStore.ts:227 [岗位变动] 潞州 录事参军: char-gen-12 → char-gen-52 (由char-yizong任命)
TerritoryStore.ts:227 [岗位变动] 扬州 录事参军: char-gen-55 → 空缺 (未知)
TerritoryStore.ts:227 [岗位变动] 河中 录事参军: char-gen-16 → char-gen-55 (由char-yizong任命)
TerritoryStore.ts:227 [岗位变动] 岭南道 节度判官: char-gen-77 → char-gen-74 (由char-yizong任命)
TerritoryStore.ts:227 [岗位变动] 陕州 防御使: char-npc-shanzhou → 空缺 (未知)
TerritoryStore.ts:227 [岗位变动] 岭南道 都知兵马使: char-npc-tianping → char-npc-shanzhou (由char-yizong任命)
TerritoryStore.ts:227 [岗位变动] 润州 录事参军: char-gen-58 → 空缺 (未知)
TerritoryStore.ts:227 [岗位变动] 广州 录事参军: char-gen-81 → char-gen-58 (由char-yizong任命)
TerritoryStore.ts:227 [岗位变动] 越州 录事参军: char-gen-59 → 空缺 (未知)
TerritoryStore.ts:227 [岗位变动] 邕州 录事参军: char-gen-71 → char-gen-59 (由char-yizong任命)
TerritoryStore.ts:227 [岗位变动] 徐州 录事参军: char-gen-40 → 空缺 (未知)
TerritoryStore.ts:227 [岗位变动] 桂州 录事参军: char-zhangzhifang → char-gen-40 (由char-yizong任命)
TerritoryStore.ts:227 [岗位变动] 许州 录事参军: char-gen-42 → 空缺 (未知)
TerritoryStore.ts:227 [岗位变动] 交州 录事参军: char-ct-lizheng → char-gen-42 (由char-yizong任命)
TerritoryStore.ts:227 [岗位变动] 陇右道 节度判官: char-ct-zhoubao → char-gen-75 (由char-yizong任命)
TerritoryStore.ts:227 [岗位变动] 江陵 刺史: char-npc-jingnan → 空缺 (未知)
TerritoryStore.ts:227 [岗位变动] 陇右道 都知兵马使: char-npc-xuanshe → char-npc-jingnan (由char-yizong任命)
TerritoryStore.ts:227 [岗位变动] 蔡州 录事参军: char-gen-43 → 空缺 (未知)
TerritoryStore.ts:227 [岗位变动] 泾州 录事参军: char-gen-64 → char-gen-43 (由char-yizong任命)
TerritoryStore.ts:227 [岗位变动] 襄州 录事参军: char-gen-46 → 空缺 (未知)
TerritoryStore.ts:227 [岗位变动] 秦州 录事参军: char-gen-65 → char-gen-46 (由char-yizong任命)
TerritoryStore.ts:227 [岗位变动] 河西道 节度判官: char-liguochang → char-gen-82 (由char-yizong任命)
TerritoryStore.ts:227 [岗位变动] 越州 刺史: char-npc-zhendong → 空缺 (未知)
TerritoryStore.ts:227 [岗位变动] 河西道 都知兵马使: char-npc-zhenguo → char-npc-zhendong (由char-yizong任命)
TerritoryStore.ts:227 [岗位变动] 江陵 录事参军: char-gen-47 → 空缺 (未知)
TerritoryStore.ts:227 [岗位变动] 沙州 录事参军: char-gen-68 → char-gen-47 (由char-yizong任命)
TerritoryStore.ts:227 [岗位变动] 梓州 录事参军: 空缺 → char-gen-72 (由char-yizong任命)
TerritoryStore.ts:227 [岗位变动] 许州 防御使: 空缺 → char-ct-sunwei (由char-yizong任命)
TerritoryStore.ts:227 [岗位变动] 福州 录事参军: 空缺 → char-ct-qianfu (由char-yizong任命)
TerritoryStore.ts:227 [岗位变动] 宣州 录事参军: 空缺 → char-ct-zhaoyi (由char-yizong任命)
TerritoryStore.ts:227 [岗位变动] 潭州 刺史: 空缺 → char-ct-fangxuan (由char-yizong任命)
TerritoryStore.ts:227 [岗位变动] 兴元 录事参军: 空缺 → char-gen-11 (由char-yizong任命)
TerritoryStore.ts:227 [岗位变动] 遂州 录事参军: 空缺 → char-gen-15 (由char-yizong任命)
TerritoryStore.ts:227 [岗位变动] 扬州 录事参军: 空缺 → char-gen-76 (由char-yizong任命)
TerritoryStore.ts:227 [岗位变动] 陕州 防御使: 空缺 → char-gen-80 (由char-yizong任命)
TerritoryStore.ts:227 [岗位变动] 润州 录事参军: 空缺 → char-gen-70 (由char-yizong任命)
TerritoryStore.ts:227 [岗位变动] 越州 录事参军: 空缺 → char-ct-heqian (由char-yizong任命)
TerritoryStore.ts:227 [岗位变动] 徐州 录事参军: 空缺 → char-li-xuan (由char-yizong任命)
TerritoryStore.ts:227 [岗位变动] 许州 录事参军: 空缺 → char-ct-liuzhan (由char-yizong任命)
TerritoryStore.ts:227 [岗位变动] 蔡州 录事参军: 空缺 → char-ducong (由char-yizong任命)
TerritoryStore.ts:227 [岗位变动] 襄州 录事参军: 空缺 → char-ct-yushe (由char-yizong任命)
TerritoryStore.ts:227 [岗位变动] 江陵 刺史: 空缺 → char-gaopian (由char-yizong任命)
TerritoryStore.ts:227 [岗位变动] 江陵 录事参军: 空缺 → char-npc-tianping (由char-yizong任命)
TerritoryStore.ts:227 [岗位变动] 越州 刺史: 空缺 → char-npc-xuanshe (由char-yizong任命)
TerritoryStore.ts:227 [岗位变动] 许州 录事参军: char-ct-liuzhan → char-npc-zhenguo (由char-yizong任命)
TerritoryStore.ts:227 [岗位变动] 蔡州 录事参军: char-ducong → char-npc-yicheng (由char-yizong任命)
TerritoryStore.ts:227 [岗位变动] 襄州 录事参军: char-ct-yushe → char-npc-pinglu (由char-yizong任命)
TerritoryStore.ts:227 [岗位变动] 梓州 防御使: char-npc-dongchuan → 空缺 (未知)
TerritoryStore.ts:227 [岗位变动] 江陵 刺史: char-gaopian → char-npc-dongchuan (由char-yizong任命)
TerritoryStore.ts:227 [岗位变动] 江陵 录事参军: char-npc-tianping → char-npc-zhaoyi (由char-yizong任命)
TerritoryStore.ts:227 [岗位变动] 桂州 刺史: char-npc-jingjiang → 空缺 (未知)
TerritoryStore.ts:227 [岗位变动] 越州 刺史: char-npc-xuanshe → char-npc-jingjiang (由char-yizong任命)
TerritoryStore.ts:227 [岗位变动] 梓州 防御使: 空缺 → char-ct-cuiyin (由char-yizong任命)
TerritoryStore.ts:227 [岗位变动] 桂州 刺史: 空缺 → char-gen-12 (由char-yizong任命)
GameMap.tsx:181 Unable to preventDefault inside passive event listener invocation.
preventDefault @ react-dom_client.js?v=5fd3b264:2115
(anonymous) @ GameMap.tsx:181
executeDispatch @ react-dom_client.js?v=5fd3b264:9141
runWithFiberInDEV @ react-dom_client.js?v=5fd3b264:851
processDispatchQueue @ react-dom_client.js?v=5fd3b264:9167
(anonymous) @ react-dom_client.js?v=5fd3b264:9454
batchedUpdates$1 @ react-dom_client.js?v=5fd3b264:2044
dispatchEventForPluginEventSystem @ react-dom_client.js?v=5fd3b264:9240
dispatchEvent @ react-dom_client.js?v=5fd3b264:11319
dispatchContinuousEvent @ react-dom_client.js?v=5fd3b264:11311
GameMap.tsx:181 Unable to preventDefault inside passive event listener invocation.
preventDefault @ react-dom_client.js?v=5fd3b264:2115
(anonymous) @ GameMap.tsx:181
executeDispatch @ react-dom_client.js?v=5fd3b264:9141
runWithFiberInDEV @ react-dom_client.js?v=5fd3b264:851
processDispatchQueue @ react-dom_client.js?v=5fd3b264:9167
(anonymous) @ react-dom_client.js?v=5fd3b264:9454
batchedUpdates$1 @ react-dom_client.js?v=5fd3b264:2044
dispatchEventForPluginEventSystem @ react-dom_client.js?v=5fd3b264:9240
dispatchEvent @ react-dom_client.js?v=5fd3b264:11319
dispatchContinuousEvent @ react-dom_client.js?v=5fd3b264:11311
GameMap.tsx:181 Unable to preventDefault inside passive event listener invocation.
preventDefault @ react-dom_client.js?v=5fd3b264:2115
(anonymous) @ GameMap.tsx:181
executeDispatch @ react-dom_client.js?v=5fd3b264:9141
runWithFiberInDEV @ react-dom_client.js?v=5fd3b264:851
processDispatchQueue @ react-dom_client.js?v=5fd3b264:9167
(anonymous) @ react-dom_client.js?v=5fd3b264:9454
batchedUpdates$1 @ react-dom_client.js?v=5fd3b264:2044
dispatchEventForPluginEventSystem @ react-dom_client.js?v=5fd3b264:9240
dispatchEvent @ react-dom_client.js?v=5fd3b264:11319
dispatchContinuousEvent @ react-dom_client.js?v=5fd3b264:11311
TerritoryStore.ts:227 [岗位变动] 都畿道 节度判官: char-gen-19 → 空缺 (未知)
TerritoryStore.ts:227 [岗位变动] 河东道 节度判官: char-gen-73 → 空缺 (未知)
TerritoryStore.ts:227 [岗位变动] 兴元 录事参军: char-gen-11 → 空缺 (未知)
TerritoryStore.ts:227 [岗位变动] 遂州 录事参军: char-gen-15 → 空缺 (未知)
TerritoryStore.ts:227 [岗位变动] 扬州 录事参军: char-gen-76 → 空缺 (未知)
TerritoryStore.ts:227 [岗位变动] 润州 录事参军: char-gen-70 → 空缺 (未知)
TerritoryStore.ts:227 [岗位变动] 洪州 录事参军: char-gen-14 → 空缺 (未知)
TerritoryStore.ts:227 [岗位变动] 潭州 录事参军: char-gen-17 → 空缺 (未知)
TerritoryStore.ts:227 [岗位变动] 成都 录事参军: char-gen-18 → 空缺 (未知)
TerritoryStore.ts:227 [岗位变动] 梓州 防御使: char-ct-cuiyin → char-yizong (由system任命)
TerritoryStore.ts:227 [岗位变动] 梓州 录事参军: char-gen-72 → 空缺 (未知)
TerritoryStore.ts:227 [岗位变动] 岭南道 节度判官: char-gen-74 → 空缺 (未知)
TerritoryStore.ts:227 [岗位变动] 桂州 刺史: char-gen-12 → char-yizong (由system任命)
TerritoryStore.ts:227 [岗位变动] 陇右道 节度判官: char-gen-75 → 空缺 (未知)
TerritoryStore.ts:227 [岗位变动] 河西道 节度判官: char-gen-82 → 空缺 (未知)
TerritoryStore.ts:227 [岗位变动] 都畿道 节度判官: 空缺 → char-ct-liuzhan (由char-yizong任命)
TerritoryStore.ts:227 [岗位变动] 河东道 节度判官: 空缺 → char-ct-yushe (由char-yizong任命)
TerritoryStore.ts:227 [岗位变动] 许州 录事参军: char-npc-zhenguo → 空缺 (未知)
TerritoryStore.ts:227 [岗位变动] 兴元 录事参军: 空缺 → char-npc-zhenguo (由char-yizong任命)
TerritoryStore.ts:227 [岗位变动] 遂州 录事参军: 空缺 → char-npc-tianping (由char-yizong任命)
TerritoryStore.ts:227 [岗位变动] 扬州 录事参军: 空缺 → char-npc-xuanshe (由char-yizong任命)
TerritoryStore.ts:227 [岗位变动] 润州 录事参军: 空缺 → char-gaopian (由char-yizong任命)
TerritoryStore.ts:227 [岗位变动] 蔡州 录事参军: char-npc-yicheng → 空缺 (未知)
TerritoryStore.ts:227 [岗位变动] 洪州 录事参军: 空缺 → char-npc-yicheng (由char-yizong任命)
TerritoryStore.ts:227 [岗位变动] 潭州 录事参军: 空缺 → char-ct-cuiyin (由char-yizong任命)
TerritoryStore.ts:227 [岗位变动] 襄州 录事参军: char-npc-pinglu → 空缺 (未知)
TerritoryStore.ts:227 [岗位变动] 成都 录事参军: 空缺 → char-npc-pinglu (由char-yizong任命)
TerritoryStore.ts:227 [岗位变动] 江陵 录事参军: char-npc-zhaoyi → 空缺 (未知)
TerritoryStore.ts:227 [岗位变动] 梓州 录事参军: 空缺 → char-npc-zhaoyi (由char-yizong任命)
TerritoryStore.ts:227 [岗位变动] 岭南道 节度判官: 空缺 → char-gen-12 (由char-yizong任命)
TerritoryStore.ts:227 [岗位变动] 陇右道 节度判官: 空缺 → char-ct-lizheng (由char-yizong任命)
TerritoryStore.ts:227 [岗位变动] 河西道 节度判官: 空缺 → char-gen-16 (由char-yizong任命)
TerritoryStore.ts:227 [岗位变动] 许州 录事参军: 空缺 → char-gen-77 (由char-yizong任命)
TerritoryStore.ts:227 [岗位变动] 蔡州 录事参军: 空缺 → char-gen-81 (由char-yizong任命)
TerritoryStore.ts:227 [岗位变动] 襄州 录事参军: 空缺 → char-gen-71 (由char-yizong任命)
TerritoryStore.ts:227 [岗位变动] 江陵 录事参军: 空缺 → char-gen-64 (由char-yizong任命)
TerritoryStore.ts:227 [岗位变动] 都畿道 节度判官: char-ct-liuzhan → char-gen-65 (由char-yizong任命)
TerritoryStore.ts:227 [岗位变动] 河东道 节度判官: char-ct-yushe → char-gen-68 (由char-yizong任命)
TerritoryStore.ts:227 [岗位变动] 中央 殿中侍御史: char-gen-98 → 空缺 (未知)
TerritoryStore.ts:227 [岗位变动] 兴元 录事参军: char-npc-zhenguo → char-gen-98 (由char-yizong任命)
TerritoryStore.ts:227 [岗位变动] 夏州 录事参军: char-gen-69 → 空缺 (未知)
TerritoryStore.ts:227 [岗位变动] 遂州 录事参军: char-npc-tianping → char-gen-69 (由char-yizong任命)
TerritoryStore.ts:227 [岗位变动] 洛阳 录事参军: char-gen-60 → 空缺 (未知)
TerritoryStore.ts:227 [岗位变动] 扬州 录事参军: char-npc-xuanshe → char-gen-60 (由char-yizong任命)
TerritoryStore.ts:227 [岗位变动] 陕州 录事参军: char-gen-61 → 空缺 (未知)
TerritoryStore.ts:227 [岗位变动] 润州 录事参军: char-gaopian → char-gen-61 (由char-yizong任命)
TerritoryStore.ts:227 [岗位变动] 鄂州 录事参军: char-gen-48 → 空缺 (未知)
TerritoryStore.ts:227 [岗位变动] 洪州 录事参军: char-npc-yicheng → char-gen-48 (由char-yizong任命)
TerritoryStore.ts:227 [岗位变动] 太原 录事参军: char-gen-51 → 空缺 (未知)
TerritoryStore.ts:227 [岗位变动] 潭州 录事参军: char-ct-cuiyin → char-gen-51 (由char-yizong任命)
TerritoryStore.ts:227 [岗位变动] 河中 录事参军: char-gen-55 → 空缺 (未知)
TerritoryStore.ts:227 [岗位变动] 成都 录事参军: char-npc-pinglu → char-gen-55 (由char-yizong任命)
TerritoryStore.ts:227 [岗位变动] 广州 录事参军: char-gen-58 → 空缺 (未知)
TerritoryStore.ts:227 [岗位变动] 梓州 录事参军: char-npc-zhaoyi → char-gen-58 (由char-yizong任命)
TerritoryStore.ts:227 [岗位变动] 岭南道 节度判官: char-gen-12 → char-zhangzhifang (由char-yizong任命)
TerritoryStore.ts:227 [岗位变动] 中央 校书郎: char-gen-100 → 空缺 (未知)
TerritoryStore.ts:227 [岗位变动] 陇右道 节度判官: char-ct-lizheng → char-gen-100 (由char-yizong任命)
TerritoryStore.ts:227 [岗位变动] 江南西道 节度判官: char-gen-62 → 空缺 (未知)
TerritoryStore.ts:227 [岗位变动] 河西道 节度判官: char-gen-16 → char-gen-62 (由char-yizong任命)
TerritoryStore.ts:227 [岗位变动] 中央 殿中侍御史: 空缺 → char-ct-zhoubao (由char-yizong任命)
TerritoryStore.ts:227 [岗位变动] 夏州 录事参军: 空缺 → char-gen-14 (由char-yizong任命)
TerritoryStore.ts:227 [岗位变动] 洛阳 录事参军: 空缺 → char-gen-17 (由char-yizong任命)
TerritoryStore.ts:227 [岗位变动] 陕州 录事参军: 空缺 → char-gen-18 (由char-yizong任命)
TerritoryStore.ts:227 [岗位变动] 鄂州 录事参军: 空缺 → char-gen-19 (由char-yizong任命)
TerritoryStore.ts:227 [岗位变动] 太原 录事参军: 空缺 → char-gen-72 (由char-yizong任命)
TerritoryStore.ts:227 [岗位变动] 河中 录事参军: 空缺 → char-gen-73 (由char-yizong任命)
TerritoryStore.ts:227 [岗位变动] 广州 录事参军: 空缺 → char-gen-74 (由char-yizong任命)
TerritoryStore.ts:227 [岗位变动] 中央 校书郎: 空缺 → char-gen-75 (由char-yizong任命)
TerritoryStore.ts:227 [岗位变动] 江南西道 节度判官: 空缺 → char-gen-82 (由char-yizong任命)
TerritoryStore.ts:227 [岗位变动] 山南西道 节度使: char-xiaoye → 空缺 (未知)
TerritoryStore.ts:227 [岗位变动] 兴元 防御使: char-xiaoye → 空缺 (未知)
TerritoryStore.ts:227 [岗位变动] 河东道 节度使: char-zhengcongdang → 空缺 (未知)
TerritoryStore.ts:227 [岗位变动] 太原 防御使: char-zhengcongdang → 空缺 (未知)
TerritoryStore.ts:227 [岗位变动] 河中 防御使: char-zhengcongdang → 空缺 (未知)
TerritoryStore.ts:227 [岗位变动] 山南西道 节度使: 空缺 → char-zhengcongdang (由char-yizong任命)
TerritoryStore.ts:227 [岗位变动] 兴元 防御使: 空缺 → char-zhengcongdang (由char-yizong任命)
TerritoryStore.ts:227 [岗位变动] 河东道 节度使: 空缺 → char-ct-liuzhan (由char-yizong任命)
TerritoryStore.ts:227 [岗位变动] 太原 防御使: 空缺 → char-ct-liuzhan (由char-yizong任命)
TerritoryStore.ts:227 [岗位变动] 淮南道 观察使: char-cuiyanzeng → 空缺 (未知)
TerritoryStore.ts:227 [岗位变动] 扬州 刺史: char-cuiyanzeng → 空缺 (未知)
TerritoryStore.ts:227 [岗位变动] 山南西道 节度使: char-zhengcongdang → char-cuiyanzeng (由char-yizong任命)
TerritoryStore.ts:227 [岗位变动] 兴元 防御使: char-zhengcongdang → char-cuiyanzeng (由char-yizong任命)
TerritoryStore.ts:227 [岗位变动] 淮南道 观察使: 空缺 → char-ct-yushe (由char-yizong任命)
TerritoryStore.ts:227 [岗位变动] 扬州 刺史: 空缺 → char-ct-yushe (由char-yizong任命)
TerritoryStore.ts:227 [岗位变动] 河中 防御使: 空缺 → char-zhengcongdang (由char-yizong任命)
TerritoryStore.ts:227 [岗位变动] 河中 防御使: char-zhengcongdang → char-npc-zhenguo (由char-yizong任命)
