economySystem.ts:69 [国库月结] 净负 4 州：长安(钱93925/粮-87670) / 镇州(钱18503/粮-4554) / 魏州(钱18963/粮-21034) / 夏州(钱7636/粮-7441)
NpcStore.ts:83 [国库草拟] 提交 drafter=char-c → ruler=char-y entries=1 ['zhou-l→zhou-c grain:225105']
NpcStore.ts:83 [国库草拟] 提交 drafter=char-g → ruler=char-h entries=1 ['zhou-x→zhou-w grain:84921']
treasuryApproveBehavior.ts:159 [国库审批] ruler=唐懿宗(char-y) submissions=1 rate=91% roll=67 → ✓ 通过
NpcStore.ts:83 [国库草拟] 提交 drafter=char-c → ruler=char-y entries=1 ['zhou-l→zhou-c grain:225105']
treasuryApproveBehavior.ts:159 [国库审批] ruler=韩允中(char-h) submissions=1 rate=89% roll=56 → ✓ 通过
NpcStore.ts:83 [国库草拟] 提交 drafter=char-g → ruler=char-h entries=1 ['zhou-x→zhou-w grain:84921']
treasuryApproveBehavior.ts:159 [国库审批] ruler=唐懿宗(char-y) submissions=1 rate=91% roll=60 → ✓ 通过
treasuryApproveBehavior.ts:159 [国库审批] ruler=韩允中(char-h) submissions=1 rate=89% roll=75 → ✓ 通过
economySystem.ts:69 [国库月结] 净负 4 州：长安(钱98222/粮-78112) / 镇州(钱19109/粮-3324) / 魏州(钱19295/粮-16353) / 夏州(钱7788/粮-2135)
NpcStore.ts:83 [国库草拟] 提交 drafter=char-c → ruler=char-y entries=1 ['zhou-l→zhou-c grain:27558']
treasuryApproveBehavior.ts:159 [国库审批] ruler=唐懿宗(char-y) submissions=1 rate=91% roll=42 → ✓ 通过
NpcStore.ts:83 [国库草拟] 提交 drafter=char-c → ruler=char-y entries=1 ['zhou-l→zhou-c grain:27558']
treasuryApproveBehavior.ts:159 [国库审批] ruler=唐懿宗(char-y) submissions=1 rate=91% roll=67 → ✓ 通过
economySystem.ts:69 [国库月结] 净负 3 州：长安(钱102134/粮-69059) / 镇州(钱19661/粮-2190) / 魏州(钱19587/粮-13736)
NpcStore.ts:83 [国库草拟] 提交 drafter=char-c → ruler=char-y entries=1 ['zhou-l→zhou-c grain:29909']
treasuryApproveBehavior.ts:159 [国库审批] ruler=唐懿宗(char-y) submissions=1 rate=91% roll=15 → ✓ 通过
NpcStore.ts:83 [国库草拟] 提交 drafter=char-c → ruler=char-y entries=1 ['zhou-l→zhou-c grain:29909']
treasuryApproveBehavior.ts:159 [国库审批] ruler=唐懿宗(char-y) submissions=1 rate=91% roll=96 → ✕ 拒绝
economySystem.ts:69 [国库月结] 净负 3 州：长安(钱105984/粮-59608) / 镇州(钱20194/粮-1119) / 魏州(钱19877/粮-13153)
NpcStore.ts:83 [国库草拟] 提交 drafter=char-c → ruler=char-y entries=1 ['zhou-l→zhou-c grain:32152']
treasuryApproveBehavior.ts:159 [国库审批] ruler=唐懿宗(char-y) submissions=1 rate=91% roll=45 → ✓ 通过
NpcStore.ts:83 [国库草拟] 提交 drafter=char-c → ruler=char-y entries=1 ['zhou-l→zhou-c grain:32152']
treasuryApproveBehavior.ts:159 [国库审批] ruler=唐懿宗(char-y) submissions=1 rate=91% roll=87 → ✓ 通过
economySystem.ts:69 [国库月结] 净负 3 州：长安(钱109696/粮-49862) / 镇州(钱20681/粮-129) / 魏州(钱20136/粮-12619)
NpcStore.ts:83 [国库草拟] 提交 drafter=char-c → ruler=char-y entries=1 ['zhou-l→zhou-c grain:34283']
treasuryApproveBehavior.ts:159 [国库审批] ruler=唐懿宗(char-y) submissions=1 rate=91% roll=35 → ✓ 通过
NpcStore.ts:83 [国库草拟] 提交 drafter=char-c → ruler=char-y entries=1 ['zhou-l→zhou-c grain:34283']
treasuryApproveBehavior.ts:159 [国库审批] ruler=唐懿宗(char-y) submissions=1 rate=91% roll=78 → ✓ 通过
economySystem.ts:69 [国库月结] 净负 3 州：长安(钱113886/粮-40984) / 镇州(钱21110/粮-3271) / 魏州(钱20385/粮-12120)
NpcStore.ts:83 [国库草拟] 提交 drafter=char-c → ruler=char-y entries=1 ['zhou-l→zhou-c grain:36301']
treasuryApproveBehavior.ts:159 [国库审批] ruler=唐懿宗(char-y) submissions=1 rate=91% roll=32 → ✓ 通过
NpcStore.ts:83 [国库草拟] 提交 drafter=char-c → ruler=char-y entries=1 ['zhou-l→zhou-c grain:36301']
treasuryApproveBehavior.ts:159 [国库审批] ruler=唐懿宗(char-y) submissions=1 rate=91% roll=68 → ✓ 通过
economySystem.ts:69 [国库月结] 净负 3 州：长安(钱117023/粮-41148) / 镇州(钱21538/粮-2413) / 魏州(钱20615/粮-11660)
NpcStore.ts:83 [国库草拟] 提交 drafter=char-c → ruler=char-y entries=1 ['zhou-l→zhou-c grain:38146']
treasuryApproveBehavior.ts:159 [国库审批] ruler=唐懿宗(char-y) submissions=1 rate=91% roll=87 → ✓ 通过
NpcStore.ts:83 [国库草拟] 提交 drafter=char-c → ruler=char-y entries=1 ['zhou-l→zhou-c grain:35146']
treasuryApproveBehavior.ts:159 [国库审批] ruler=唐懿宗(char-y) submissions=1 rate=91% roll=78 → ✓ 通过
economySystem.ts:69 [国库月结] 净负 3 州：长安(钱120048/粮-37314) / 镇州(钱21936/粮-1619) / 魏州(钱21234/粮-11238)
NpcStore.ts:83 [国库草拟] 提交 drafter=char-c → ruler=char-y entries=1 ['zhou-l→zhou-c grain:39937']
treasuryApproveBehavior.ts:159 [国库审批] ruler=唐懿宗(char-y) submissions=1 rate=91% roll=37 → ✓ 通过
NpcStore.ts:83 [国库草拟] 提交 drafter=char-c → ruler=char-y entries=1 ['zhou-l→zhou-c grain:39937']
treasuryApproveBehavior.ts:159 [国库审批] ruler=唐懿宗(char-y) submissions=1 rate=91% roll=29 → ✓ 通过
NpcStore.ts:83 [国库草拟] 提交 drafter=char-g → ruler=char-h entries=1 ['zhou-x→zhou-w grain:24366']
treasuryApproveBehavior.ts:159 [国库审批] ruler=韩允中(char-h) submissions=1 rate=89% roll=1 → ✓ 通过
economySystem.ts:69 [国库月结] 净负 3 州：长安(钱123668/粮-33727) / 镇州(钱22303/粮-883) / 魏州(钱21428/粮-10849)
economySystem.ts:69 [国库月结] 净负 3 州：长安(钱126647/粮-30374) / 镇州(钱22644/粮-202) / 魏州(钱21607/粮-10492)
NpcStore.ts:83 [国库草拟] 提交 drafter=char-c → ruler=char-y entries=1 ['zhou-l→zhou-c grain:84815']
treasuryApproveBehavior.ts:159 [国库审批] ruler=唐懿宗(char-y) submissions=1 rate=91% roll=82 → ✓ 通过
NpcStore.ts:83 [国库草拟] 提交 drafter=char-g → ruler=char-h entries=1 ['zhou-x→zhou-w grain:14024']
treasuryApproveBehavior.ts:159 [国库审批] ruler=韩允中(char-h) submissions=1 rate=89% roll=97 → ✕ 拒绝
economySystem.ts:69 [国库月结] 净负 3 州：长安(钱129851/粮-26461) / 魏州(钱21772/粮-10163) / 定州(钱9480/粮-31540)
