treasuryDraftBehavior.ts:67 [国库草拟] 裴璩(char-c) → ruler=char-y urgency=2.2月 entries=1 ['zhou-l→zhou-c grain:225066']
treasuryDraftBehavior.ts:94 [国库草拟] ↑ weight=102.60000000000001 (urgency=100 +理性3 谨慎2 勤奋-3)
treasuryDraftBehavior.ts:67 [国库草拟] 张远恩(char-g) → ruler=char-y urgency=2.2月 entries=1 ['zhou-l→zhou-c grain:225066']
treasuryDraftBehavior.ts:94 [国库草拟] ↑ weight=100 (urgency=100 +理性0 谨慎0 勤奋0)
treasuryDraftBehavior.ts:67 [国库草拟] 马远恩(char-g) → ruler=char-y urgency=2.2月 entries=1 ['zhou-l→zhou-c grain:225066']
treasuryDraftBehavior.ts:94 [国库草拟] ↑ weight=100 (urgency=100 +理性0 谨慎0 勤奋0)
treasuryDraftBehavior.ts:67 [国库草拟] 范远恩(char-g) → ruler=char-h urgency=4.4月 entries=1 ['zhou-x→zhou-w grain:84921']
treasuryDraftBehavior.ts:94 [国库草拟] ↑ weight=60 (urgency=60 +理性0 谨慎0 勤奋0)
treasuryDraftBehavior.ts:67 [国库草拟] 石远恩(char-g) → ruler=char-h urgency=4.4月 entries=1 ['zhou-x→zhou-w grain:84921']
treasuryDraftBehavior.ts:94 [国库草拟] ↑ weight=60 (urgency=60 +理性0 谨慎0 勤奋0)
treasuryDraftBehavior.ts:67 [国库草拟] 李远恩(char-g) → ruler=char-y urgency=2.2月 entries=1 ['zhou-l→zhou-c grain:225066']
treasuryDraftBehavior.ts:94 [国库草拟] ↑ weight=100 (urgency=100 +理性0 谨慎0 勤奋0)
treasuryDraftBehavior.ts:67 [国库草拟] 韩远恩(char-g) → ruler=char-y urgency=2.2月 entries=1 ['zhou-l→zhou-c grain:225066']
treasuryDraftBehavior.ts:94 [国库草拟] ↑ weight=100 (urgency=100 +理性0 谨慎0 勤奋0)
treasuryDraftBehavior.ts:67 [国库草拟] 袁远恩(char-g) → ruler=char-h urgency=4.4月 entries=1 ['zhou-x→zhou-w grain:84921']
treasuryDraftBehavior.ts:94 [国库草拟] ↑ weight=60 (urgency=60 +理性0 谨慎0 勤奋0)
treasuryDraftBehavior.ts:67 [国库草拟] 裴璩(char-c) → ruler=char-y urgency=2.2月 entries=1 ['zhou-l→zhou-c grain:225066']
treasuryDraftBehavior.ts:94 [国库草拟] ↑ weight=102.60000000000001 (urgency=100 +理性3 谨慎2 勤奋-3)
treasuryDraftBehavior.ts:67 [国库草拟] 张远恩(char-g) → ruler=char-y urgency=2.2月 entries=1 ['zhou-l→zhou-c grain:225066']
treasuryDraftBehavior.ts:94 [国库草拟] ↑ weight=100 (urgency=100 +理性0 谨慎0 勤奋0)
treasuryDraftBehavior.ts:67 [国库草拟] 马远恩(char-g) → ruler=char-y urgency=2.2月 entries=1 ['zhou-l→zhou-c grain:225066']
treasuryDraftBehavior.ts:94 [国库草拟] ↑ weight=100 (urgency=100 +理性0 谨慎0 勤奋0)
treasuryDraftBehavior.ts:67 [国库草拟] 范远恩(char-g) → ruler=char-h urgency=4.4月 entries=1 ['zhou-x→zhou-w grain:84921']
treasuryDraftBehavior.ts:94 [国库草拟] ↑ weight=60 (urgency=60 +理性0 谨慎0 勤奋0)
treasuryDraftBehavior.ts:67 [国库草拟] 石远恩(char-g) → ruler=char-h urgency=4.4月 entries=1 ['zhou-x→zhou-w grain:84921']
treasuryDraftBehavior.ts:94 [国库草拟] ↑ weight=60 (urgency=60 +理性0 谨慎0 勤奋0)
treasuryDraftBehavior.ts:67 [国库草拟] 李远恩(char-g) → ruler=char-y urgency=2.2月 entries=1 ['zhou-l→zhou-c grain:225066']
treasuryDraftBehavior.ts:94 [国库草拟] ↑ weight=100 (urgency=100 +理性0 谨慎0 勤奋0)
treasuryDraftBehavior.ts:67 [国库草拟] 韩远恩(char-g) → ruler=char-y urgency=2.2月 entries=1 ['zhou-l→zhou-c grain:225066']
treasuryDraftBehavior.ts:94 [国库草拟] ↑ weight=100 (urgency=100 +理性0 谨慎0 勤奋0)
treasuryDraftBehavior.ts:67 [国库草拟] 袁远恩(char-g) → ruler=char-h urgency=4.4月 entries=1 ['zhou-x→zhou-w grain:84921']
treasuryDraftBehavior.ts:94 [国库草拟] ↑ weight=60 (urgency=60 +理性0 谨慎0 勤奋0)
treasuryDraftBehavior.ts:67 [国库草拟] 裴璩(char-c) → ruler=char-y urgency=2.2月 entries=1 ['zhou-l→zhou-c grain:225066']
treasuryDraftBehavior.ts:94 [国库草拟] ↑ weight=102.60000000000001 (urgency=100 +理性3 谨慎2 勤奋-3)
treasuryDraftBehavior.ts:67 [国库草拟] 张远恩(char-g) → ruler=char-y urgency=2.2月 entries=1 ['zhou-l→zhou-c grain:225066']
treasuryDraftBehavior.ts:94 [国库草拟] ↑ weight=100 (urgency=100 +理性0 谨慎0 勤奋0)
treasuryDraftBehavior.ts:67 [国库草拟] 马远恩(char-g) → ruler=char-y urgency=2.2月 entries=1 ['zhou-l→zhou-c grain:225066']
treasuryDraftBehavior.ts:94 [国库草拟] ↑ weight=100 (urgency=100 +理性0 谨慎0 勤奋0)
treasuryDraftBehavior.ts:67 [国库草拟] 范远恩(char-g) → ruler=char-h urgency=4.4月 entries=1 ['zhou-x→zhou-w grain:84921']
treasuryDraftBehavior.ts:94 [国库草拟] ↑ weight=60 (urgency=60 +理性0 谨慎0 勤奋0)
treasuryDraftBehavior.ts:67 [国库草拟] 石远恩(char-g) → ruler=char-h urgency=4.4月 entries=1 ['zhou-x→zhou-w grain:84921']
treasuryDraftBehavior.ts:94 [国库草拟] ↑ weight=60 (urgency=60 +理性0 谨慎0 勤奋0)
treasuryDraftBehavior.ts:67 [国库草拟] 李远恩(char-g) → ruler=char-y urgency=2.2月 entries=1 ['zhou-l→zhou-c grain:225066']
treasuryDraftBehavior.ts:94 [国库草拟] ↑ weight=100 (urgency=100 +理性0 谨慎0 勤奋0)
treasuryDraftBehavior.ts:67 [国库草拟] 韩远恩(char-g) → ruler=char-y urgency=2.2月 entries=1 ['zhou-l→zhou-c grain:225066']
treasuryDraftBehavior.ts:94 [国库草拟] ↑ weight=100 (urgency=100 +理性0 谨慎0 勤奋0)
treasuryDraftBehavior.ts:67 [国库草拟] 袁远恩(char-g) → ruler=char-h urgency=4.4月 entries=1 ['zhou-x→zhou-w grain:84921']
treasuryDraftBehavior.ts:94 [国库草拟] ↑ weight=60 (urgency=60 +理性0 谨慎0 勤奋0)
treasuryDraftBehavior.ts:67 [国库草拟] 裴璩(char-c) → ruler=char-y urgency=2.2月 entries=1 ['zhou-l→zhou-c grain:225066']
treasuryDraftBehavior.ts:94 [国库草拟] ↑ weight=102.60000000000001 (urgency=100 +理性3 谨慎2 勤奋-3)
treasuryDraftBehavior.ts:67 [国库草拟] 张远恩(char-g) → ruler=char-y urgency=2.2月 entries=1 ['zhou-l→zhou-c grain:225066']
treasuryDraftBehavior.ts:94 [国库草拟] ↑ weight=100 (urgency=100 +理性0 谨慎0 勤奋0)
treasuryDraftBehavior.ts:67 [国库草拟] 马远恩(char-g) → ruler=char-y urgency=2.2月 entries=1 ['zhou-l→zhou-c grain:225066']
treasuryDraftBehavior.ts:94 [国库草拟] ↑ weight=100 (urgency=100 +理性0 谨慎0 勤奋0)
treasuryDraftBehavior.ts:67 [国库草拟] 范远恩(char-g) → ruler=char-h urgency=4.4月 entries=1 ['zhou-x→zhou-w grain:84921']
treasuryDraftBehavior.ts:94 [国库草拟] ↑ weight=60 (urgency=60 +理性0 谨慎0 勤奋0)
treasuryDraftBehavior.ts:67 [国库草拟] 石远恩(char-g) → ruler=char-h urgency=4.4月 entries=1 ['zhou-x→zhou-w grain:84921']
treasuryDraftBehavior.ts:94 [国库草拟] ↑ weight=60 (urgency=60 +理性0 谨慎0 勤奋0)
treasuryDraftBehavior.ts:67 [国库草拟] 李远恩(char-g) → ruler=char-y urgency=2.2月 entries=1 ['zhou-l→zhou-c grain:225066']
treasuryDraftBehavior.ts:94 [国库草拟] ↑ weight=100 (urgency=100 +理性0 谨慎0 勤奋0)
treasuryDraftBehavior.ts:67 [国库草拟] 韩远恩(char-g) → ruler=char-y urgency=2.2月 entries=1 ['zhou-l→zhou-c grain:225066']
treasuryDraftBehavior.ts:94 [国库草拟] ↑ weight=100 (urgency=100 +理性0 谨慎0 勤奋0)
treasuryDraftBehavior.ts:67 [国库草拟] 袁远恩(char-g) → ruler=char-h urgency=4.4月 entries=1 ['zhou-x→zhou-w grain:84921']
treasuryDraftBehavior.ts:94 [国库草拟] ↑ weight=60 (urgency=60 +理性0 谨慎0 勤奋0)
treasuryDraftBehavior.ts:67 [国库草拟] 裴璩(char-c) → ruler=char-y urgency=2.2月 entries=1 ['zhou-l→zhou-c grain:225066']
treasuryDraftBehavior.ts:94 [国库草拟] ↑ weight=102.60000000000001 (urgency=100 +理性3 谨慎2 勤奋-3)
treasuryDraftBehavior.ts:67 [国库草拟] 张远恩(char-g) → ruler=char-y urgency=2.2月 entries=1 ['zhou-l→zhou-c grain:225066']
treasuryDraftBehavior.ts:94 [国库草拟] ↑ weight=100 (urgency=100 +理性0 谨慎0 勤奋0)
treasuryDraftBehavior.ts:67 [国库草拟] 马远恩(char-g) → ruler=char-y urgency=2.2月 entries=1 ['zhou-l→zhou-c grain:225066']
treasuryDraftBehavior.ts:94 [国库草拟] ↑ weight=100 (urgency=100 +理性0 谨慎0 勤奋0)
treasuryDraftBehavior.ts:67 [国库草拟] 范远恩(char-g) → ruler=char-h urgency=4.4月 entries=1 ['zhou-x→zhou-w grain:84921']
treasuryDraftBehavior.ts:94 [国库草拟] ↑ weight=60 (urgency=60 +理性0 谨慎0 勤奋0)
treasuryDraftBehavior.ts:67 [国库草拟] 石远恩(char-g) → ruler=char-h urgency=4.4月 entries=1 ['zhou-x→zhou-w grain:84921']
treasuryDraftBehavior.ts:94 [国库草拟] ↑ weight=60 (urgency=60 +理性0 谨慎0 勤奋0)
treasuryDraftBehavior.ts:67 [国库草拟] 李远恩(char-g) → ruler=char-y urgency=2.2月 entries=1 ['zhou-l→zhou-c grain:225066']
treasuryDraftBehavior.ts:94 [国库草拟] ↑ weight=100 (urgency=100 +理性0 谨慎0 勤奋0)
treasuryDraftBehavior.ts:67 [国库草拟] 韩远恩(char-g) → ruler=char-y urgency=2.2月 entries=1 ['zhou-l→zhou-c grain:225066']
treasuryDraftBehavior.ts:94 [国库草拟] ↑ weight=100 (urgency=100 +理性0 谨慎0 勤奋0)
treasuryDraftBehavior.ts:67 [国库草拟] 袁远恩(char-g) → ruler=char-h urgency=4.4月 entries=1 ['zhou-x→zhou-w grain:84921']
treasuryDraftBehavior.ts:94 [国库草拟] ↑ weight=60 (urgency=60 +理性0 谨慎0 勤奋0)
treasuryDraftBehavior.ts:67 [国库草拟] 裴璩(char-c) → ruler=char-y urgency=2.2月 entries=1 ['zhou-l→zhou-c grain:225066']
treasuryDraftBehavior.ts:94 [国库草拟] ↑ weight=102.60000000000001 (urgency=100 +理性3 谨慎2 勤奋-3)
treasuryDraftBehavior.ts:67 [国库草拟] 张远恩(char-g) → ruler=char-y urgency=2.2月 entries=1 ['zhou-l→zhou-c grain:225066']
treasuryDraftBehavior.ts:94 [国库草拟] ↑ weight=100 (urgency=100 +理性0 谨慎0 勤奋0)
treasuryDraftBehavior.ts:67 [国库草拟] 马远恩(char-g) → ruler=char-y urgency=2.2月 entries=1 ['zhou-l→zhou-c grain:225066']
treasuryDraftBehavior.ts:94 [国库草拟] ↑ weight=100 (urgency=100 +理性0 谨慎0 勤奋0)
treasuryDraftBehavior.ts:67 [国库草拟] 范远恩(char-g) → ruler=char-h urgency=4.4月 entries=1 ['zhou-x→zhou-w grain:84921']
treasuryDraftBehavior.ts:94 [国库草拟] ↑ weight=60 (urgency=60 +理性0 谨慎0 勤奋0)
treasuryDraftBehavior.ts:67 [国库草拟] 石远恩(char-g) → ruler=char-h urgency=4.4月 entries=1 ['zhou-x→zhou-w grain:84921']
treasuryDraftBehavior.ts:94 [国库草拟] ↑ weight=60 (urgency=60 +理性0 谨慎0 勤奋0)
treasuryDraftBehavior.ts:67 [国库草拟] 李远恩(char-g) → ruler=char-y urgency=2.2月 entries=1 ['zhou-l→zhou-c grain:225066']
treasuryDraftBehavior.ts:94 [国库草拟] ↑ weight=100 (urgency=100 +理性0 谨慎0 勤奋0)
treasuryDraftBehavior.ts:67 [国库草拟] 韩远恩(char-g) → ruler=char-y urgency=2.2月 entries=1 ['zhou-l→zhou-c grain:225066']
treasuryDraftBehavior.ts:94 [国库草拟] ↑ weight=100 (urgency=100 +理性0 谨慎0 勤奋0)
treasuryDraftBehavior.ts:67 [国库草拟] 袁远恩(char-g) → ruler=char-h urgency=4.4月 entries=1 ['zhou-x→zhou-w grain:84921']
treasuryDraftBehavior.ts:94 [国库草拟] ↑ weight=60 (urgency=60 +理性0 谨慎0 勤奋0)
treasuryDraftBehavior.ts:67 [国库草拟] 裴璩(char-c) → ruler=char-y urgency=2.2月 entries=1 ['zhou-l→zhou-c grain:225066']
treasuryDraftBehavior.ts:94 [国库草拟] ↑ weight=102.60000000000001 (urgency=100 +理性3 谨慎2 勤奋-3)
treasuryDraftBehavior.ts:67 [国库草拟] 张远恩(char-g) → ruler=char-y urgency=2.2月 entries=1 ['zhou-l→zhou-c grain:225066']
treasuryDraftBehavior.ts:94 [国库草拟] ↑ weight=100 (urgency=100 +理性0 谨慎0 勤奋0)
treasuryDraftBehavior.ts:67 [国库草拟] 马远恩(char-g) → ruler=char-y urgency=2.2月 entries=1 ['zhou-l→zhou-c grain:225066']
treasuryDraftBehavior.ts:94 [国库草拟] ↑ weight=100 (urgency=100 +理性0 谨慎0 勤奋0)
treasuryDraftBehavior.ts:67 [国库草拟] 范远恩(char-g) → ruler=char-h urgency=4.4月 entries=1 ['zhou-x→zhou-w grain:84921']
treasuryDraftBehavior.ts:94 [国库草拟] ↑ weight=60 (urgency=60 +理性0 谨慎0 勤奋0)
treasuryDraftBehavior.ts:67 [国库草拟] 石远恩(char-g) → ruler=char-h urgency=4.4月 entries=1 ['zhou-x→zhou-w grain:84921']
treasuryDraftBehavior.ts:94 [国库草拟] ↑ weight=60 (urgency=60 +理性0 谨慎0 勤奋0)
treasuryDraftBehavior.ts:67 [国库草拟] 李远恩(char-g) → ruler=char-y urgency=2.2月 entries=1 ['zhou-l→zhou-c grain:225066']
treasuryDraftBehavior.ts:94 [国库草拟] ↑ weight=100 (urgency=100 +理性0 谨慎0 勤奋0)
treasuryDraftBehavior.ts:67 [国库草拟] 韩远恩(char-g) → ruler=char-y urgency=2.2月 entries=1 ['zhou-l→zhou-c grain:225066']
treasuryDraftBehavior.ts:94 [国库草拟] ↑ weight=100 (urgency=100 +理性0 谨慎0 勤奋0)
treasuryDraftBehavior.ts:67 [国库草拟] 袁远恩(char-g) → ruler=char-h urgency=4.4月 entries=1 ['zhou-x→zhou-w grain:84921']
treasuryDraftBehavior.ts:94 [国库草拟] ↑ weight=60 (urgency=60 +理性0 谨慎0 勤奋0)
treasuryDraftBehavior.ts:67 [国库草拟] 裴璩(char-c) → ruler=char-y urgency=2.2月 entries=1 ['zhou-l→zhou-c grain:225066']
treasuryDraftBehavior.ts:94 [国库草拟] ↑ weight=102.60000000000001 (urgency=100 +理性3 谨慎2 勤奋-3)
treasuryDraftBehavior.ts:67 [国库草拟] 张远恩(char-g) → ruler=char-y urgency=2.2月 entries=1 ['zhou-l→zhou-c grain:225066']
treasuryDraftBehavior.ts:94 [国库草拟] ↑ weight=100 (urgency=100 +理性0 谨慎0 勤奋0)
treasuryDraftBehavior.ts:67 [国库草拟] 马远恩(char-g) → ruler=char-y urgency=2.2月 entries=1 ['zhou-l→zhou-c grain:225066']
treasuryDraftBehavior.ts:94 [国库草拟] ↑ weight=100 (urgency=100 +理性0 谨慎0 勤奋0)
treasuryDraftBehavior.ts:67 [国库草拟] 范远恩(char-g) → ruler=char-h urgency=4.4月 entries=1 ['zhou-x→zhou-w grain:84921']
treasuryDraftBehavior.ts:94 [国库草拟] ↑ weight=60 (urgency=60 +理性0 谨慎0 勤奋0)
treasuryDraftBehavior.ts:67 [国库草拟] 石远恩(char-g) → ruler=char-h urgency=4.4月 entries=1 ['zhou-x→zhou-w grain:84921']
treasuryDraftBehavior.ts:94 [国库草拟] ↑ weight=60 (urgency=60 +理性0 谨慎0 勤奋0)
treasuryDraftBehavior.ts:67 [国库草拟] 李远恩(char-g) → ruler=char-y urgency=2.2月 entries=1 ['zhou-l→zhou-c grain:225066']
treasuryDraftBehavior.ts:94 [国库草拟] ↑ weight=100 (urgency=100 +理性0 谨慎0 勤奋0)
treasuryDraftBehavior.ts:67 [国库草拟] 韩远恩(char-g) → ruler=char-y urgency=2.2月 entries=1 ['zhou-l→zhou-c grain:225066']
treasuryDraftBehavior.ts:94 [国库草拟] ↑ weight=100 (urgency=100 +理性0 谨慎0 勤奋0)
treasuryDraftBehavior.ts:67 [国库草拟] 袁远恩(char-g) → ruler=char-h urgency=4.4月 entries=1 ['zhou-x→zhou-w grain:84921']
treasuryDraftBehavior.ts:94 [国库草拟] ↑ weight=60 (urgency=60 +理性0 谨慎0 勤奋0)
treasuryDraftBehavior.ts:67 [国库草拟] 裴璩(char-c) → ruler=char-y urgency=2.2月 entries=1 ['zhou-l→zhou-c grain:225066']
treasuryDraftBehavior.ts:94 [国库草拟] ↑ weight=102.60000000000001 (urgency=100 +理性3 谨慎2 勤奋-3)
treasuryDraftBehavior.ts:67 [国库草拟] 张远恩(char-g) → ruler=char-y urgency=2.2月 entries=1 ['zhou-l→zhou-c grain:225066']
treasuryDraftBehavior.ts:94 [国库草拟] ↑ weight=100 (urgency=100 +理性0 谨慎0 勤奋0)
treasuryDraftBehavior.ts:67 [国库草拟] 马远恩(char-g) → ruler=char-y urgency=2.2月 entries=1 ['zhou-l→zhou-c grain:225066']
treasuryDraftBehavior.ts:94 [国库草拟] ↑ weight=100 (urgency=100 +理性0 谨慎0 勤奋0)
treasuryDraftBehavior.ts:67 [国库草拟] 范远恩(char-g) → ruler=char-h urgency=4.4月 entries=1 ['zhou-x→zhou-w grain:84921']
treasuryDraftBehavior.ts:94 [国库草拟] ↑ weight=60 (urgency=60 +理性0 谨慎0 勤奋0)
treasuryDraftBehavior.ts:67 [国库草拟] 石远恩(char-g) → ruler=char-h urgency=4.4月 entries=1 ['zhou-x→zhou-w grain:84921']
treasuryDraftBehavior.ts:94 [国库草拟] ↑ weight=60 (urgency=60 +理性0 谨慎0 勤奋0)
treasuryDraftBehavior.ts:67 [国库草拟] 李远恩(char-g) → ruler=char-y urgency=2.2月 entries=1 ['zhou-l→zhou-c grain:225066']
treasuryDraftBehavior.ts:94 [国库草拟] ↑ weight=100 (urgency=100 +理性0 谨慎0 勤奋0)
treasuryDraftBehavior.ts:67 [国库草拟] 韩远恩(char-g) → ruler=char-y urgency=2.2月 entries=1 ['zhou-l→zhou-c grain:225066']
treasuryDraftBehavior.ts:94 [国库草拟] ↑ weight=100 (urgency=100 +理性0 谨慎0 勤奋0)
treasuryDraftBehavior.ts:67 [国库草拟] 袁远恩(char-g) → ruler=char-h urgency=4.4月 entries=1 ['zhou-x→zhou-w grain:84921']
treasuryDraftBehavior.ts:94 [国库草拟] ↑ weight=60 (urgency=60 +理性0 谨慎0 勤奋0)
treasuryDraftBehavior.ts:67 [国库草拟] 裴璩(char-c) → ruler=char-y urgency=2.2月 entries=1 ['zhou-l→zhou-c grain:225066']
treasuryDraftBehavior.ts:94 [国库草拟] ↑ weight=102.60000000000001 (urgency=100 +理性3 谨慎2 勤奋-3)
treasuryDraftBehavior.ts:67 [国库草拟] 张远恩(char-g) → ruler=char-y urgency=2.2月 entries=1 ['zhou-l→zhou-c grain:225066']
treasuryDraftBehavior.ts:94 [国库草拟] ↑ weight=100 (urgency=100 +理性0 谨慎0 勤奋0)
treasuryDraftBehavior.ts:67 [国库草拟] 马远恩(char-g) → ruler=char-y urgency=2.2月 entries=1 ['zhou-l→zhou-c grain:225066']
treasuryDraftBehavior.ts:94 [国库草拟] ↑ weight=100 (urgency=100 +理性0 谨慎0 勤奋0)
treasuryDraftBehavior.ts:67 [国库草拟] 范远恩(char-g) → ruler=char-h urgency=4.4月 entries=1 ['zhou-x→zhou-w grain:84921']
treasuryDraftBehavior.ts:94 [国库草拟] ↑ weight=60 (urgency=60 +理性0 谨慎0 勤奋0)
treasuryDraftBehavior.ts:67 [国库草拟] 石远恩(char-g) → ruler=char-h urgency=4.4月 entries=1 ['zhou-x→zhou-w grain:84921']
treasuryDraftBehavior.ts:94 [国库草拟] ↑ weight=60 (urgency=60 +理性0 谨慎0 勤奋0)
treasuryDraftBehavior.ts:67 [国库草拟] 李远恩(char-g) → ruler=char-y urgency=2.2月 entries=1 ['zhou-l→zhou-c grain:225066']
treasuryDraftBehavior.ts:94 [国库草拟] ↑ weight=100 (urgency=100 +理性0 谨慎0 勤奋0)
treasuryDraftBehavior.ts:67 [国库草拟] 韩远恩(char-g) → ruler=char-y urgency=2.2月 entries=1 ['zhou-l→zhou-c grain:225066']
treasuryDraftBehavior.ts:94 [国库草拟] ↑ weight=100 (urgency=100 +理性0 谨慎0 勤奋0)
treasuryDraftBehavior.ts:67 [国库草拟] 袁远恩(char-g) → ruler=char-h urgency=4.4月 entries=1 ['zhou-x→zhou-w grain:84921']
treasuryDraftBehavior.ts:94 [国库草拟] ↑ weight=60 (urgency=60 +理性0 谨慎0 勤奋0)
treasuryDraftBehavior.ts:67 [国库草拟] 裴璩(char-c) → ruler=char-y urgency=2.2月 entries=1 ['zhou-l→zhou-c grain:225066']
treasuryDraftBehavior.ts:94 [国库草拟] ↑ weight=102.60000000000001 (urgency=100 +理性3 谨慎2 勤奋-3)
treasuryDraftBehavior.ts:67 [国库草拟] 张远恩(char-g) → ruler=char-y urgency=2.2月 entries=1 ['zhou-l→zhou-c grain:225066']
treasuryDraftBehavior.ts:94 [国库草拟] ↑ weight=100 (urgency=100 +理性0 谨慎0 勤奋0)
treasuryDraftBehavior.ts:67 [国库草拟] 马远恩(char-g) → ruler=char-y urgency=2.2月 entries=1 ['zhou-l→zhou-c grain:225066']
treasuryDraftBehavior.ts:94 [国库草拟] ↑ weight=100 (urgency=100 +理性0 谨慎0 勤奋0)
treasuryDraftBehavior.ts:67 [国库草拟] 范远恩(char-g) → ruler=char-h urgency=4.4月 entries=1 ['zhou-x→zhou-w grain:84921']
treasuryDraftBehavior.ts:94 [国库草拟] ↑ weight=60 (urgency=60 +理性0 谨慎0 勤奋0)
treasuryDraftBehavior.ts:67 [国库草拟] 石远恩(char-g) → ruler=char-h urgency=4.4月 entries=1 ['zhou-x→zhou-w grain:84921']
treasuryDraftBehavior.ts:94 [国库草拟] ↑ weight=60 (urgency=60 +理性0 谨慎0 勤奋0)
treasuryDraftBehavior.ts:67 [国库草拟] 李远恩(char-g) → ruler=char-y urgency=2.2月 entries=1 ['zhou-l→zhou-c grain:225066']
treasuryDraftBehavior.ts:94 [国库草拟] ↑ weight=100 (urgency=100 +理性0 谨慎0 勤奋0)
treasuryDraftBehavior.ts:67 [国库草拟] 韩远恩(char-g) → ruler=char-y urgency=2.2月 entries=1 ['zhou-l→zhou-c grain:225066']
treasuryDraftBehavior.ts:94 [国库草拟] ↑ weight=100 (urgency=100 +理性0 谨慎0 勤奋0)
treasuryDraftBehavior.ts:67 [国库草拟] 袁远恩(char-g) → ruler=char-h urgency=4.4月 entries=1 ['zhou-x→zhou-w grain:84921']
treasuryDraftBehavior.ts:94 [国库草拟] ↑ weight=60 (urgency=60 +理性0 谨慎0 勤奋0)
treasuryDraftBehavior.ts:67 [国库草拟] 张远恩(char-g) → ruler=char-y urgency=2.2月 entries=1 ['zhou-l→zhou-c grain:225066']
treasuryDraftBehavior.ts:94 [国库草拟] ↑ weight=100 (urgency=100 +理性0 谨慎0 勤奋0)
treasuryDraftBehavior.ts:101 [国库草拟] ✓ 张远恩 提交草案到 ruler=char-y（buffer 现 1 条）
treasuryDraftBehavior.ts:67 [国库草拟] 范远恩(char-g) → ruler=char-h urgency=4.4月 entries=1 ['zhou-x→zhou-w grain:84921']
treasuryDraftBehavior.ts:94 [国库草拟] ↑ weight=60 (urgency=60 +理性0 谨慎0 勤奋0)
treasuryDraftBehavior.ts:67 [国库草拟] 石远恩(char-g) → ruler=char-h urgency=4.4月 entries=1 ['zhou-x→zhou-w grain:84921']
treasuryDraftBehavior.ts:94 [国库草拟] ↑ weight=60 (urgency=60 +理性0 谨慎0 勤奋0)
treasuryDraftBehavior.ts:67 [国库草拟] 袁远恩(char-g) → ruler=char-h urgency=4.4月 entries=1 ['zhou-x→zhou-w grain:84921']
treasuryDraftBehavior.ts:94 [国库草拟] ↑ weight=60 (urgency=60 +理性0 谨慎0 勤奋0)
treasuryDraftBehavior.ts:67 [国库草拟] 范远恩(char-g) → ruler=char-h urgency=4.4月 entries=1 ['zhou-x→zhou-w grain:84921']
treasuryDraftBehavior.ts:94 [国库草拟] ↑ weight=60 (urgency=60 +理性0 谨慎0 勤奋0)
treasuryDraftBehavior.ts:67 [国库草拟] 石远恩(char-g) → ruler=char-h urgency=4.4月 entries=1 ['zhou-x→zhou-w grain:84921']
treasuryDraftBehavior.ts:94 [国库草拟] ↑ weight=60 (urgency=60 +理性0 谨慎0 勤奋0)
treasuryDraftBehavior.ts:67 [国库草拟] 袁远恩(char-g) → ruler=char-h urgency=4.4月 entries=1 ['zhou-x→zhou-w grain:84921']
treasuryDraftBehavior.ts:94 [国库草拟] ↑ weight=60 (urgency=60 +理性0 谨慎0 勤奋0)
treasuryDraftBehavior.ts:67 [国库草拟] 范远恩(char-g) → ruler=char-h urgency=4.4月 entries=1 ['zhou-x→zhou-w grain:84921']
treasuryDraftBehavior.ts:94 [国库草拟] ↑ weight=60 (urgency=60 +理性0 谨慎0 勤奋0)
treasuryDraftBehavior.ts:67 [国库草拟] 石远恩(char-g) → ruler=char-h urgency=4.4月 entries=1 ['zhou-x→zhou-w grain:84921']
treasuryDraftBehavior.ts:94 [国库草拟] ↑ weight=60 (urgency=60 +理性0 谨慎0 勤奋0)
treasuryDraftBehavior.ts:67 [国库草拟] 袁远恩(char-g) → ruler=char-h urgency=4.4月 entries=1 ['zhou-x→zhou-w grain:84921']
treasuryDraftBehavior.ts:94 [国库草拟] ↑ weight=60 (urgency=60 +理性0 谨慎0 勤奋0)
treasuryDraftBehavior.ts:67 [国库草拟] 范远恩(char-g) → ruler=char-h urgency=4.4月 entries=1 ['zhou-x→zhou-w grain:84921']
treasuryDraftBehavior.ts:94 [国库草拟] ↑ weight=60 (urgency=60 +理性0 谨慎0 勤奋0)
treasuryDraftBehavior.ts:67 [国库草拟] 石远恩(char-g) → ruler=char-h urgency=4.4月 entries=1 ['zhou-x→zhou-w grain:84921']
treasuryDraftBehavior.ts:94 [国库草拟] ↑ weight=60 (urgency=60 +理性0 谨慎0 勤奋0)
treasuryDraftBehavior.ts:67 [国库草拟] 袁远恩(char-g) → ruler=char-h urgency=4.4月 entries=1 ['zhou-x→zhou-w grain:84921']
treasuryDraftBehavior.ts:94 [国库草拟] ↑ weight=60 (urgency=60 +理性0 谨慎0 勤奋0)
treasuryDraftBehavior.ts:67 [国库草拟] 范远恩(char-g) → ruler=char-h urgency=4.4月 entries=1 ['zhou-x→zhou-w grain:84921']
treasuryDraftBehavior.ts:94 [国库草拟] ↑ weight=60 (urgency=60 +理性0 谨慎0 勤奋0)
treasuryDraftBehavior.ts:67 [国库草拟] 石远恩(char-g) → ruler=char-h urgency=4.4月 entries=1 ['zhou-x→zhou-w grain:84921']
treasuryDraftBehavior.ts:94 [国库草拟] ↑ weight=60 (urgency=60 +理性0 谨慎0 勤奋0)
treasuryDraftBehavior.ts:67 [国库草拟] 袁远恩(char-g) → ruler=char-h urgency=4.4月 entries=1 ['zhou-x→zhou-w grain:84921']
treasuryDraftBehavior.ts:94 [国库草拟] ↑ weight=60 (urgency=60 +理性0 谨慎0 勤奋0)
treasuryDraftBehavior.ts:67 [国库草拟] 范远恩(char-g) → ruler=char-h urgency=4.4月 entries=1 ['zhou-x→zhou-w grain:84921']
treasuryDraftBehavior.ts:94 [国库草拟] ↑ weight=60 (urgency=60 +理性0 谨慎0 勤奋0)
treasuryDraftBehavior.ts:67 [国库草拟] 石远恩(char-g) → ruler=char-h urgency=4.4月 entries=1 ['zhou-x→zhou-w grain:84921']
treasuryDraftBehavior.ts:94 [国库草拟] ↑ weight=60 (urgency=60 +理性0 谨慎0 勤奋0)
treasuryDraftBehavior.ts:67 [国库草拟] 袁远恩(char-g) → ruler=char-h urgency=4.4月 entries=1 ['zhou-x→zhou-w grain:84921']
treasuryDraftBehavior.ts:94 [国库草拟] ↑ weight=60 (urgency=60 +理性0 谨慎0 勤奋0)
treasuryDraftBehavior.ts:67 [国库草拟] 范远恩(char-g) → ruler=char-h urgency=4.4月 entries=1 ['zhou-x→zhou-w grain:84921']
treasuryDraftBehavior.ts:94 [国库草拟] ↑ weight=60 (urgency=60 +理性0 谨慎0 勤奋0)
treasuryDraftBehavior.ts:67 [国库草拟] 石远恩(char-g) → ruler=char-h urgency=4.4月 entries=1 ['zhou-x→zhou-w grain:84921']
treasuryDraftBehavior.ts:94 [国库草拟] ↑ weight=60 (urgency=60 +理性0 谨慎0 勤奋0)
treasuryDraftBehavior.ts:67 [国库草拟] 袁远恩(char-g) → ruler=char-h urgency=4.4月 entries=1 ['zhou-x→zhou-w grain:84921']
treasuryDraftBehavior.ts:94 [国库草拟] ↑ weight=60 (urgency=60 +理性0 谨慎0 勤奋0)
treasuryDraftBehavior.ts:67 [国库草拟] 范远恩(char-g) → ruler=char-h urgency=4.4月 entries=1 ['zhou-x→zhou-w grain:84921']
treasuryDraftBehavior.ts:94 [国库草拟] ↑ weight=60 (urgency=60 +理性0 谨慎0 勤奋0)
treasuryDraftBehavior.ts:67 [国库草拟] 石远恩(char-g) → ruler=char-h urgency=4.4月 entries=1 ['zhou-x→zhou-w grain:84921']
treasuryDraftBehavior.ts:94 [国库草拟] ↑ weight=60 (urgency=60 +理性0 谨慎0 勤奋0)
treasuryDraftBehavior.ts:67 [国库草拟] 袁远恩(char-g) → ruler=char-h urgency=4.4月 entries=1 ['zhou-x→zhou-w grain:84921']
treasuryDraftBehavior.ts:94 [国库草拟] ↑ weight=60 (urgency=60 +理性0 谨慎0 勤奋0)
treasuryDraftBehavior.ts:67 [国库草拟] 范远恩(char-g) → ruler=char-h urgency=4.4月 entries=1 ['zhou-x→zhou-w grain:84921']
treasuryDraftBehavior.ts:94 [国库草拟] ↑ weight=60 (urgency=60 +理性0 谨慎0 勤奋0)
treasuryDraftBehavior.ts:67 [国库草拟] 石远恩(char-g) → ruler=char-h urgency=4.4月 entries=1 ['zhou-x→zhou-w grain:84921']
treasuryDraftBehavior.ts:94 [国库草拟] ↑ weight=60 (urgency=60 +理性0 谨慎0 勤奋0)
treasuryDraftBehavior.ts:67 [国库草拟] 袁远恩(char-g) → ruler=char-h urgency=4.4月 entries=1 ['zhou-x→zhou-w grain:84921']
treasuryDraftBehavior.ts:94 [国库草拟] ↑ weight=60 (urgency=60 +理性0 谨慎0 勤奋0)
treasuryDraftBehavior.ts:67 [国库草拟] 范远恩(char-g) → ruler=char-h urgency=4.4月 entries=1 ['zhou-x→zhou-w grain:84921']
treasuryDraftBehavior.ts:94 [国库草拟] ↑ weight=60 (urgency=60 +理性0 谨慎0 勤奋0)
treasuryDraftBehavior.ts:67 [国库草拟] 石远恩(char-g) → ruler=char-h urgency=4.4月 entries=1 ['zhou-x→zhou-w grain:84921']
treasuryDraftBehavior.ts:94 [国库草拟] ↑ weight=60 (urgency=60 +理性0 谨慎0 勤奋0)
treasuryDraftBehavior.ts:67 [国库草拟] 袁远恩(char-g) → ruler=char-h urgency=4.4月 entries=1 ['zhou-x→zhou-w grain:84921']
treasuryDraftBehavior.ts:94 [国库草拟] ↑ weight=60 (urgency=60 +理性0 谨慎0 勤奋0)
treasuryDraftBehavior.ts:67 [国库草拟] 范远恩(char-g) → ruler=char-h urgency=4.4月 entries=1 ['zhou-x→zhou-w grain:84921']
treasuryDraftBehavior.ts:94 [国库草拟] ↑ weight=60 (urgency=60 +理性0 谨慎0 勤奋0)
treasuryDraftBehavior.ts:67 [国库草拟] 石远恩(char-g) → ruler=char-h urgency=4.4月 entries=1 ['zhou-x→zhou-w grain:84921']
treasuryDraftBehavior.ts:94 [国库草拟] ↑ weight=60 (urgency=60 +理性0 谨慎0 勤奋0)
treasuryDraftBehavior.ts:67 [国库草拟] 袁远恩(char-g) → ruler=char-h urgency=4.4月 entries=1 ['zhou-x→zhou-w grain:84921']
treasuryDraftBehavior.ts:94 [国库草拟] ↑ weight=60 (urgency=60 +理性0 谨慎0 勤奋0)
treasuryDraftBehavior.ts:67 [国库草拟] 范远恩(char-g) → ruler=char-h urgency=4.4月 entries=1 ['zhou-x→zhou-w grain:84921']
treasuryDraftBehavior.ts:94 [国库草拟] ↑ weight=60 (urgency=60 +理性0 谨慎0 勤奋0)
treasuryDraftBehavior.ts:67 [国库草拟] 石远恩(char-g) → ruler=char-h urgency=4.4月 entries=1 ['zhou-x→zhou-w grain:84921']
treasuryDraftBehavior.ts:94 [国库草拟] ↑ weight=60 (urgency=60 +理性0 谨慎0 勤奋0)
treasuryDraftBehavior.ts:67 [国库草拟] 袁远恩(char-g) → ruler=char-h urgency=4.4月 entries=1 ['zhou-x→zhou-w grain:84921']
treasuryDraftBehavior.ts:94 [国库草拟] ↑ weight=60 (urgency=60 +理性0 谨慎0 勤奋0)
treasuryDraftBehavior.ts:67 [国库草拟] 范远恩(char-g) → ruler=char-h urgency=4.4月 entries=1 ['zhou-x→zhou-w grain:84921']
treasuryDraftBehavior.ts:94 [国库草拟] ↑ weight=60 (urgency=60 +理性0 谨慎0 勤奋0)
treasuryDraftBehavior.ts:67 [国库草拟] 石远恩(char-g) → ruler=char-h urgency=4.4月 entries=1 ['zhou-x→zhou-w grain:84921']
treasuryDraftBehavior.ts:94 [国库草拟] ↑ weight=60 (urgency=60 +理性0 谨慎0 勤奋0)
treasuryDraftBehavior.ts:67 [国库草拟] 袁远恩(char-g) → ruler=char-h urgency=4.4月 entries=1 ['zhou-x→zhou-w grain:84921']
treasuryDraftBehavior.ts:94 [国库草拟] ↑ weight=60 (urgency=60 +理性0 谨慎0 勤奋0)
treasuryDraftBehavior.ts:67 [国库草拟] 范远恩(char-g) → ruler=char-h urgency=4.4月 entries=1 ['zhou-x→zhou-w grain:84921']
treasuryDraftBehavior.ts:94 [国库草拟] ↑ weight=60 (urgency=60 +理性0 谨慎0 勤奋0)
treasuryDraftBehavior.ts:67 [国库草拟] 石远恩(char-g) → ruler=char-h urgency=4.4月 entries=1 ['zhou-x→zhou-w grain:84921']
treasuryDraftBehavior.ts:94 [国库草拟] ↑ weight=60 (urgency=60 +理性0 谨慎0 勤奋0)
treasuryDraftBehavior.ts:67 [国库草拟] 袁远恩(char-g) → ruler=char-h urgency=4.4月 entries=1 ['zhou-x→zhou-w grain:84921']
treasuryDraftBehavior.ts:94 [国库草拟] ↑ weight=60 (urgency=60 +理性0 谨慎0 勤奋0)
treasuryDraftBehavior.ts:67 [国库草拟] 石远恩(char-g) → ruler=char-h urgency=4.4月 entries=1 ['zhou-x→zhou-w grain:84921']
treasuryDraftBehavior.ts:94 [国库草拟] ↑ weight=60 (urgency=60 +理性0 谨慎0 勤奋0)
treasuryDraftBehavior.ts:101 [国库草拟] ✓ 石远恩 提交草案到 ruler=char-h（buffer 现 1 条）
