 [军编] 陕虢使：陕虢军 补将 → 陕虢使（military=10）
 [军编] 昭义使：昭义军 补将 → 昭义使（military=17）
 [军编] 义武使：义武军 补将 → 义武使（military=16）
 [军编] 宣武使：建军「汴州军」驻汴州
 [军编] 宣武使：汴州军 补将 → 宣武使（military=18）
 [军编] 义成使：义成军 补将 → 义成使（military=11）
 [军编] 天平使：天平军 补将 → 天平使（military=10）
 [军编] 泰宁使：泰宁军 补将 → 泰宁使（military=15）
 [军编] 武宁使：建军「徐州军」驻徐州
 [军编] 武宁使：徐州军 补将 → 武宁使（military=17）
 [军编] 平卢使：建军「青州军」驻青州
 [军编] 平卢使：青州军 补将 → 蔡远恩（military=17）
 [军编] 忠武使：忠武军 补将 → 忠武使（military=11）
 [军编] 奉国使：奉国军 补将 → 奉国使（military=16）
 [军编] 山南东使：山南东道军 补将 → 武昌使（military=16）
 [军编] 荆南使：荆南军 补将 → 荆南使（military=10）
 [军编] 武昌使：武昌军 补将 → 武昌使（military=16）
 [军编] 镇海使：镇海军 补将 → 温远恩（military=16）
 [军编] 镇东使：镇东军 补将 → 严远恩（military=17）
 [军编] 威武使：威武军 补将 → 威武使（military=15）
 [军编] 宣歙使：宣歙军 补将 → 王承恩（military=14）
 [军编] 镇南使：镇南军 补将 → 陈承恩（military=17）
 [军编] 湖南使：湖南军 补将 → 湖南使（military=10）
 [军编] 东川使：东川军 补将 → 东川使（military=11）
 [军编] 清海使：清海军 补将 → 高骈（military=30）
 [军编] 岭南西使：岭南西道军 补将 → 岭南西使（military=16）
 [军编] 静江使：静江军 补将 → 静江使（military=10）
 [军编] 静江使：财政裁营 静江军重步第营（strength=1000，净粮草=172）
 [军编] 天水使：天水军 补将 → 天水使（military=17）
 [皇帝AI] [任务生成] build [自愿(w=18)] data={"territoryId":"zhou-changan","slotIndex":0,"building":{"id":"building-market","name":"集市","description":"兴建集市，增加钱财收入","
 [皇帝AI] [自愿候选] maxActions=1, 候选=[build(18)]
 [皇帝AI] [跳过-自愿] build (weight=18, 骰子未通过)
 [皇帝AI] [任务生成] emperor-reassign [自愿(w=3.9000000000000004)] data={"territorialPostId":"post-fangyu-shanzhou","replacementId":"char-gen-84"}
 [皇帝AI] [自愿候选] maxActions=1, 候选=[emperor-reassign(3.9000000000000004)]
 [皇帝AI] [跳过-自愿] emperor-reassign (weight=3.9000000000000004, 骰子未通过)
 [皇帝AI] [任务生成] conscript [自愿(w=20.75)] data={"recruitableTerritories":[{"territoryId":"zhou-changan","available":3200},{"territoryId":"zhou-luoyang","available":213
 [皇帝AI] [任务生成] adjustOwnPolicy [自愿(w=7.1)] data={"postId":"post-guancha-jingji","territoryId":"dao-jingji","action":"grantAppointRight"}
 [皇帝AI] [自愿候选] maxActions=1, 候选=[conscript(20.75), adjustOwnPolicy(7.1)]
 [皇帝AI] [跳过-自愿] conscript (weight=20.75, 骰子未通过)
 [皇帝AI] [跳过-自愿] adjustOwnPolicy (weight=7.1, 骰子未通过)
 [皇帝AI] [任务生成] build [自愿(w=18)] data={"territoryId":"zhou-changan","slotIndex":0,"building":{"id":"building-market","name":"集市","description":"兴建集市，增加钱财收入","
 [皇帝AI] [自愿候选] maxActions=1, 候选=[build(18)]
 [皇帝AI] [执行-自愿] build (weight=18, chance=18%)
 [皇帝AI] [任务生成] emperor-reassign [自愿(w=3.9000000000000004)] data={"territorialPostId":"post-fangyu-shanzhou","replacementId":"char-gen-84"}
 [皇帝AI] [自愿候选] maxActions=1, 候选=[emperor-reassign(3.9000000000000004)]
 [皇帝AI] [跳过-自愿] emperor-reassign (weight=3.9000000000000004, 骰子未通过)
 [皇帝AI] [任务生成] conscript [自愿(w=20.75)] data={"recruitableTerritories":[{"territoryId":"zhou-changan","available":3200},{"territoryId":"zhou-luoyang","available":213
 [皇帝AI] [任务生成] adjustOwnPolicy [自愿(w=7.1)] data={"postId":"post-guancha-jingji","territoryId":"dao-jingji","action":"grantAppointRight"}
 [皇帝AI] [自愿候选] maxActions=1, 候选=[conscript(20.75), adjustOwnPolicy(7.1)]
 [皇帝AI] [跳过-自愿] conscript (weight=20.75, 骰子未通过)
 [皇帝AI] [跳过-自愿] adjustOwnPolicy (weight=7.1, 骰子未通过)
 [军编] 韩允中：财政裁营 魏博军重步第3营（strength=1000，净粮草=-1988）
 [军编] 韩允中：财政裁营 魏博军重步第4营（strength=1000，净粮草=12）
 [军编] 拓跋思恭：财政裁营 定难军轻骑第1营（strength=1000，净粮草=-1730）
 [军编] 拓跋思恭：财政裁营 定难军轻骑第2营（strength=1000，净粮草=470）
 [皇帝AI] [任务生成] build [自愿(w=18)] data={"territoryId":"zhou-luoyang","slotIndex":0,"building":{"id":"building-market","name":"集市","description":"兴建集市，增加钱财收入","
 [皇帝AI] [自愿候选] maxActions=1, 候选=[build(18)]
 [皇帝AI] [跳过-自愿] build (weight=18, 骰子未通过)
 [皇帝AI] [任务生成] emperor-reassign [自愿(w=3.9000000000000004)] data={"territorialPostId":"post-fangyu-shanzhou","replacementId":"char-gen-84"}
 [皇帝AI] [自愿候选] maxActions=1, 候选=[emperor-reassign(3.9000000000000004)]
 [皇帝AI] [跳过-自愿] emperor-reassign (weight=3.9000000000000004, 骰子未通过)
 [皇帝AI] [任务生成] conscript [自愿(w=20.75)] data={"recruitableTerritories":[{"territoryId":"zhou-changan","available":4000},{"territoryId":"zhou-luoyang","available":266
 [皇帝AI] [任务生成] adjustOwnPolicy [自愿(w=7.1)] data={"postId":"post-guancha-jingji","territoryId":"dao-jingji","action":"grantAppointRight"}
 [皇帝AI] [自愿候选] maxActions=1, 候选=[conscript(20.75), adjustOwnPolicy(7.1)]
 [皇帝AI] [跳过-自愿] conscript (weight=20.75, 骰子未通过)
 [皇帝AI] [跳过-自愿] adjustOwnPolicy (weight=7.1, 骰子未通过)
 [皇帝AI] [任务生成] build [自愿(w=18)] data={"territoryId":"zhou-luoyang","slotIndex":0,"building":{"id":"building-market","name":"集市","description":"兴建集市，增加钱财收入","
 [皇帝AI] [自愿候选] maxActions=1, 候选=[build(18)]
 [皇帝AI] [跳过-自愿] build (weight=18, 骰子未通过)
 [皇帝AI] [任务生成] emperor-reassign [自愿(w=3.9000000000000004)] data={"territorialPostId":"post-fangyu-shanzhou","replacementId":"char-gen-84"}
 [皇帝AI] [自愿候选] maxActions=1, 候选=[emperor-reassign(3.9000000000000004)]
 [皇帝AI] [跳过-自愿] emperor-reassign (weight=3.9000000000000004, 骰子未通过)
 [皇帝AI] [任务生成] conscript [自愿(w=20.75)] data={"recruitableTerritories":[{"territoryId":"zhou-changan","available":4000},{"territoryId":"zhou-luoyang","available":266
 [皇帝AI] [任务生成] adjustOwnPolicy [自愿(w=7.1)] data={"postId":"post-guancha-jingji","territoryId":"dao-jingji","action":"grantAppointRight"}
 [皇帝AI] [自愿候选] maxActions=1, 候选=[conscript(20.75), adjustOwnPolicy(7.1)]
 [皇帝AI] [跳过-自愿] conscript (weight=20.75, 骰子未通过)
 [皇帝AI] [跳过-自愿] adjustOwnPolicy (weight=7.1, 骰子未通过)
 [皇帝AI] [任务生成] build [自愿(w=18)] data={"territoryId":"zhou-luoyang","slotIndex":0,"building":{"id":"building-market","name":"集市","description":"兴建集市，增加钱财收入","
 [皇帝AI] [自愿候选] maxActions=1, 候选=[build(18)]
 [皇帝AI] [执行-自愿] build (weight=18, chance=18%)
 [皇帝AI] [任务生成] emperor-reassign [自愿(w=3.9000000000000004)] data={"territorialPostId":"post-fangyu-shanzhou","replacementId":"char-gen-84"}
 [皇帝AI] [自愿候选] maxActions=1, 候选=[emperor-reassign(3.9000000000000004)]
 [皇帝AI] [跳过-自愿] emperor-reassign (weight=3.9000000000000004, 骰子未通过)
 [皇帝AI] [任务生成] conscript [自愿(w=20.75)] data={"recruitableTerritories":[{"territoryId":"zhou-changan","available":4800},{"territoryId":"zhou-luoyang","available":320
 [皇帝AI] [任务生成] adjustOwnPolicy [自愿(w=7.1)] data={"postId":"post-guancha-jingji","territoryId":"dao-jingji","action":"grantAppointRight"}
 [皇帝AI] [自愿候选] maxActions=1, 候选=[conscript(20.75), adjustOwnPolicy(7.1)]
 [皇帝AI] [执行-自愿] conscript (weight=20.75, chance=21%)
 [战争] 宣战：王景崇 → 义武使（武力兼并）
 [皇帝AI] [任务生成] emperor-reassign [自愿(w=3.9000000000000004)] data={"territorialPostId":"post-fangyu-shanzhou","replacementId":"char-gen-84"}
 [皇帝AI] [自愿候选] maxActions=1, 候选=[emperor-reassign(3.9000000000000004)]
 [皇帝AI] [跳过-自愿] emperor-reassign (weight=3.9000000000000004, 骰子未通过)
 [皇帝AI] [任务生成] joinWar [自愿(w=18.9)] data={"warId":"daadbf5a-9422-49d4-8bad-7a3805784934","side":"attacker","vassalId":"char-wangjingchong"}
 [皇帝AI] [自愿候选] maxActions=1, 候选=[joinWar(18.9)]
 [皇帝AI] [执行-自愿] joinWar (weight=18.9, chance=19%)
 [皇帝AI] [forced触发] mobilize data={"wars":[{"id":"daadbf5a-9422-49d4-8bad-7a3805784934","attackerId":"char-wangjingchong","defenderId":"char-npc-yiwu","at
 [DEBUG-懿宗] 组建行营: warId=daadbf5a-9422-49d4-8bad-7a3805784934, 地点=长安, 军队=[神策军]
 [DEBUG-懿宗] 行营AI: 从长安出发, 目标=定州, 路径=[长安 → 同州 → 河中 → 太原 → 云州 → 幽州 → 定州]
 [皇帝AI] [任务生成] conscript [自愿(w=40.75)] data={"recruitableTerritories":[{"territoryId":"zhou-changan","available":3800},{"territoryId":"zhou-luoyang","available":220
 [皇帝AI] [任务生成] adjustOwnPolicy [自愿(w=7.1)] data={"postId":"post-guancha-jingji","territoryId":"dao-jingji","action":"grantAppointRight"}
 [皇帝AI] [自愿候选] maxActions=1, 候选=[conscript(40.75), adjustOwnPolicy(7.1)]
 [皇帝AI] [执行-自愿] conscript (weight=40.75, chance=41%)
 [政策] 清海使 → 高骈：赋税 一般(2) → 放任(1)
 [皇帝AI] [任务生成] conscript [自愿(w=40.75)] data={"recruitableTerritories":[{"territoryId":"zhou-changan","available":3598},{"territoryId":"zhou-luoyang","available":173
 [皇帝AI] [任务生成] adjustOwnPolicy [自愿(w=7.1)] data={"postId":"post-guancha-jingji","territoryId":"dao-jingji","action":"grantAppointRight"}
 [皇帝AI] [自愿候选] maxActions=1, 候选=[conscript(40.75), adjustOwnPolicy(7.1)]
 [皇帝AI] [跳过-自愿] conscript (weight=40.75, 骰子未通过)
 [皇帝AI] [跳过-自愿] adjustOwnPolicy (weight=7.1, 骰子未通过)
 [政策] 邠宁使 → 卢潘：赋税 一般(2) → 放任(1)
 [皇帝AI] [任务生成] conscript [自愿(w=40.75)] data={"recruitableTerritories":[{"territoryId":"zhou-changan","available":3598},{"territoryId":"zhou-luoyang","available":173
 [皇帝AI] [任务生成] adjustOwnPolicy [自愿(w=7.1)] data={"postId":"post-guancha-jingji","territoryId":"dao-jingji","action":"grantAppointRight"}
 [皇帝AI] [自愿候选] maxActions=1, 候选=[conscript(40.75), adjustOwnPolicy(7.1)]
 [皇帝AI] [跳过-自愿] conscript (weight=40.75, 骰子未通过)
 [皇帝AI] [跳过-自愿] adjustOwnPolicy (weight=7.1, 骰子未通过)
 [皇帝AI] [任务生成] conscript [自愿(w=40.75)] data={"recruitableTerritories":[{"territoryId":"zhou-changan","available":4396},{"territoryId":"zhou-luoyang","available":226
 [皇帝AI] [任务生成] adjustOwnPolicy [自愿(w=7.1)] data={"postId":"post-guancha-jingji","territoryId":"dao-jingji","action":"grantAppointRight"}
 [皇帝AI] [自愿候选] maxActions=1, 候选=[conscript(40.75), adjustOwnPolicy(7.1)]
 [皇帝AI] [执行-自愿] conscript (weight=40.75, chance=41%)
 [皇帝AI] [任务生成] conscript [自愿(w=40.75)] data={"recruitableTerritories":[{"territoryId":"zhou-changan","available":3396},{"territoryId":"zhou-luoyang","available":126
 [皇帝AI] [任务生成] adjustOwnPolicy [自愿(w=7.1)] data={"postId":"post-guancha-jingji","territoryId":"dao-jingji","action":"grantAppointRight"}
 [皇帝AI] [自愿候选] maxActions=1, 候选=[conscript(40.75), adjustOwnPolicy(7.1)]
 [皇帝AI] [跳过-自愿] conscript (weight=40.75, 骰子未通过)
 [皇帝AI] [跳过-自愿] adjustOwnPolicy (weight=7.1, 骰子未通过)
 [留后] 唐懿宗（京畿道观察使）指定留后：李儇
 [留后] 唐懿宗（长安刺史）指定留后：李儇
 [留后] 唐懿宗（都畿道观察使）指定留后：李儇
 [留后] 唐懿宗（洛阳刺史）指定留后：李儇
 [留后] 郑从谠（河东道节度使）指定留后：郑延球
 [留后] 张允伸（河北道·幽州节度使）指定留后：张简会
 [留后] 张允伸（幽州防御使）指定留后：张简会
 [留后] 张允伸（瀛州防御使）指定留后：张简会
 [留后] 王景崇（河北道·成德节度使）指定留后：王崇文
 [留后] 王景崇（镇州防御使）指定留后：王崇文
 [留后] 王景崇（冀州防御使）指定留后：王崇文
 [留后] 韩允中（河北道·魏博节度使）指定留后：韩君雄
 [留后] 韩允中（魏州防御使）指定留后：韩君雄
 [留后] 韩允中（相州防御使）指定留后：韩君雄
 [留后] 崔彦曾（淮南道观察使）指定留后：崔知和
 [留后] 刘潼（剑南道观察使）指定留后：无
 [留后] 萧邺（山南西道节度使）指定留后：无
 [留后] 李弘甫（陇右道节度使）指定留后：无
 [留后] 张淮深（河西道节度使）指定留后：无
 [留后] 邠宁使（关内道节度使）指定留后：无
 [留后] 宣武使（河南道观察使）指定留后：无
 [留后] 山南东使（山南东道观察使）指定留后：无
 [留后] 镇海使（江南东道观察使）指定留后：无
 [留后] 镇南使（江南西道观察使）指定留后：无
 [留后] 清海使（岭南道观察使）指定留后：无
 [岗位变动] 定州 防御使: char-npc-yiwu → char-wangjingchong (由char-wangjingchong任命)
 [战争] 结束：王景崇 vs 义武使（武力兼并）→ 王景崇获胜
 [皇帝AI] [任务生成] emperor-reassign [自愿(w=3.9000000000000004)] data={"territorialPostId":"post-fangyu-shanzhou","replacementId":"char-gen-84"}
 [皇帝AI] [自愿候选] maxActions=1, 候选=[emperor-reassign(3.9000000000000004)]
 [皇帝AI] [跳过-自愿] emperor-reassign (weight=3.9000000000000004, 骰子未通过)
 [皇帝AI] [forced触发] deploy-approve data={"entries":[{"armyId":"army-shence","fromLocationId":"zhou-youzhou","targetLocationId":"zhou-changan"}]}
 [DEBUG-懿宗] 组建行营: warId=调兵, 地点=幽州, 军队=[神策军]
 [皇帝AI] [任务生成] conscript [自愿(w=20.75)] data={"recruitableTerritories":[{"territoryId":"zhou-changan","available":4194},{"territoryId":"zhou-luoyang","available":179
 [皇帝AI] [任务生成] adjustOwnPolicy [自愿(w=7.1)] data={"postId":"post-guancha-jingji","territoryId":"dao-jingji","action":"grantAppointRight"}
 [皇帝AI] [自愿候选] maxActions=1, 候选=[conscript(20.75), adjustOwnPolicy(7.1)]
 [皇帝AI] [执行-自愿] conscript (weight=20.75, chance=21%)
 [皇帝AI] [任务生成] build [自愿(w=18)] data={"territoryId":"zhou-changan","slotIndex":0,"building":{"id":"building-market","name":"集市","description":"兴建集市，增加钱财收入","
 [皇帝AI] [自愿候选] maxActions=1, 候选=[build(18)]
 [皇帝AI] [执行-自愿] build (weight=18, chance=18%)
 [皇帝AI] [任务生成] emperor-reassign [自愿(w=3.9000000000000004)] data={"territorialPostId":"post-fangyu-shanzhou","replacementId":"char-gen-84"}
 [皇帝AI] [自愿候选] maxActions=1, 候选=[emperor-reassign(3.9000000000000004)]
 [皇帝AI] [跳过-自愿] emperor-reassign (weight=3.9000000000000004, 骰子未通过)
 [皇帝AI] [任务生成] conscript [自愿(w=20.75)] data={"recruitableTerritories":[{"territoryId":"zhou-changan","available":3194}],"armyIds":["army-shence"]}
 [皇帝AI] [任务生成] adjustOwnPolicy [自愿(w=7.1)] data={"postId":"post-guancha-jingji","territoryId":"dao-jingji","action":"grantAppointRight"}
 [皇帝AI] [自愿候选] maxActions=1, 候选=[conscript(20.75), adjustOwnPolicy(7.1)]
 [皇帝AI] [跳过-自愿] conscript (weight=20.75, 骰子未通过)
 [皇帝AI] [跳过-自愿] adjustOwnPolicy (weight=7.1, 骰子未通过)
 [皇帝AI] [任务生成] build [自愿(w=18)] data={"territoryId":"zhou-luoyang","slotIndex":0,"building":{"id":"building-market","name":"集市","description":"兴建集市，增加钱财收入","
 [皇帝AI] [自愿候选] maxActions=1, 候选=[build(18)]
 [皇帝AI] [跳过-自愿] build (weight=18, 骰子未通过)
 [皇帝AI] [任务生成] emperor-reassign [自愿(w=3.9000000000000004)] data={"territorialPostId":"post-fangyu-shanzhou","replacementId":"char-gen-84"}
 [皇帝AI] [自愿候选] maxActions=1, 候选=[emperor-reassign(3.9000000000000004)]
 [皇帝AI] [跳过-自愿] emperor-reassign (weight=3.9000000000000004, 骰子未通过)
 [皇帝AI] [任务生成] conscript [自愿(w=20.75)] data={"recruitableTerritories":[{"territoryId":"zhou-changan","available":3990},{"territoryId":"zhou-luoyang","available":132
 [皇帝AI] [任务生成] adjustOwnPolicy [自愿(w=7.1)] data={"postId":"post-guancha-jingji","territoryId":"dao-jingji","action":"grantAppointRight"}
 [皇帝AI] [自愿候选] maxActions=1, 候选=[conscript(20.75), adjustOwnPolicy(7.1)]
 [皇帝AI] [跳过-自愿] conscript (weight=20.75, 骰子未通过)
 [皇帝AI] [跳过-自愿] adjustOwnPolicy (weight=7.1, 骰子未通过)
 [皇帝AI] [任务生成] build [自愿(w=18)] data={"territoryId":"zhou-luoyang","slotIndex":0,"building":{"id":"building-market","name":"集市","description":"兴建集市，增加钱财收入","
 [皇帝AI] [自愿候选] maxActions=1, 候选=[build(18)]
 [皇帝AI] [执行-自愿] build (weight=18, chance=18%)
 [政策] 宣武使 → 义成使：赋税 一般(2) → 放任(1)
 [战争] 宣战：张允伸 → 王景崇（deJureClaim）
 [皇帝AI] [任务生成] emperor-reassign [自愿(w=3.9000000000000004)] data={"territorialPostId":"post-fangyu-shanzhou","replacementId":"char-gen-84"}
 [皇帝AI] [自愿候选] maxActions=1, 候选=[emperor-reassign(3.9000000000000004)]
 [皇帝AI] [跳过-自愿] emperor-reassign (weight=3.9000000000000004, 骰子未通过)
 [皇帝AI] [任务生成] conscript [自愿(w=20.75)] data={"recruitableTerritories":[{"territoryId":"zhou-changan","available":3990},{"territoryId":"zhou-luoyang","available":132
 [皇帝AI] [任务生成] adjustOwnPolicy [自愿(w=7.1)] data={"postId":"post-guancha-jingji","territoryId":"dao-jingji","action":"grantAppointRight"}
 [皇帝AI] [自愿候选] maxActions=1, 候选=[conscript(20.75), adjustOwnPolicy(7.1)]
 [皇帝AI] [跳过-自愿] conscript (weight=20.75, 骰子未通过)
 [皇帝AI] [跳过-自愿] adjustOwnPolicy (weight=7.1, 骰子未通过)
 [皇帝AI] [任务生成] emperor-reassign [自愿(w=3.9000000000000004)] data={"territorialPostId":"post-fangyu-shanzhou","replacementId":"char-gen-84"}
 [皇帝AI] [自愿候选] maxActions=1, 候选=[emperor-reassign(3.9000000000000004)]
 [皇帝AI] [跳过-自愿] emperor-reassign (weight=3.9000000000000004, 骰子未通过)
 [皇帝AI] [任务生成] conscript [自愿(w=20.75)] data={"recruitableTerritories":[{"territoryId":"zhou-changan","available":4787},{"territoryId":"zhou-luoyang","available":185
 [皇帝AI] [任务生成] adjustOwnPolicy [自愿(w=7.1)] data={"postId":"post-guancha-jingji","territoryId":"dao-jingji","action":"grantAppointRight"}
 [皇帝AI] [自愿候选] maxActions=1, 候选=[conscript(20.75), adjustOwnPolicy(7.1)]
 [皇帝AI] [跳过-自愿] conscript (weight=20.75, 骰子未通过)
 [皇帝AI] [跳过-自愿] adjustOwnPolicy (weight=7.1, 骰子未通过)
 [皇帝AI] [任务生成] emperor-reassign [自愿(w=3.9000000000000004)] data={"territorialPostId":"post-fangyu-shanzhou","replacementId":"char-gen-84"}
 [皇帝AI] [自愿候选] maxActions=1, 候选=[emperor-reassign(3.9000000000000004)]
 [皇帝AI] [跳过-自愿] emperor-reassign (weight=3.9000000000000004, 骰子未通过)
 [皇帝AI] [任务生成] conscript [自愿(w=20.75)] data={"recruitableTerritories":[{"territoryId":"zhou-changan","available":4787},{"territoryId":"zhou-luoyang","available":185
 [皇帝AI] [任务生成] adjustOwnPolicy [自愿(w=7.1)] data={"postId":"post-guancha-jingji","territoryId":"dao-jingji","action":"grantAppointRight"}
 [皇帝AI] [自愿候选] maxActions=1, 候选=[conscript(20.75), adjustOwnPolicy(7.1)]
 [皇帝AI] [跳过-自愿] conscript (weight=20.75, 骰子未通过)
 [皇帝AI] [跳过-自愿] adjustOwnPolicy (weight=7.1, 骰子未通过)
 [皇帝AI] [任务生成] build [自愿(w=18)] data={"territoryId":"zhou-changan","slotIndex":0,"building":{"id":"building-market","name":"集市","description":"兴建集市，增加钱财收入","
 [皇帝AI] [自愿候选] maxActions=1, 候选=[build(18)]
 [皇帝AI] [跳过-自愿] build (weight=18, 骰子未通过)
 [皇帝AI] [任务生成] emperor-reassign [自愿(w=3.9000000000000004)] data={"territorialPostId":"post-fangyu-shanzhou","replacementId":"char-gen-84"}
 [皇帝AI] [自愿候选] maxActions=1, 候选=[emperor-reassign(3.9000000000000004)]
 [皇帝AI] [跳过-自愿] emperor-reassign (weight=3.9000000000000004, 骰子未通过)
 [皇帝AI] [任务生成] conscript [自愿(w=20.75)] data={"recruitableTerritories":[{"territoryId":"zhou-changan","available":5584},{"territoryId":"zhou-luoyang","available":238
 [皇帝AI] [任务生成] adjustOwnPolicy [自愿(w=7.1)] data={"postId":"post-guancha-jingji","territoryId":"dao-jingji","action":"grantAppointRight"}
 [皇帝AI] [自愿候选] maxActions=1, 候选=[conscript(20.75), adjustOwnPolicy(7.1)]
 [皇帝AI] [跳过-自愿] conscript (weight=20.75, 骰子未通过)
 [皇帝AI] [跳过-自愿] adjustOwnPolicy (weight=7.1, 骰子未通过)
 [皇帝AI] [任务生成] build [自愿(w=18)] data={"territoryId":"zhou-changan","slotIndex":0,"building":{"id":"building-market","name":"集市","description":"兴建集市，增加钱财收入","
 [皇帝AI] [自愿候选] maxActions=1, 候选=[build(18)]
 [皇帝AI] [跳过-自愿] build (weight=18, 骰子未通过)
 [皇帝AI] [任务生成] emperor-reassign [自愿(w=3.9000000000000004)] data={"territorialPostId":"post-fangyu-shanzhou","replacementId":"char-gen-84"}
 [皇帝AI] [自愿候选] maxActions=1, 候选=[emperor-reassign(3.9000000000000004)]
 [皇帝AI] [跳过-自愿] emperor-reassign (weight=3.9000000000000004, 骰子未通过)
 [皇帝AI] [任务生成] conscript [自愿(w=20.75)] data={"recruitableTerritories":[{"territoryId":"zhou-changan","available":5584},{"territoryId":"zhou-luoyang","available":238
 [皇帝AI] [任务生成] adjustOwnPolicy [自愿(w=7.1)] data={"postId":"post-guancha-jingji","territoryId":"dao-jingji","action":"grantAppointRight"}
 [皇帝AI] [自愿候选] maxActions=1, 候选=[conscript(20.75), adjustOwnPolicy(7.1)]
 [皇帝AI] [跳过-自愿] conscript (weight=20.75, 骰子未通过)
 [皇帝AI] [跳过-自愿] adjustOwnPolicy (weight=7.1, 骰子未通过)
 [皇帝AI] [任务生成] build [自愿(w=18)] data={"territoryId":"zhou-changan","slotIndex":0,"building":{"id":"building-market","name":"集市","description":"兴建集市，增加钱财收入","
 [皇帝AI] [自愿候选] maxActions=1, 候选=[build(18)]
 [皇帝AI] [跳过-自愿] build (weight=18, 骰子未通过)
 [皇帝AI] [任务生成] emperor-reassign [自愿(w=3.9000000000000004)] data={"territorialPostId":"post-fangyu-shanzhou","replacementId":"char-gen-84"}
 [皇帝AI] [自愿候选] maxActions=1, 候选=[emperor-reassign(3.9000000000000004)]
 [皇帝AI] [跳过-自愿] emperor-reassign (weight=3.9000000000000004, 骰子未通过)
 [皇帝AI] [任务生成] conscript [自愿(w=20.75)] data={"recruitableTerritories":[{"territoryId":"zhou-changan","available":6380},{"territoryId":"zhou-luoyang","available":291
 [皇帝AI] [任务生成] adjustOwnPolicy [自愿(w=7.1)] data={"postId":"post-guancha-jingji","territoryId":"dao-jingji","action":"grantAppointRight"}
 [皇帝AI] [自愿候选] maxActions=1, 候选=[conscript(20.75), adjustOwnPolicy(7.1)]
 [皇帝AI] [跳过-自愿] conscript (weight=20.75, 骰子未通过)
 [皇帝AI] [跳过-自愿] adjustOwnPolicy (weight=7.1, 骰子未通过)
 [皇帝AI] [任务生成] build [自愿(w=18)] data={"territoryId":"zhou-changan","slotIndex":0,"building":{"id":"building-market","name":"集市","description":"兴建集市，增加钱财收入","
 [皇帝AI] [自愿候选] maxActions=1, 候选=[build(18)]
 [皇帝AI] [跳过-自愿] build (weight=18, 骰子未通过)
 [皇帝AI] [任务生成] emperor-reassign [自愿(w=3.9000000000000004)] data={"territorialPostId":"post-fangyu-shanzhou","replacementId":"char-gen-84"}
 [皇帝AI] [自愿候选] maxActions=1, 候选=[emperor-reassign(3.9000000000000004)]
 [皇帝AI] [跳过-自愿] emperor-reassign (weight=3.9000000000000004, 骰子未通过)
 [战争] 宣战：高骈 → 清海使（独立）
 [皇帝AI] [任务生成] joinWar [自愿(w=22.1)] data={"warId":"64eb5c88-d6d8-44ca-86c4-98754f375c00","side":"defender","vassalId":"char-npc-qinghai"}
 [皇帝AI] [自愿候选] maxActions=1, 候选=[joinWar(22.1)]
 [皇帝AI] [跳过-自愿] joinWar (weight=22.1, 骰子未通过)
 [皇帝AI] [任务生成] conscript [自愿(w=20.75)] data={"recruitableTerritories":[{"territoryId":"zhou-changan","available":6380},{"territoryId":"zhou-luoyang","available":291
 [皇帝AI] [任务生成] adjustOwnPolicy [自愿(w=7.1)] data={"postId":"post-guancha-jingji","territoryId":"dao-jingji","action":"grantAppointRight"}
 [皇帝AI] [自愿候选] maxActions=1, 候选=[conscript(20.75), adjustOwnPolicy(7.1)]
 [皇帝AI] [执行-自愿] conscript (weight=20.75, chance=21%)
 [皇帝AI] [任务生成] build [自愿(w=18)] data={"territoryId":"zhou-changan","slotIndex":0,"building":{"id":"building-market","name":"集市","description":"兴建集市，增加钱财收入","
 [皇帝AI] [自愿候选] maxActions=1, 候选=[build(18)]
 [皇帝AI] [执行-自愿] build (weight=18, chance=18%)
 In HTML, <button> cannot be a descendant of <button>.
This will cause a hydration error.

  <App>
    <GameLayout>
      <div className="w-screen h...">
        <ResourceBar>
        <div className="flex-1 fle...">
          <LeftPanel>
            <div className="w-[360px] ...">
              <CharacterPanel characterId="char-wangj...">
                <div className="flex flex-...">
                  <div>
                  <div>
                  <div>
                  <div className="shrink-0 b..." style={{height:"25%", ...}}>
                    <div>
                    <div className="flex-1 ove...">
                      <FamilyTab character={{id:"char-w...", ...}} characters={Map} onClickChar={function pushCharacter} ...>
                        <div className="space-y-1">
>                         <button
>                           className="w-full flex items-center justify-between px-2 py-1 rounded hover:bg-[var(--colo..."
>                           onClick={function onClick}
>                         >
                            <div>
                            <div className="flex items...">
                              <span>
>                             <button
>                               className="text-[10px] font-bold cursor-pointer hover:underline"
>                               style={{color:"var(--colo..."}}
>                               onClick={function onClick}
>                             >
          ...
        ...

validateDOMNesting @ react-dom_client.js?v=5fd3b264:1773
 <button> cannot contain a nested <button>.
See this log for the ancestor stack trace.
(anonymous) @ react-dom_client.js?v=5fd3b264:1775
 [皇帝AI] [任务生成] emperor-reassign [自愿(w=3.9000000000000004)] data={"territorialPostId":"post-fangyu-shanzhou","replacementId":"char-gen-84"}
 [皇帝AI] [自愿候选] maxActions=1, 候选=[emperor-reassign(3.9000000000000004)]
 [皇帝AI] [跳过-自愿] emperor-reassign (weight=3.9000000000000004, 骰子未通过)
 [皇帝AI] [任务生成] joinWar [自愿(w=22.1)] data={"warId":"64eb5c88-d6d8-44ca-86c4-98754f375c00","side":"defender","vassalId":"char-npc-qinghai"}
 [皇帝AI] [自愿候选] maxActions=1, 候选=[joinWar(22.1)]
 [皇帝AI] [跳过-自愿] joinWar (weight=22.1, 骰子未通过)
 [皇帝AI] [任务生成] conscript [自愿(w=20.75)] data={"recruitableTerritories":[{"territoryId":"zhou-changan","available":6176},{"territoryId":"zhou-luoyang","available":244
 [皇帝AI] [任务生成] adjustOwnPolicy [自愿(w=7.1)] data={"postId":"post-guancha-jingji","territoryId":"dao-jingji","action":"grantAppointRight"}
 [皇帝AI] [自愿候选] maxActions=1, 候选=[conscript(20.75), adjustOwnPolicy(7.1)]
 [皇帝AI] [跳过-自愿] conscript (weight=20.75, 骰子未通过)
 [皇帝AI] [跳过-自愿] adjustOwnPolicy (weight=7.1, 骰子未通过)
 [皇帝AI] [任务生成] build [自愿(w=18)] data={"territoryId":"zhou-luoyang","slotIndex":0,"building":{"id":"building-market","name":"集市","description":"兴建集市，增加钱财收入","
 [皇帝AI] [自愿候选] maxActions=1, 候选=[build(18)]
 [皇帝AI] [执行-自愿] build (weight=18, chance=18%)
 [政策] 宣武使 → 天平使：赋税 一般(2) → 放任(1)
 [皇帝AI] [任务生成] emperor-reassign [自愿(w=3.9000000000000004)] data={"territorialPostId":"post-fangyu-shanzhou","replacementId":"char-gen-84"}
 [皇帝AI] [自愿候选] maxActions=1, 候选=[emperor-reassign(3.9000000000000004)]
 [皇帝AI] [跳过-自愿] emperor-reassign (weight=3.9000000000000004, 骰子未通过)
 [皇帝AI] [任务生成] joinWar [自愿(w=22.1)] data={"warId":"64eb5c88-d6d8-44ca-86c4-98754f375c00","side":"defender","vassalId":"char-npc-qinghai"}
 [皇帝AI] [自愿候选] maxActions=1, 候选=[joinWar(22.1)]
 [皇帝AI] [跳过-自愿] joinWar (weight=22.1, 骰子未通过)
 [皇帝AI] [任务生成] conscript [自愿(w=20.75)] data={"recruitableTerritories":[{"territoryId":"zhou-changan","available":6176},{"territoryId":"zhou-luoyang","available":244
 [皇帝AI] [任务生成] adjustOwnPolicy [自愿(w=7.1)] data={"postId":"post-guancha-jingji","territoryId":"dao-jingji","action":"grantAppointRight"}
 [皇帝AI] [自愿候选] maxActions=1, 候选=[conscript(20.75), adjustOwnPolicy(7.1)]
 [皇帝AI] [跳过-自愿] conscript (weight=20.75, 骰子未通过)
 [皇帝AI] [跳过-自愿] adjustOwnPolicy (weight=7.1, 骰子未通过)
 [军编] 岭南西使：建军「邕州军」驻邕州
 [军编] 岭南西使：邕州军 补将 → 岭南西使（military=16）
 [自身政策] 高骈：交州 改为世袭
 [皇帝AI] [任务生成] emperor-reassign [自愿(w=3.9000000000000004)] data={"territorialPostId":"post-fangyu-shanzhou","replacementId":"char-gen-84"}
 [皇帝AI] [自愿候选] maxActions=1, 候选=[emperor-reassign(3.9000000000000004)]
 [皇帝AI] [跳过-自愿] emperor-reassign (weight=3.9000000000000004, 骰子未通过)
 [皇帝AI] [任务生成] joinWar [自愿(w=22.1)] data={"warId":"64eb5c88-d6d8-44ca-86c4-98754f375c00","side":"defender","vassalId":"char-npc-qinghai"}
 [皇帝AI] [自愿候选] maxActions=1, 候选=[joinWar(22.1)]
 [皇帝AI] [跳过-自愿] joinWar (weight=22.1, 骰子未通过)
 [皇帝AI] [任务生成] conscript [自愿(w=20.75)] data={"recruitableTerritories":[{"territoryId":"zhou-changan","available":6972},{"territoryId":"zhou-luoyang","available":297
 [皇帝AI] [任务生成] adjustOwnPolicy [自愿(w=7.1)] data={"postId":"post-guancha-jingji","territoryId":"dao-jingji","action":"grantAppointRight"}
 [皇帝AI] [自愿候选] maxActions=1, 候选=[conscript(20.75), adjustOwnPolicy(7.1)]
 [皇帝AI] [跳过-自愿] conscript (weight=20.75, 骰子未通过)
 [皇帝AI] [跳过-自愿] adjustOwnPolicy (weight=7.1, 骰子未通过)
 [皇帝AI] [任务生成] emperor-reassign [自愿(w=3.9000000000000004)] data={"territorialPostId":"post-fangyu-shanzhou","replacementId":"char-gen-84"}
 [皇帝AI] [自愿候选] maxActions=1, 候选=[emperor-reassign(3.9000000000000004)]
 [皇帝AI] [跳过-自愿] emperor-reassign (weight=3.9000000000000004, 骰子未通过)
 [皇帝AI] [任务生成] joinWar [自愿(w=22.1)] data={"warId":"64eb5c88-d6d8-44ca-86c4-98754f375c00","side":"defender","vassalId":"char-npc-qinghai"}
 [皇帝AI] [自愿候选] maxActions=1, 候选=[joinWar(22.1)]
 [皇帝AI] [跳过-自愿] joinWar (weight=22.1, 骰子未通过)
 [皇帝AI] [任务生成] conscript [自愿(w=20.75)] data={"recruitableTerritories":[{"territoryId":"zhou-changan","available":6972},{"territoryId":"zhou-luoyang","available":297
 [皇帝AI] [任务生成] adjustOwnPolicy [自愿(w=7.1)] data={"postId":"post-guancha-jingji","territoryId":"dao-jingji","action":"grantAppointRight"}
 [皇帝AI] [自愿候选] maxActions=1, 候选=[conscript(20.75), adjustOwnPolicy(7.1)]
 [皇帝AI] [执行-自愿] conscript (weight=20.75, chance=21%)
 [皇帝AI] [任务生成] emperor-reassign [自愿(w=3.9000000000000004)] data={"territorialPostId":"post-fangyu-shanzhou","replacementId":"char-gen-84"}
 [皇帝AI] [自愿候选] maxActions=1, 候选=[emperor-reassign(3.9000000000000004)]
 [皇帝AI] [跳过-自愿] emperor-reassign (weight=3.9000000000000004, 骰子未通过)
 [皇帝AI] [任务生成] joinWar [自愿(w=22.1)] data={"warId":"64eb5c88-d6d8-44ca-86c4-98754f375c00","side":"defender","vassalId":"char-npc-qinghai"}
 [皇帝AI] [自愿候选] maxActions=1, 候选=[joinWar(22.1)]
 [皇帝AI] [跳过-自愿] joinWar (weight=22.1, 骰子未通过)
 [皇帝AI] [任务生成] conscript [自愿(w=20.75)] data={"recruitableTerritories":[{"territoryId":"zhou-changan","available":6768},{"territoryId":"zhou-luoyang","available":250
 [皇帝AI] [任务生成] adjustOwnPolicy [自愿(w=7.1)] data={"postId":"post-guancha-jingji","territoryId":"dao-jingji","action":"grantAppointRight"}
 [皇帝AI] [自愿候选] maxActions=1, 候选=[conscript(20.75), adjustOwnPolicy(7.1)]
 [皇帝AI] [跳过-自愿] conscript (weight=20.75, 骰子未通过)
 [皇帝AI] [跳过-自愿] adjustOwnPolicy (weight=7.1, 骰子未通过)
 [皇帝AI] [任务生成] emperor-reassign [自愿(w=3.9000000000000004)] data={"territorialPostId":"post-fangyu-shanzhou","replacementId":"char-gen-84"}
 [皇帝AI] [自愿候选] maxActions=1, 候选=[emperor-reassign(3.9000000000000004)]
 [皇帝AI] [跳过-自愿] emperor-reassign (weight=3.9000000000000004, 骰子未通过)
 [皇帝AI] [任务生成] joinWar [自愿(w=22.1)] data={"warId":"64eb5c88-d6d8-44ca-86c4-98754f375c00","side":"defender","vassalId":"char-npc-qinghai"}
 [皇帝AI] [自愿候选] maxActions=1, 候选=[joinWar(22.1)]
 [皇帝AI] [执行-自愿] joinWar (weight=22.1, chance=22%)
 [皇帝AI] [任务生成] conscript [自愿(w=40.75)] data={"recruitableTerritories":[{"territoryId":"zhou-changan","available":6768},{"territoryId":"zhou-luoyang","available":250
 [皇帝AI] [任务生成] adjustOwnPolicy [自愿(w=7.1)] data={"postId":"post-guancha-jingji","territoryId":"dao-jingji","action":"grantAppointRight"}
 [皇帝AI] [自愿候选] maxActions=1, 候选=[conscript(40.75), adjustOwnPolicy(7.1)]
 [皇帝AI] [跳过-自愿] conscript (weight=40.75, 骰子未通过)
 [皇帝AI] [跳过-自愿] adjustOwnPolicy (weight=7.1, 骰子未通过)
 [军编] 静江使：建军「桂州军」驻桂州
 [军编] 静江使：桂州军 补将 → 静江使（military=10）
 [皇帝AI] [任务生成] mobilize [自愿(w=44)] data={"wars":[{"id":"64eb5c88-d6d8-44ca-86c4-98754f375c00","attackerId":"char-gaopian","defenderId":"char-npc-qinghai","attac
 [皇帝AI] [自愿候选] maxActions=1, 候选=[mobilize(44)]
 [皇帝AI] [跳过-自愿] mobilize (weight=44, 骰子未通过)
 [皇帝AI] [任务生成] withdrawWar [自愿(w=2.899999999999998)] data={"warId":"64eb5c88-d6d8-44ca-86c4-98754f375c00"}
 [皇帝AI] [自愿候选] maxActions=1, 候选=[withdrawWar(2.899999999999998)]
 [皇帝AI] [跳过-自愿] withdrawWar (weight=2.899999999999998, 骰子未通过)
 [皇帝AI] [任务生成] conscript [自愿(w=40.75)] data={"recruitableTerritories":[{"territoryId":"zhou-changan","available":7563},{"territoryId":"zhou-luoyang","available":302
 [皇帝AI] [任务生成] adjustOwnPolicy [自愿(w=7.1)] data={"postId":"post-guancha-jingji","territoryId":"dao-jingji","action":"grantAppointRight"}
 [皇帝AI] [自愿候选] maxActions=1, 候选=[conscript(40.75), adjustOwnPolicy(7.1)]
 [皇帝AI] [跳过-自愿] conscript (weight=40.75, 骰子未通过)
 [皇帝AI] [跳过-自愿] adjustOwnPolicy (weight=7.1, 骰子未通过)
 [皇帝AI] [任务生成] mobilize [自愿(w=44)] data={"wars":[{"id":"64eb5c88-d6d8-44ca-86c4-98754f375c00","attackerId":"char-gaopian","defenderId":"char-npc-qinghai","attac
 [皇帝AI] [自愿候选] maxActions=1, 候选=[mobilize(44)]
 [皇帝AI] [跳过-自愿] mobilize (weight=44, 骰子未通过)
 [皇帝AI] [任务生成] withdrawWar [自愿(w=2.899999999999998)] data={"warId":"64eb5c88-d6d8-44ca-86c4-98754f375c00"}
 [皇帝AI] [自愿候选] maxActions=1, 候选=[withdrawWar(2.899999999999998)]
 [皇帝AI] [跳过-自愿] withdrawWar (weight=2.899999999999998, 骰子未通过)
 [皇帝AI] [任务生成] conscript [自愿(w=40.75)] data={"recruitableTerritories":[{"territoryId":"zhou-changan","available":7563},{"territoryId":"zhou-luoyang","available":302
 [皇帝AI] [任务生成] adjustOwnPolicy [自愿(w=7.1)] data={"postId":"post-guancha-jingji","territoryId":"dao-jingji","action":"grantAppointRight"}
 [皇帝AI] [自愿候选] maxActions=1, 候选=[conscript(40.75), adjustOwnPolicy(7.1)]
 [皇帝AI] [执行-自愿] conscript (weight=40.75, chance=41%)
 [皇帝AI] [任务生成] mobilize [自愿(w=44)] data={"wars":[{"id":"64eb5c88-d6d8-44ca-86c4-98754f375c00","attackerId":"char-gaopian","defenderId":"char-npc-qinghai","attac
 [皇帝AI] [自愿候选] maxActions=1, 候选=[mobilize(44)]
 [皇帝AI] [跳过-自愿] mobilize (weight=44, 骰子未通过)
 [皇帝AI] [任务生成] withdrawWar [自愿(w=2.899999999999998)] data={"warId":"64eb5c88-d6d8-44ca-86c4-98754f375c00"}
 [皇帝AI] [自愿候选] maxActions=1, 候选=[withdrawWar(2.899999999999998)]
 [皇帝AI] [跳过-自愿] withdrawWar (weight=2.899999999999998, 骰子未通过)
 [皇帝AI] [任务生成] conscript [自愿(w=40.75)] data={"recruitableTerritories":[{"territoryId":"zhou-changan","available":7358},{"territoryId":"zhou-luoyang","available":255
 [皇帝AI] [任务生成] adjustOwnPolicy [自愿(w=7.1)] data={"postId":"post-guancha-jingji","territoryId":"dao-jingji","action":"grantAppointRight"}
 [皇帝AI] [自愿候选] maxActions=1, 候选=[conscript(40.75), adjustOwnPolicy(7.1)]
 [皇帝AI] [跳过-自愿] conscript (weight=40.75, 骰子未通过)
 [皇帝AI] [跳过-自愿] adjustOwnPolicy (weight=7.1, 骰子未通过)
 [政策] 宣武使 → 忠武使：赋税 一般(2) → 放任(1)
 [皇帝AI] [任务生成] mobilize [自愿(w=44)] data={"wars":[{"id":"64eb5c88-d6d8-44ca-86c4-98754f375c00","attackerId":"char-gaopian","defenderId":"char-npc-qinghai","attac
 [皇帝AI] [自愿候选] maxActions=1, 候选=[mobilize(44)]
 [皇帝AI] [执行-自愿] mobilize (weight=44, chance=44%)
 [DEBUG-懿宗] 组建行营: warId=64eb5c88-d6d8-44ca-86c4-98754f375c00, 地点=长安, 军队=[神策军]
 [DEBUG-懿宗] 行营AI: 从长安出发, 目标=交州, 路径=[长安 → 凤翔 → 兴元 → 襄州 → 鄂州 → 洪州 → 潭州 → 桂州 → 邕州 → 交州]
 [战争] 宣战：张允伸 → 平卢使（武力兼并）
 [皇帝AI] [任务生成] withdrawWar [自愿(w=2.899999999999998)] data={"warId":"64eb5c88-d6d8-44ca-86c4-98754f375c00"}
 [皇帝AI] [自愿候选] maxActions=1, 候选=[withdrawWar(2.899999999999998)]
 [皇帝AI] [跳过-自愿] withdrawWar (weight=2.899999999999998, 骰子未通过)
 [皇帝AI] [任务生成] joinWar [自愿(w=19.9)] data={"warId":"edc7e154-a640-42d4-ad28-4a1c563fbf4c","side":"attacker","vassalId":"char-zhangyunshen"}
 [皇帝AI] [自愿候选] maxActions=1, 候选=[joinWar(19.9)]
 [皇帝AI] [跳过-自愿] joinWar (weight=19.9, 骰子未通过)
 [皇帝AI] [任务生成] conscript [自愿(w=40.75)] data={"recruitableTerritories":[{"territoryId":"zhou-changan","available":7358},{"territoryId":"zhou-luoyang","available":255
 [皇帝AI] [任务生成] adjustOwnPolicy [自愿(w=7.1)] data={"postId":"post-guancha-jingji","territoryId":"dao-jingji","action":"grantAppointRight"}
 [皇帝AI] [自愿候选] maxActions=1, 候选=[conscript(40.75), adjustOwnPolicy(7.1)]
 [皇帝AI] [跳过-自愿] conscript (weight=40.75, 骰子未通过)
 [皇帝AI] [跳过-自愿] adjustOwnPolicy (weight=7.1, 骰子未通过)
 [军编] 王景崇：建军「定州军」驻定州
 [军编] 王景崇：定州军 补将 → 王崇文（military=23）
 [岗位变动] 定州 防御使: char-wangjingchong → char-zhangyunshen (由char-zhangyunshen任命)
 [战争] 结束：张允伸 vs 王景崇（法理宣称）→ 张允伸获胜
 [皇帝AI] [任务生成] withdrawWar [自愿(w=2.899999999999998)] data={"warId":"64eb5c88-d6d8-44ca-86c4-98754f375c00"}
 [皇帝AI] [自愿候选] maxActions=1, 候选=[withdrawWar(2.899999999999998)]
 [皇帝AI] [跳过-自愿] withdrawWar (weight=2.899999999999998, 骰子未通过)
 [皇帝AI] [任务生成] joinWar [自愿(w=19.9)] data={"warId":"edc7e154-a640-42d4-ad28-4a1c563fbf4c","side":"attacker","vassalId":"char-zhangyunshen"}
 [皇帝AI] [自愿候选] maxActions=1, 候选=[joinWar(19.9)]
 [皇帝AI] [跳过-自愿] joinWar (weight=19.9, 骰子未通过)
 [皇帝AI] [任务生成] conscript [自愿(w=40.75)] data={"recruitableTerritories":[{"territoryId":"zhou-changan","available":8152},{"territoryId":"zhou-luoyang","available":308
 [皇帝AI] [任务生成] adjustOwnPolicy [自愿(w=7.1)] data={"postId":"post-guancha-jingji","territoryId":"dao-jingji","action":"grantAppointRight"}
 [皇帝AI] [自愿候选] maxActions=1, 候选=[conscript(40.75), adjustOwnPolicy(7.1)]
 [皇帝AI] [跳过-自愿] conscript (weight=40.75, 骰子未通过)
 [皇帝AI] [跳过-自愿] adjustOwnPolicy (weight=7.1, 骰子未通过)
 [政策] 邠宁使 → 同华使：赋税 一般(2) → 放任(1)
 [皇帝AI] [任务生成] withdrawWar [自愿(w=2.899999999999998)] data={"warId":"64eb5c88-d6d8-44ca-86c4-98754f375c00"}
 [皇帝AI] [自愿候选] maxActions=1, 候选=[withdrawWar(2.899999999999998)]
 [皇帝AI] [跳过-自愿] withdrawWar (weight=2.899999999999998, 骰子未通过)
 [皇帝AI] [任务生成] joinWar [自愿(w=19.9)] data={"warId":"edc7e154-a640-42d4-ad28-4a1c563fbf4c","side":"attacker","vassalId":"char-zhangyunshen"}
 [皇帝AI] [自愿候选] maxActions=1, 候选=[joinWar(19.9)]
 [皇帝AI] [跳过-自愿] joinWar (weight=19.9, 骰子未通过)
 [皇帝AI] [任务生成] conscript [自愿(w=40.75)] data={"recruitableTerritories":[{"territoryId":"zhou-changan","available":8152},{"territoryId":"zhou-luoyang","available":308
 [皇帝AI] [任务生成] adjustOwnPolicy [自愿(w=7.1)] data={"postId":"post-guancha-jingji","territoryId":"dao-jingji","action":"grantAppointRight"}
 [皇帝AI] [自愿候选] maxActions=1, 候选=[conscript(40.75), adjustOwnPolicy(7.1)]
 [皇帝AI] [跳过-自愿] conscript (weight=40.75, 骰子未通过)
 [皇帝AI] [跳过-自愿] adjustOwnPolicy (weight=7.1, 骰子未通过)
 [皇帝AI] [任务生成] withdrawWar [自愿(w=6.399999999999997)] data={"warId":"64eb5c88-d6d8-44ca-86c4-98754f375c00"}
 [皇帝AI] [自愿候选] maxActions=1, 候选=[withdrawWar(6.399999999999997)]
 [皇帝AI] [跳过-自愿] withdrawWar (weight=6.399999999999997, 骰子未通过)
 [皇帝AI] [任务生成] joinWar [自愿(w=19.9)] data={"warId":"edc7e154-a640-42d4-ad28-4a1c563fbf4c","side":"attacker","vassalId":"char-zhangyunshen"}
 [皇帝AI] [自愿候选] maxActions=1, 候选=[joinWar(19.9)]
 [皇帝AI] [跳过-自愿] joinWar (weight=19.9, 骰子未通过)
 [皇帝AI] [任务生成] conscript [自愿(w=40.75)] data={"recruitableTerritories":[{"territoryId":"zhou-changan","available":8947},{"territoryId":"zhou-luoyang","available":361
 [皇帝AI] [任务生成] adjustOwnPolicy [自愿(w=7.1)] data={"postId":"post-guancha-jingji","territoryId":"dao-jingji","action":"grantAppointRight"}
 [皇帝AI] [自愿候选] maxActions=1, 候选=[conscript(40.75), adjustOwnPolicy(7.1)]
 [皇帝AI] [跳过-自愿] conscript (weight=40.75, 骰子未通过)
 [皇帝AI] [执行-自愿] adjustOwnPolicy (weight=7.1, chance=7%)
 [自身政策] 唐懿宗：京畿道 授予辟署权
 [战争] 宣战：张允伸 → 李国昌（武力兼并）
 [皇帝AI] [任务生成] withdrawWar [自愿(w=6.399999999999997)] data={"warId":"64eb5c88-d6d8-44ca-86c4-98754f375c00"}
 [皇帝AI] [自愿候选] maxActions=1, 候选=[withdrawWar(6.399999999999997)]
 [皇帝AI] [跳过-自愿] withdrawWar (weight=6.399999999999997, 骰子未通过)
 [战争] 结束：高骈 vs 清海使（独立）→ 高骈获胜
 [皇帝AI] [任务生成] joinWar [自愿(w=18.9)] data={"warId":"edc7e154-a640-42d4-ad28-4a1c563fbf4c","side":"attacker","vassalId":"char-zhangyunshen"}
 [皇帝AI] [自愿候选] maxActions=1, 候选=[joinWar(18.9)]
 [皇帝AI] [执行-自愿] joinWar (weight=18.9, chance=19%)
 [皇帝AI] [forced触发] mobilize data={"wars":[{"id":"edc7e154-a640-42d4-ad28-4a1c563fbf4c","attackerId":"char-zhangyunshen","defenderId":"char-npc-pinglu","a
 [DEBUG-懿宗] 组建行营: warId=edc7e154-a640-42d4-ad28-4a1c563fbf4c, 地点=长安, 军队=[神策军]
 [皇帝AI] [任务生成] conscript [自愿(w=40.75)] data={"recruitableTerritories":[{"territoryId":"zhou-changan","available":8947},{"territoryId":"zhou-luoyang","available":361
 [皇帝AI] [任务生成] adjustOwnPolicy [自愿(w=7.1)] data={"postId":"post-cishi-changan","territoryId":"zhou-changan","action":"grantAppointRight"}
 [皇帝AI] [自愿候选] maxActions=1, 候选=[conscript(40.75), adjustOwnPolicy(7.1)]
 [皇帝AI] [跳过-自愿] conscript (weight=40.75, 骰子未通过)
 [皇帝AI] [跳过-自愿] adjustOwnPolicy (weight=7.1, 骰子未通过)
 [留后] 高骈（交州防御使）指定留后：无
 [军编] 清海使：建军「广州军」驻广州
 [军编] 清海使：广州军 补将 → 岭南西使（military=16）
 [皇帝AI] [任务生成] joinWar [自愿(w=18.9)] data={"warId":"d2ffb36d-9c69-47ee-9e20-997500d54c61","side":"attacker","vassalId":"char-zhangyunshen"}
 [皇帝AI] [自愿候选] maxActions=1, 候选=[joinWar(18.9)]
 [皇帝AI] [执行-自愿] joinWar (weight=18.9, chance=19%)
 [皇帝AI] [forced触发] mobilize data={"wars":[{"id":"d2ffb36d-9c69-47ee-9e20-997500d54c61","attackerId":"char-zhangyunshen","defenderId":"char-liguochang","a
 [皇帝AI] [forced触发] mobilize data={"wars":[{"id":"d2ffb36d-9c69-47ee-9e20-997500d54c61","attackerId":"char-zhangyunshen","defenderId":"char-liguochang","a
 [皇帝AI] [forced触发] mobilize data={"wars":[{"id":"d2ffb36d-9c69-47ee-9e20-997500d54c61","attackerId":"char-zhangyunshen","defenderId":"char-liguochang","a
 [皇帝AI] [任务生成] conscript [自愿(w=40.75)] data={"recruitableTerritories":[{"territoryId":"zhou-changan","available":9534},{"territoryId":"zhou-luoyang","available":414
 [皇帝AI] [任务生成] adjustOwnPolicy [自愿(w=7.1)] data={"postId":"post-cishi-changan","territoryId":"zhou-changan","action":"grantAppointRight"}
 [皇帝AI] [自愿候选] maxActions=1, 候选=[conscript(40.75), adjustOwnPolicy(7.1)]
 [皇帝AI] [跳过-自愿] conscript (weight=40.75, 骰子未通过)
 [皇帝AI] [跳过-自愿] adjustOwnPolicy (weight=7.1, 骰子未通过)
 [皇帝AI] [forced触发] mobilize data={"wars":[{"id":"d2ffb36d-9c69-47ee-9e20-997500d54c61","attackerId":"char-zhangyunshen","defenderId":"char-liguochang","a
 [DEBUG-懿宗] 行营AI: 从长安出发, 目标=青州, 路径=[长安 → 同州 → 陕州 → 洛阳 → 汴州 → 郓州 → 青州]
 [皇帝AI] [forced触发] mobilize data={"wars":[{"id":"d2ffb36d-9c69-47ee-9e20-997500d54c61","attackerId":"char-zhangyunshen","defenderId":"char-liguochang","a
 [皇帝AI] [forced触发] mobilize data={"wars":[{"id":"d2ffb36d-9c69-47ee-9e20-997500d54c61","attackerId":"char-zhangyunshen","defenderId":"char-liguochang","a
 [皇帝AI] [forced触发] mobilize data={"wars":[{"id":"d2ffb36d-9c69-47ee-9e20-997500d54c61","attackerId":"char-zhangyunshen","defenderId":"char-liguochang","a
 [皇帝AI] [forced触发] mobilize data={"wars":[{"id":"d2ffb36d-9c69-47ee-9e20-997500d54c61","attackerId":"char-zhangyunshen","defenderId":"char-liguochang","a
 [皇帝AI] [forced触发] mobilize data={"wars":[{"id":"d2ffb36d-9c69-47ee-9e20-997500d54c61","attackerId":"char-zhangyunshen","defenderId":"char-liguochang","a
 [皇帝AI] [forced触发] mobilize data={"wars":[{"id":"d2ffb36d-9c69-47ee-9e20-997500d54c61","attackerId":"char-zhangyunshen","defenderId":"char-liguochang","a
 [皇帝AI] [forced触发] mobilize data={"wars":[{"id":"d2ffb36d-9c69-47ee-9e20-997500d54c61","attackerId":"char-zhangyunshen","defenderId":"char-liguochang","a
 [皇帝AI] [forced触发] mobilize data={"wars":[{"id":"d2ffb36d-9c69-47ee-9e20-997500d54c61","attackerId":"char-zhangyunshen","defenderId":"char-liguochang","a
 [皇帝AI] [forced触发] mobilize data={"wars":[{"id":"d2ffb36d-9c69-47ee-9e20-997500d54c61","attackerId":"char-zhangyunshen","defenderId":"char-liguochang","a
 [皇帝AI] [forced触发] mobilize data={"wars":[{"id":"d2ffb36d-9c69-47ee-9e20-997500d54c61","attackerId":"char-zhangyunshen","defenderId":"char-liguochang","a
 [皇帝AI] [forced触发] mobilize data={"wars":[{"id":"d2ffb36d-9c69-47ee-9e20-997500d54c61","attackerId":"char-zhangyunshen","defenderId":"char-liguochang","a
 [要求效忠] 清海使 → 高骈 | chance=21% → 失败
 [皇帝AI] [forced触发] mobilize data={"wars":[{"id":"d2ffb36d-9c69-47ee-9e20-997500d54c61","attackerId":"char-zhangyunshen","defenderId":"char-liguochang","a
 [皇帝AI] [forced触发] mobilize data={"wars":[{"id":"d2ffb36d-9c69-47ee-9e20-997500d54c61","attackerId":"char-zhangyunshen","defenderId":"char-liguochang","a
 [皇帝AI] [任务生成] conscript [自愿(w=40.75)] data={"recruitableTerritories":[{"territoryId":"zhou-changan","available":9534},{"territoryId":"zhou-luoyang","available":414
 [皇帝AI] [任务生成] adjustOwnPolicy [自愿(w=7.1)] data={"postId":"post-cishi-changan","territoryId":"zhou-changan","action":"grantAppointRight"}
 [皇帝AI] [自愿候选] maxActions=1, 候选=[conscript(40.75), adjustOwnPolicy(7.1)]
 [皇帝AI] [执行-自愿] conscript (weight=40.75, chance=41%)
 [皇帝AI] [forced触发] mobilize data={"wars":[{"id":"d2ffb36d-9c69-47ee-9e20-997500d54c61","attackerId":"char-zhangyunshen","defenderId":"char-liguochang","a
 [皇帝AI] [forced触发] mobilize data={"wars":[{"id":"d2ffb36d-9c69-47ee-9e20-997500d54c61","attackerId":"char-zhangyunshen","defenderId":"char-liguochang","a
 [皇帝AI] [forced触发] mobilize data={"wars":[{"id":"d2ffb36d-9c69-47ee-9e20-997500d54c61","attackerId":"char-zhangyunshen","defenderId":"char-liguochang","a
 [皇帝AI] [forced触发] mobilize data={"wars":[{"id":"d2ffb36d-9c69-47ee-9e20-997500d54c61","attackerId":"char-zhangyunshen","defenderId":"char-liguochang","a
 [岗位变动] 青州 防御使: char-npc-pinglu → char-zhangyunshen (由char-zhangyunshen任命)
 [战争] 结束：张允伸 vs 平卢使（武力兼并）→ 张允伸获胜
 [皇帝AI] [forced触发] mobilize data={"wars":[{"id":"d2ffb36d-9c69-47ee-9e20-997500d54c61","attackerId":"char-zhangyunshen","defenderId":"char-liguochang","a
 [DEBUG-懿宗] 组建行营: warId=d2ffb36d-9c69-47ee-9e20-997500d54c61, 地点=长安, 军队=[神策军]
 [自身政策] 张允伸：瀛州 授出前改为流官
 [岗位变动] 瀛州 防御使: char-zhangyunshen → char-zhang-jian (由char-zhangyunshen任命)
 [军编] 张简会：建军「瀛州军」驻瀛州
 [军编] 张简会：瀛州军 补将 → 张简会（military=19）
 [DEBUG-懿宗] 行营AI: 从长安出发, 目标=云州, 路径=[长安 → 同州 → 河中 → 太原 → 云州]
 [皇帝AI] [任务生成] conscript [自愿(w=40.75)] data={"recruitableTerritories":[{"territoryId":"zhou-changan","available":9327},{"territoryId":"zhou-luoyang","available":366
 [皇帝AI] [任务生成] adjustOwnPolicy [自愿(w=7.1)] data={"postId":"post-cishi-changan","territoryId":"zhou-changan","action":"grantAppointRight"}
 [皇帝AI] [自愿候选] maxActions=1, 候选=[conscript(40.75), adjustOwnPolicy(7.1)]
 [皇帝AI] [跳过-自愿] conscript (weight=40.75, 骰子未通过)
 [皇帝AI] [跳过-自愿] adjustOwnPolicy (weight=7.1, 骰子未通过)
 [皇帝AI] [任务生成] conscript [自愿(w=40.75)] data={"recruitableTerritories":[{"territoryId":"zhou-changan","available":9327},{"territoryId":"zhou-luoyang","available":366
 [皇帝AI] [任务生成] adjustOwnPolicy [自愿(w=7.1)] data={"postId":"post-cishi-changan","territoryId":"zhou-changan","action":"grantAppointRight"}
 [皇帝AI] [自愿候选] maxActions=1, 候选=[conscript(40.75), adjustOwnPolicy(7.1)]
 [皇帝AI] [执行-自愿] conscript (weight=40.75, chance=41%)
 [皇帝AI] [任务生成] conscript [自愿(w=40.75)] data={"recruitableTerritories":[{"territoryId":"zhou-changan","available":9120},{"territoryId":"zhou-luoyang","available":319
 [皇帝AI] [任务生成] adjustOwnPolicy [自愿(w=7.1)] data={"postId":"post-cishi-changan","territoryId":"zhou-changan","action":"grantAppointRight"}
 [皇帝AI] [自愿候选] maxActions=1, 候选=[conscript(40.75), adjustOwnPolicy(7.1)]
 [皇帝AI] [跳过-自愿] conscript (weight=40.75, 骰子未通过)
 [皇帝AI] [跳过-自愿] adjustOwnPolicy (weight=7.1, 骰子未通过)
 [战争] 宣战：岭南西使 → 清海使（独立）
 [DEBUG-懿宗] 行营AI: 从太原出发, 目标=云州, 路径=[太原 → 云州]
 [岗位变动] 云州 防御使: char-liguochang → char-zhangyunshen (由char-zhangyunshen任命)
 [战争] 结束：张允伸 vs 李国昌（武力兼并）→ 张允伸获胜
 [岗位变动] 定州 防御使: char-zhangyunshen → char-zhang-jian (由char-zhangyunshen任命)
 [皇帝AI] [任务生成] emperor-reassign [自愿(w=3.9000000000000004)] data={"territorialPostId":"post-jiedushi-hexi","replacementId":"char-gen-87"}
 [皇帝AI] [自愿候选] maxActions=1, 候选=[emperor-reassign(3.9000000000000004)]
 [皇帝AI] [执行-自愿] emperor-reassign (weight=3.9000000000000004, chance=4%)
 [调任] 唐懿宗 调任 张淮深 → 彭承恩（成功率 95%）→ 成功
 [岗位变动] 河西道 节度使: char-zhanghuaishen → 空缺 (未知)
 [岗位变动] 中央 户部郎中: char-gen-87 → 空缺 (未知)
 [岗位变动] 河西道 节度使: 空缺 → char-gen-87 (由char-yizong任命)
 [岗位变动] 沙州 防御使: char-zhanghuaishen → char-gen-87 (由char-yizong任命)
 [岗位变动] 中央 户部郎中: 空缺 → char-zhanghuaishen (由char-yizong任命)
 [战争] 宣战：高骈 → 岭南西使（武力兼并）
 [皇帝AI] [forced触发] deploy-approve data={"entries":[{"armyId":"army-shence","fromLocationId":"zhou-taiyuan","targetLocationId":"zhou-changan"}]}
 [DEBUG-懿宗] 组建行营: warId=调兵, 地点=太原, 军队=[神策军]
 [皇帝AI] [任务生成] joinWar [自愿(w=22.1)] data={"warId":"250f81af-20b0-4166-8c1b-172717eae484","side":"defender","vassalId":"char-npc-qinghai"}
 [皇帝AI] [自愿候选] maxActions=1, 候选=[joinWar(22.1)]
 [皇帝AI] [跳过-自愿] joinWar (weight=22.1, 骰子未通过)
 [皇帝AI] [任务生成] conscript [自愿(w=20.75)] data={"recruitableTerritories":[{"territoryId":"zhou-changan","available":9120},{"territoryId":"zhou-luoyang","available":319
 [皇帝AI] [任务生成] adjustOwnPolicy [自愿(w=7.1)] data={"postId":"post-cishi-changan","territoryId":"zhou-changan","action":"grantAppointRight"}
 [皇帝AI] [自愿候选] maxActions=1, 候选=[conscript(20.75), adjustOwnPolicy(7.1)]
 [皇帝AI] [跳过-自愿] conscript (weight=20.75, 骰子未通过)
 [皇帝AI] [执行-自愿] adjustOwnPolicy (weight=7.1, chance=7%)
 [自身政策] 唐懿宗：长安 授予辟署权
 [军编] 彭承恩：归义军 补将 → 彭承恩（military=17）
 [皇帝AI] [任务生成] emperor-reassign [自愿(w=3.9000000000000004)] data={"territorialPostId":"post-fangyu-shanzhou","replacementId":"char-gen-84"}
 [皇帝AI] [自愿候选] maxActions=1, 候选=[emperor-reassign(3.9000000000000004)]
 [皇帝AI] [跳过-自愿] emperor-reassign (weight=3.9000000000000004, 骰子未通过)
 [皇帝AI] [任务生成] joinWar [自愿(w=22.1)] data={"warId":"250f81af-20b0-4166-8c1b-172717eae484","side":"defender","vassalId":"char-npc-qinghai"}
 [皇帝AI] [自愿候选] maxActions=1, 候选=[joinWar(22.1)]
 [皇帝AI] [执行-自愿] joinWar (weight=22.1, chance=22%)
 [皇帝AI] [任务生成] conscript [自愿(w=40.75)] data={"recruitableTerritories":[{"territoryId":"zhou-changan","available":9514},{"territoryId":"zhou-luoyang","available":371
 [皇帝AI] [任务生成] adjustOwnPolicy [自愿(w=7.1)] data={"postId":"post-guancha-duji","territoryId":"dao-duji","action":"grantAppointRight"}
 [皇帝AI] [自愿候选] maxActions=1, 候选=[conscript(40.75), adjustOwnPolicy(7.1)]
 [皇帝AI] [跳过-自愿] conscript (weight=40.75, 骰子未通过)
 [皇帝AI] [跳过-自愿] adjustOwnPolicy (weight=7.1, 骰子未通过)
 [皇帝AI] [任务生成] mobilize [自愿(w=44)] data={"wars":[{"id":"250f81af-20b0-4166-8c1b-172717eae484","attackerId":"char-npc-lingnan-w","defenderId":"char-npc-qinghai",
 [皇帝AI] [自愿候选] maxActions=1, 候选=[mobilize(44)]
 [皇帝AI] [跳过-自愿] mobilize (weight=44, 骰子未通过)
 [皇帝AI] [任务生成] conscript [自愿(w=40.75)] data={"recruitableTerritories":[{"territoryId":"zhou-changan","available":9514},{"territoryId":"zhou-luoyang","available":371
 [皇帝AI] [任务生成] adjustOwnPolicy [自愿(w=7.1)] data={"postId":"post-guancha-duji","territoryId":"dao-duji","action":"grantAppointRight"}
 [皇帝AI] [自愿候选] maxActions=1, 候选=[conscript(40.75), adjustOwnPolicy(7.1)]
 [皇帝AI] [执行-自愿] conscript (weight=40.75, chance=41%)
 [岗位变动] 邕州 防御使: char-npc-lingnan-w → char-gaopian (由char-gaopian任命)
 [战争] 结束：高骈 vs 岭南西使（武力兼并）→ 高骈获胜
 [战争] 结束：岭南西使 vs 清海使（独立）→ 双方和谈
 [皇帝AI] [任务生成] emperor-reassign [自愿(w=3.9000000000000004)] data={"territorialPostId":"post-fangyu-shanzhou","replacementId":"char-gen-84"}
 [皇帝AI] [自愿候选] maxActions=1, 候选=[emperor-reassign(3.9000000000000004)]
 [皇帝AI] [跳过-自愿] emperor-reassign (weight=3.9000000000000004, 骰子未通过)
 [皇帝AI] [任务生成] conscript [自愿(w=20.75)] data={"recruitableTerritories":[{"territoryId":"zhou-changan","available":9306},{"territoryId":"zhou-luoyang","available":324
 [皇帝AI] [任务生成] adjustOwnPolicy [自愿(w=7.1)] data={"postId":"post-guancha-duji","territoryId":"dao-duji","action":"grantAppointRight"}
 [皇帝AI] [自愿候选] maxActions=1, 候选=[conscript(20.75), adjustOwnPolicy(7.1)]
 [皇帝AI] [执行-自愿] conscript (weight=20.75, chance=21%)
 [调任] 唐懿宗 调任 郑从谠 → 范承恩（成功率 95%）→ 成功
 [岗位变动] 河东道 节度使: char-zhengcongdang → 空缺 (未知)
 [岗位变动] 河中 防御使: char-zhengcongdang → 空缺 (未知)
 [岗位变动] 中央 兵部员外郎: char-gen-92 → 空缺 (未知)
 [岗位变动] 河东道 节度使: 空缺 → char-gen-92 (由char-yizong任命)
 [overlord变更/batch] 昭义使(char-npc) overlord: 郑从谠 → 范承恩
 [岗位变动] 太原 防御使: char-zhengcongdang → char-gen-92 (由char-yizong任命)
 [岗位变动] 河中 防御使: 空缺 → char-gen-92 (由char-yizong任命)
 [岗位变动] 中央 兵部员外郎: 空缺 → char-zhengcongdang (由char-yizong任命)
 [皇帝AI] [任务生成] emperor-reassign [自愿(w=3.9000000000000004)] data={"territorialPostId":"post-fangyu-shanzhou","replacementId":"char-gen-84"}
 [皇帝AI] [自愿候选] maxActions=1, 候选=[emperor-reassign(3.9000000000000004)]
 [皇帝AI] [跳过-自愿] emperor-reassign (weight=3.9000000000000004, 骰子未通过)
 [战争] 宣战：静江使 → 清海使（独立）
 [皇帝AI] [任务生成] conscript [自愿(w=20.75)] data={"recruitableTerritories":[{"territoryId":"zhou-changan","available":8306},{"territoryId":"zhou-luoyang","available":224
 [皇帝AI] [任务生成] adjustOwnPolicy [自愿(w=7.1)] data={"postId":"post-guancha-duji","territoryId":"dao-duji","action":"grantAppointRight"}
 [皇帝AI] [自愿候选] maxActions=1, 候选=[conscript(20.75), adjustOwnPolicy(7.1)]
 [皇帝AI] [跳过-自愿] conscript (weight=20.75, 骰子未通过)
 [皇帝AI] [跳过-自愿] adjustOwnPolicy (weight=7.1, 骰子未通过)
 [军编] 范承恩：河东军 补将 → 范承恩（military=17）
 [皇帝AI] [任务生成] reward [自愿(w=8)] data={"armies":[{"armyId":"army-shence","avgMorale":49.81147540983606}],"lowestMorale":49.81147540983606}
 [皇帝AI] [自愿候选] maxActions=1, 候选=[reward(8)]
 [皇帝AI] [执行-自愿] reward (weight=8, chance=8%)
 [皇帝AI] [任务生成] emperor-reassign [自愿(w=3.9000000000000004)] data={"territorialPostId":"post-fangyu-shanzhou","replacementId":"char-gen-84"}
 [皇帝AI] [自愿候选] maxActions=1, 候选=[emperor-reassign(3.9000000000000004)]
 [皇帝AI] [跳过-自愿] emperor-reassign (weight=3.9000000000000004, 骰子未通过)
 [皇帝AI] [任务生成] joinWar [自愿(w=22.1)] data={"warId":"cc786e44-c059-4ef1-b171-19896781284a","side":"defender","vassalId":"char-npc-qinghai"}
 [皇帝AI] [自愿候选] maxActions=1, 候选=[joinWar(22.1)]
 [皇帝AI] [跳过-自愿] joinWar (weight=22.1, 骰子未通过)
 [皇帝AI] [任务生成] conscript [自愿(w=20.75)] data={"recruitableTerritories":[{"territoryId":"zhou-changan","available":9097},{"territoryId":"zhou-luoyang","available":276
 [皇帝AI] [任务生成] adjustOwnPolicy [自愿(w=7.1)] data={"postId":"post-guancha-duji","territoryId":"dao-duji","action":"grantAppointRight"}
 [皇帝AI] [自愿候选] maxActions=1, 候选=[conscript(20.75), adjustOwnPolicy(7.1)]
 [皇帝AI] [跳过-自愿] conscript (weight=20.75, 骰子未通过)
 [皇帝AI] [跳过-自愿] adjustOwnPolicy (weight=7.1, 骰子未通过)
 [皇帝AI] [任务生成] emperor-reassign [自愿(w=3.9000000000000004)] data={"territorialPostId":"post-fangyu-shanzhou","replacementId":"char-gen-84"}
 [皇帝AI] [自愿候选] maxActions=1, 候选=[emperor-reassign(3.9000000000000004)]
 [皇帝AI] [跳过-自愿] emperor-reassign (weight=3.9000000000000004, 骰子未通过)
 [皇帝AI] [任务生成] joinWar [自愿(w=22.1)] data={"warId":"cc786e44-c059-4ef1-b171-19896781284a","side":"defender","vassalId":"char-npc-qinghai"}
 [皇帝AI] [自愿候选] maxActions=1, 候选=[joinWar(22.1)]
 [皇帝AI] [跳过-自愿] joinWar (weight=22.1, 骰子未通过)
 [皇帝AI] [任务生成] conscript [自愿(w=20.75)] data={"recruitableTerritories":[{"territoryId":"zhou-changan","available":9097},{"territoryId":"zhou-luoyang","available":276
 [皇帝AI] [任务生成] adjustOwnPolicy [自愿(w=7.1)] data={"postId":"post-guancha-duji","territoryId":"dao-duji","action":"grantAppointRight"}
 [皇帝AI] [自愿候选] maxActions=1, 候选=[conscript(20.75), adjustOwnPolicy(7.1)]
 [皇帝AI] [跳过-自愿] conscript (weight=20.75, 骰子未通过)
 [皇帝AI] [跳过-自愿] adjustOwnPolicy (weight=7.1, 骰子未通过)
 [留后] 范承恩（河东道节度使）指定留后：无
 [皇帝AI] [任务生成] emperor-reassign [自愿(w=3.9000000000000004)] data={"territorialPostId":"post-guancha-jiannan","replacementId":"char-ct-peizhao"}
 [皇帝AI] [自愿候选] maxActions=1, 候选=[emperor-reassign(3.9000000000000004)]
 [皇帝AI] [跳过-自愿] emperor-reassign (weight=3.9000000000000004, 骰子未通过)
 [皇帝AI] [任务生成] joinWar [自愿(w=22.1)] data={"warId":"cc786e44-c059-4ef1-b171-19896781284a","side":"defender","vassalId":"char-npc-qinghai"}
 [皇帝AI] [自愿候选] maxActions=1, 候选=[joinWar(22.1)]
 [皇帝AI] [跳过-自愿] joinWar (weight=22.1, 骰子未通过)
 [皇帝AI] [任务生成] conscript [自愿(w=20.75)] data={"recruitableTerritories":[{"territoryId":"zhou-changan","available":9501},{"territoryId":"zhou-luoyang","available":329
 [皇帝AI] [任务生成] createKingdom [自愿(w=73.5)] data={"territoryId":"guo-guanlong","ratio":1}
 [皇帝AI] [任务生成] adjustOwnPolicy [自愿(w=7.1)] data={"postId":"post-guancha-duji","territoryId":"dao-duji","action":"grantAppointRight"}
 [皇帝AI] [自愿候选] maxActions=1, 候选=[createKingdom(73.5), conscript(20.75), adjustOwnPolicy(7.1)]
 [皇帝AI] [执行-自愿] createKingdom (weight=73.5, chance=74%)
 [皇帝AI] [任务生成] appoint [行政] data={"vacancyPostIds":["493eea14-cc39-4e67-b4ba-6c1578c0a547","82f20c80-4036-4bdc-b57b-0ddf298d3dbc"]}
 [皇帝AI] [执行-行政] appoint
 [岗位变动] 关陇 国司马: 空缺 → char-ct-liuzhan (由char-yizong任命)
 [岗位变动] 山南西道 节度使: char-xiaoye → 空缺 (未知)
 [岗位变动] 兴元 防御使: char-xiaoye → 空缺 (未知)
 [岗位变动] 关陇 国长史: 空缺 → char-xiaoye (由char-yizong任命)
 [岗位变动] 山南西道 节度使: 空缺 → char-ct-yushe (由char-yizong任命)
 [岗位变动] 兴元 防御使: 空缺 → char-ct-yushe (由char-yizong任命)
 [overlord变更/batch] 孙谠(char-sun) overlord: 萧邺 → 于琮
 [皇帝AI] [任务生成] joinWar [自愿(w=22.1)] data={"warId":"cc786e44-c059-4ef1-b171-19896781284a","side":"defender","vassalId":"char-npc-qinghai"}
 [皇帝AI] [自愿候选] maxActions=1, 候选=[joinWar(22.1)]
 [皇帝AI] [跳过-自愿] joinWar (weight=22.1, 骰子未通过)
 [皇帝AI] [任务生成] conscript [自愿(w=20.75)] data={"recruitableTerritories":[{"territoryId":"zhou-changan","available":9501},{"territoryId":"zhou-luoyang","available":329
 [皇帝AI] [任务生成] adjustOwnPolicy [自愿(w=7.1)] data={"postId":"post-guancha-duji","territoryId":"dao-duji","action":"grantAppointRight"}
 [皇帝AI] [自愿候选] maxActions=1, 候选=[conscript(20.75), adjustOwnPolicy(7.1)]
 [皇帝AI] [跳过-自愿] conscript (weight=20.75, 骰子未通过)
 [皇帝AI] [跳过-自愿] adjustOwnPolicy (weight=7.1, 骰子未通过)
 [军编] 于琮：兴元军 补将 → 杜远恩（military=12）
 [皇帝AI] [任务生成] joinWar [自愿(w=22.1)] data={"warId":"cc786e44-c059-4ef1-b171-19896781284a","side":"defender","vassalId":"char-npc-qinghai"}
 [皇帝AI] [自愿候选] maxActions=1, 候选=[joinWar(22.1)]
 [皇帝AI] [跳过-自愿] joinWar (weight=22.1, 骰子未通过)
 [皇帝AI] [任务生成] conscript [自愿(w=20.75)] data={"recruitableTerritories":[{"territoryId":"zhou-changan","available":9501},{"territoryId":"zhou-luoyang","available":381
 [皇帝AI] [任务生成] adjustOwnPolicy [自愿(w=7.1)] data={"postId":"post-guancha-duji","territoryId":"dao-duji","action":"grantAppointRight"}
 [皇帝AI] [自愿候选] maxActions=1, 候选=[conscript(20.75), adjustOwnPolicy(7.1)]
 [皇帝AI] [跳过-自愿] conscript (weight=20.75, 骰子未通过)
 [皇帝AI] [跳过-自愿] adjustOwnPolicy (weight=7.1, 骰子未通过)
 [战争] 宣战：王景崇 → 张简会（武力兼并）
 [皇帝AI] [任务生成] joinWar [自愿(w=22.1)] data={"warId":"cc786e44-c059-4ef1-b171-19896781284a","side":"defender","vassalId":"char-npc-qinghai"}
 [皇帝AI] [任务生成] adjustAppointRight [自愿(w=21.615000000000002)] data={"vassalId":"char-wangjingchong","postId":"post-fangyu-zhenzhou","territoryId":"zhou-zhenzhou","grant":true,"tier":"zhou
 [皇帝AI] [自愿候选] maxActions=1, 候选=[joinWar(22.1), adjustAppointRight(21.615000000000002)]
 [皇帝AI] [跳过-自愿] joinWar (weight=22.1, 骰子未通过)
 [皇帝AI] [跳过-自愿] adjustAppointRight (weight=21.615000000000002, 骰子未通过)
 [皇帝AI] [任务生成] conscript [自愿(w=20.75)] data={"recruitableTerritories":[{"territoryId":"zhou-changan","available":9501},{"territoryId":"zhou-luoyang","available":381
 [皇帝AI] [任务生成] adjustOwnPolicy [自愿(w=7.1)] data={"postId":"post-guancha-duji","territoryId":"dao-duji","action":"grantAppointRight"}
 [皇帝AI] [自愿候选] maxActions=1, 候选=[conscript(20.75), adjustOwnPolicy(7.1)]
 [皇帝AI] [跳过-自愿] conscript (weight=20.75, 骰子未通过)
 [皇帝AI] [跳过-自愿] adjustOwnPolicy (weight=7.1, 骰子未通过)
 [皇帝AI] [任务生成] joinWar [自愿(w=22.2)] data={"warId":"cc786e44-c059-4ef1-b171-19896781284a","side":"defender","vassalId":"char-npc-qinghai"}
 [皇帝AI] [自愿候选] maxActions=2, 候选=[joinWar(22.2)]
 [皇帝AI] [跳过-自愿] joinWar (weight=22.2, 骰子未通过)
 [皇帝AI] [任务生成] conscript [自愿(w=17.25)] data={"recruitableTerritories":[{"territoryId":"zhou-changan","available":9501},{"territoryId":"zhou-luoyang","available":434
 [皇帝AI] [任务生成] adjustOwnPolicy [自愿(w=6.2)] data={"postId":"post-guancha-duji","territoryId":"dao-duji","action":"grantAppointRight"}
 [皇帝AI] [自愿候选] maxActions=2, 候选=[conscript(17.25), adjustOwnPolicy(6.2)]
 [皇帝AI] [跳过-自愿] conscript (weight=17.25, 骰子未通过)
 [皇帝AI] [跳过-自愿] adjustOwnPolicy (weight=6.2, 骰子未通过)
 [皇帝AI] [任务生成] joinWar [自愿(w=22.2)] data={"warId":"cc786e44-c059-4ef1-b171-19896781284a","side":"defender","vassalId":"char-npc-qinghai"}
 [皇帝AI] [自愿候选] maxActions=2, 候选=[joinWar(22.2)]
 [皇帝AI] [跳过-自愿] joinWar (weight=22.2, 骰子未通过)
 [皇帝AI] [任务生成] conscript [自愿(w=17.25)] data={"recruitableTerritories":[{"territoryId":"zhou-changan","available":9501},{"territoryId":"zhou-luoyang","available":434
 [皇帝AI] [任务生成] adjustOwnPolicy [自愿(w=6.2)] data={"postId":"post-guancha-duji","territoryId":"dao-duji","action":"grantAppointRight"}
 [皇帝AI] [自愿候选] maxActions=2, 候选=[conscript(17.25), adjustOwnPolicy(6.2)]
 [皇帝AI] [执行-自愿] conscript (weight=17.25, chance=17%)
 [皇帝AI] [跳过-自愿] adjustOwnPolicy (weight=6.2, 骰子未通过)
 [皇帝AI] [任务生成] joinWar [自愿(w=22.2)] data={"warId":"cc786e44-c059-4ef1-b171-19896781284a","side":"defender","vassalId":"char-npc-qinghai"}
 [皇帝AI] [自愿候选] maxActions=2, 候选=[joinWar(22.2)]
 [皇帝AI] [跳过-自愿] joinWar (weight=22.2, 骰子未通过)
 [皇帝AI] [任务生成] conscript [自愿(w=17.25)] data={"recruitableTerritories":[{"territoryId":"zhou-changan","available":9291},{"territoryId":"zhou-luoyang","available":386
 [皇帝AI] [任务生成] adjustOwnPolicy [自愿(w=6.2)] data={"postId":"post-guancha-duji","territoryId":"dao-duji","action":"grantAppointRight"}
 [皇帝AI] [自愿候选] maxActions=2, 候选=[conscript(17.25), adjustOwnPolicy(6.2)]
 [皇帝AI] [跳过-自愿] conscript (weight=17.25, 骰子未通过)
 [皇帝AI] [跳过-自愿] adjustOwnPolicy (weight=6.2, 骰子未通过)
 [皇帝AI] [任务生成] joinWar [自愿(w=22.2)] data={"warId":"cc786e44-c059-4ef1-b171-19896781284a","side":"defender","vassalId":"char-npc-qinghai"}
 [皇帝AI] [自愿候选] maxActions=2, 候选=[joinWar(22.2)]
 [皇帝AI] [跳过-自愿] joinWar (weight=22.2, 骰子未通过)
 [皇帝AI] [任务生成] conscript [自愿(w=17.25)] data={"recruitableTerritories":[{"territoryId":"zhou-changan","available":9291},{"territoryId":"zhou-luoyang","available":386
 [皇帝AI] [任务生成] adjustOwnPolicy [自愿(w=6.2)] data={"postId":"post-guancha-duji","territoryId":"dao-duji","action":"grantAppointRight"}
 [皇帝AI] [自愿候选] maxActions=2, 候选=[conscript(17.25), adjustOwnPolicy(6.2)]
 [皇帝AI] [跳过-自愿] conscript (weight=17.25, 骰子未通过)
 [皇帝AI] [跳过-自愿] adjustOwnPolicy (weight=6.2, 骰子未通过)
 [战争] 宣战：范承恩 → 张允伸（deJureClaim）
 [皇帝AI] [任务生成] reward [自愿(w=5)] data={"armies":[{"armyId":"army-shence","avgMorale":49.84079863764599}],"lowestMorale":49.84079863764599}
 [皇帝AI] [自愿候选] maxActions=2, 候选=[reward(5)]
 [皇帝AI] [跳过-自愿] reward (weight=5, 骰子未通过)
 [皇帝AI] [任务生成] joinWar [自愿(w=22.2)] data={"warId":"cc786e44-c059-4ef1-b171-19896781284a","side":"defender","vassalId":"char-npc-qinghai"}
 [皇帝AI] [自愿候选] maxActions=2, 候选=[joinWar(22.2)]
 [皇帝AI] [跳过-自愿] joinWar (weight=22.2, 骰子未通过)
 [皇帝AI] [任务生成] conscript [自愿(w=17.25)] data={"recruitableTerritories":[{"territoryId":"zhou-changan","available":9491},{"territoryId":"zhou-luoyang","available":438
 [皇帝AI] [任务生成] adjustOwnPolicy [自愿(w=6.2)] data={"postId":"post-guancha-duji","territoryId":"dao-duji","action":"grantAppointRight"}
 [皇帝AI] [自愿候选] maxActions=2, 候选=[conscript(17.25), adjustOwnPolicy(6.2)]
 [皇帝AI] [跳过-自愿] conscript (weight=17.25, 骰子未通过)
 [皇帝AI] [跳过-自愿] adjustOwnPolicy (weight=6.2, 骰子未通过)
 [皇帝AI] [任务生成] reward [自愿(w=5)] data={"armies":[{"armyId":"army-shence","avgMorale":49.84079863764599}],"lowestMorale":49.84079863764599}
 [皇帝AI] [自愿候选] maxActions=2, 候选=[reward(5)]
 [皇帝AI] [跳过-自愿] reward (weight=5, 骰子未通过)
 [皇帝AI] [任务生成] joinWar [自愿(w=22.2)] data={"warId":"cc786e44-c059-4ef1-b171-19896781284a","side":"defender","vassalId":"char-npc-qinghai"}
 [皇帝AI] [自愿候选] maxActions=2, 候选=[joinWar(22.2)]
 [皇帝AI] [跳过-自愿] joinWar (weight=22.2, 骰子未通过)
 [要求效忠] 清海使 → 高骈 | chance=23% → 失败
 [战争] 结束：范承恩 vs 张允伸（法理宣称）→ 张允伸获胜
 [皇帝AI] [任务生成] conscript [自愿(w=17.25)] data={"recruitableTerritories":[{"territoryId":"zhou-changan","available":9491},{"territoryId":"zhou-luoyang","available":438
 [皇帝AI] [任务生成] adjustOwnPolicy [自愿(w=6.2)] data={"postId":"post-guancha-duji","territoryId":"dao-duji","action":"grantAppointRight"}
 [皇帝AI] [自愿候选] maxActions=2, 候选=[conscript(17.25), adjustOwnPolicy(6.2)]
 [皇帝AI] [跳过-自愿] conscript (weight=17.25, 骰子未通过)
 [皇帝AI] [跳过-自愿] adjustOwnPolicy (weight=6.2, 骰子未通过)
 [岗位变动] 凤翔 防御使: char-ducong → 空缺 (未知)
 [皇帝AI] [任务生成] appoint [行政] data={"vacancyPostIds":["post-fangyu-fengxiang"]}
 [皇帝AI] [执行-行政] appoint
 [岗位变动] 郓州 防御使: char-npc-tianping → 空缺 (未知)
 [岗位变动] 凤翔 防御使: 空缺 → char-npc-tianping (由char-yizong任命)
 [岗位变动] 郓州 防御使: 空缺 → char-npc-pinglu (由char-yizong任命)
 [皇帝AI] [任务生成] reward [自愿(w=5)] data={"armies":[{"armyId":"army-shence","avgMorale":49.34079863764599}],"lowestMorale":49.34079863764599}
 [皇帝AI] [自愿候选] maxActions=2, 候选=[reward(5)]
 [皇帝AI] [跳过-自愿] reward (weight=5, 骰子未通过)
 [战争] 宣战：韩允中 → 王景崇（武力兼并）
 [皇帝AI] [任务生成] joinWar [自愿(w=22.2)] data={"warId":"cc786e44-c059-4ef1-b171-19896781284a","side":"defender","vassalId":"char-npc-qinghai"}
 [皇帝AI] [自愿候选] maxActions=2, 候选=[joinWar(22.2)]
 [皇帝AI] [执行-自愿] joinWar (weight=22.2, chance=22%)
 [皇帝AI] [任务生成] conscript [自愿(w=37.25)] data={"recruitableTerritories":[{"territoryId":"zhou-changan","available":9491},{"territoryId":"zhou-luoyang","available":491
 [皇帝AI] [任务生成] adjustOwnPolicy [自愿(w=6.2)] data={"postId":"post-guancha-duji","territoryId":"dao-duji","action":"grantAppointRight"}
 [皇帝AI] [自愿候选] maxActions=2, 候选=[conscript(37.25), adjustOwnPolicy(6.2)]
 [皇帝AI] [执行-自愿] conscript (weight=37.25, chance=37%)
 [皇帝AI] [跳过-自愿] adjustOwnPolicy (weight=6.2, 骰子未通过)
 [皇帝AI] [任务生成] transferVassal [自愿(w=42.75)] data={"vassalId":"char-npc-pinglu","receiverId":"char-npc-xuanwu"}
 [皇帝AI] [自愿候选] maxActions=2, 候选=[transferVassal(42.75)]
 [皇帝AI] [执行-自愿] transferVassal (weight=42.75, chance=43%)
 [overlord变更] 平卢使(char-npc) overlord: 唐懿宗 → 宣武使
 [自身政策] 静江使：桂州 改为世袭
 [皇帝AI] [任务生成] mobilize [自愿(w=50)] data={"wars":[{"id":"cc786e44-c059-4ef1-b171-19896781284a","attackerId":"char-npc-jingjiang","defenderId":"char-npc-qinghai",
 [皇帝AI] [自愿候选] maxActions=2, 候选=[mobilize(50)]
 [皇帝AI] [执行-自愿] mobilize (weight=50, chance=50%)
 [DEBUG-懿宗] 组建行营: warId=cc786e44-c059-4ef1-b171-19896781284a, 地点=长安, 军队=[神策军]
 [DEBUG-懿宗] 行营AI: 从长安出发, 目标=桂州, 路径=[长安 → 凤翔 → 兴元 → 襄州 → 鄂州 → 洪州 → 潭州 → 桂州]
 [皇帝AI] [任务生成] reward [自愿(w=25)] data={"armies":[{"armyId":"army-shence","avgMorale":49.35126215133415}],"lowestMorale":49.35126215133415}
 [皇帝AI] [自愿候选] maxActions=2, 候选=[reward(25)]
 [皇帝AI] [跳过-自愿] reward (weight=25, 骰子未通过)
 [皇帝AI] [任务生成] joinWar [自愿(w=19)] data={"warId":"e580777c-cd4e-46a8-a12d-e20e042b6196","side":"attacker","vassalId":"char-wangjingchong"}
 [皇帝AI] [自愿候选] maxActions=2, 候选=[joinWar(19)]
 [皇帝AI] [跳过-自愿] joinWar (weight=19, 骰子未通过)
 [皇帝AI] [任务生成] conscript [自愿(w=37.25)] data={"recruitableTerritories":[{"territoryId":"zhou-changan","available":8491},{"territoryId":"zhou-luoyang","available":391
 [皇帝AI] [任务生成] adjustOwnPolicy [自愿(w=6.2)] data={"postId":"post-guancha-duji","territoryId":"dao-duji","action":"grantAppointRight"}
 [皇帝AI] [自愿候选] maxActions=2, 候选=[conscript(37.25), adjustOwnPolicy(6.2)]
 [皇帝AI] [跳过-自愿] conscript (weight=37.25, 骰子未通过)
 [皇帝AI] [跳过-自愿] adjustOwnPolicy (weight=6.2, 骰子未通过)
 [留后] 唐懿宗（关陇行台尚书令）指定留后：李儇
 [留后] 静江使（桂州刺史）指定留后：无
 [军编] 天平使：凤翔军 补将 → 刘远恩（military=17）
 [军编] 平卢使：天平军 补将 → 平卢使（military=16）
 [皇帝AI] [任务生成] reward [自愿(w=25)] data={"armies":[{"armyId":"army-shence","avgMorale":48.85126215133415}],"lowestMorale":48.85126215133415}
 [皇帝AI] [自愿候选] maxActions=2, 候选=[reward(25)]
 [皇帝AI] [执行-自愿] reward (weight=25, chance=25%)
 [皇帝AI] [任务生成] joinWar [自愿(w=19)] data={"warId":"e580777c-cd4e-46a8-a12d-e20e042b6196","side":"attacker","vassalId":"char-wangjingchong"}
 [皇帝AI] [自愿候选] maxActions=2, 候选=[joinWar(19)]
 [皇帝AI] [跳过-自愿] joinWar (weight=19, 骰子未通过)
 [皇帝AI] [任务生成] conscript [自愿(w=37.25)] data={"recruitableTerritories":[{"territoryId":"zhou-changan","available":9281},{"territoryId":"zhou-luoyang","available":443
 [皇帝AI] [任务生成] adjustOwnPolicy [自愿(w=6.2)] data={"postId":"post-guancha-duji","territoryId":"dao-duji","action":"grantAppointRight"}
 [皇帝AI] [自愿候选] maxActions=2, 候选=[conscript(37.25), adjustOwnPolicy(6.2)]
 [皇帝AI] [跳过-自愿] conscript (weight=37.25, 骰子未通过)
 [皇帝AI] [跳过-自愿] adjustOwnPolicy (weight=6.2, 骰子未通过)
 [皇帝AI] [任务生成] joinWar [自愿(w=19)] data={"warId":"e580777c-cd4e-46a8-a12d-e20e042b6196","side":"attacker","vassalId":"char-wangjingchong"}
 [皇帝AI] [自愿候选] maxActions=2, 候选=[joinWar(19)]
 [皇帝AI] [跳过-自愿] joinWar (weight=19, 骰子未通过)
 [皇帝AI] [任务生成] conscript [自愿(w=37.25)] data={"recruitableTerritories":[{"territoryId":"zhou-changan","available":9281},{"territoryId":"zhou-luoyang","available":443
 [皇帝AI] [任务生成] adjustOwnPolicy [自愿(w=6.2)] data={"postId":"post-guancha-duji","territoryId":"dao-duji","action":"grantAppointRight"}
 [皇帝AI] [自愿候选] maxActions=2, 候选=[conscript(37.25), adjustOwnPolicy(6.2)]
 [皇帝AI] [执行-自愿] conscript (weight=37.25, chance=37%)
 [皇帝AI] [执行-自愿] adjustOwnPolicy (weight=6.2, chance=6%)
 [自身政策] 唐懿宗：都畿道 授予辟署权
 [皇帝AI] [任务生成] conscript [自愿(w=35)] data={"recruitableTerritories":[{"territoryId":"zhou-changan","available":9070},{"territoryId":"zhou-luoyang","available":395
 [皇帝AI] [任务生成] adjustOwnPolicy [自愿(w=5)] data={"postId":"post-cishi-luoyang","territoryId":"zhou-luoyang","action":"grantAppointRight"}
 [皇帝AI] [自愿候选] maxActions=2, 候选=[conscript(35), adjustOwnPolicy(5)]
 [皇帝AI] [执行-自愿] conscript (weight=35, chance=35%)
 [皇帝AI] [跳过-自愿] adjustOwnPolicy (weight=5, 骰子未通过)
 [皇帝AI] [任务生成] revoke [自愿(w=0.75)] data={"targetId":"char-zhangyunshen","postId":"post-fangyu-qingzhou"}
 [皇帝AI] [自愿候选] maxActions=2, 候选=[revoke(0.75)]
 [皇帝AI] [跳过-自愿] revoke (weight=0.75, 骰子未通过)
 [岗位变动] 镇州 防御使: char-wangjingchong → char-hanyunzhong (由char-hanyunzhong任命)
 [岗位变动] 河北道·成德 节度判官: char-gen-26 → 空缺 (未知)
 [岗位变动] 河北道·成德 都知兵马使: char-gen-27 → 空缺 (未知)
 [战争] 结束：韩允中 vs 王景崇（武力兼并）→ 韩允中获胜
 [自身政策] 韩允中：相州 授出前改为流官
 [岗位变动] 相州 防御使: char-hanyunzhong → char-han-junxiong (由char-hanyunzhong任命)
 [岗位变动] 河北道·成德 节度判官: 空缺 → char-ct-cuiyin (由char-yizong任命)
 [岗位变动] 宣州 刺史: char-npc-xuanshe → 空缺 (未知)
 [岗位变动] 河北道·成德 都知兵马使: 空缺 → char-npc-xuanshe (由char-yizong任命)
 [岗位变动] 宣州 刺史: 空缺 → char-gen-27 (由char-yizong任命)
 [皇帝AI] [任务生成] conscript [自愿(w=35)] data={"recruitableTerritories":[{"territoryId":"zhou-changan","available":8070},{"territoryId":"zhou-luoyang","available":295
 [皇帝AI] [任务生成] adjustOwnPolicy [自愿(w=5)] data={"postId":"post-cishi-luoyang","territoryId":"zhou-luoyang","action":"grantAppointRight"}
 [皇帝AI] [自愿候选] maxActions=2, 候选=[conscript(35), adjustOwnPolicy(5)]
 [皇帝AI] [跳过-自愿] conscript (weight=35, 骰子未通过)
 [皇帝AI] [跳过-自愿] adjustOwnPolicy (weight=5, 骰子未通过)
 [皇帝AI] [任务生成] revoke [自愿(w=0.75)] data={"targetId":"char-zhangyunshen","postId":"post-fangyu-qingzhou"}
 [皇帝AI] [自愿候选] maxActions=2, 候选=[revoke(0.75)]
 [皇帝AI] [跳过-自愿] revoke (weight=0.75, 骰子未通过)
 [皇帝AI] [任务生成] transferVassal [自愿(w=40)] data={"vassalId":"char-gen-27","receiverId":"char-npc-zhenhai"}
 [皇帝AI] [自愿候选] maxActions=2, 候选=[transferVassal(40)]
 [皇帝AI] [跳过-自愿] transferVassal (weight=40, 骰子未通过)
 [军编] 彭远恩：宣歙军 补将 → 王承恩（military=14）
 [军编] 韩君雄：建军「相州军」驻相州
 [军编] 韩君雄：相州军 补将 → 韩君雄（military=20）
 [皇帝AI] [任务生成] conscript [自愿(w=35)] data={"recruitableTerritories":[{"territoryId":"zhou-changan","available":8858},{"territoryId":"zhou-luoyang","available":347
 [皇帝AI] [任务生成] adjustOwnPolicy [自愿(w=5)] data={"postId":"post-cishi-luoyang","territoryId":"zhou-luoyang","action":"grantAppointRight"}
 [皇帝AI] [自愿候选] maxActions=2, 候选=[conscript(35), adjustOwnPolicy(5)]
 [皇帝AI] [跳过-自愿] conscript (weight=35, 骰子未通过)
 [皇帝AI] [跳过-自愿] adjustOwnPolicy (weight=5, 骰子未通过)
 [皇帝AI] [任务生成] revoke [自愿(w=0.75)] data={"targetId":"char-zhangyunshen","postId":"post-fangyu-qingzhou"}
 [皇帝AI] [自愿候选] maxActions=2, 候选=[revoke(0.75)]
 [皇帝AI] [跳过-自愿] revoke (weight=0.75, 骰子未通过)
 [皇帝AI] [任务生成] transferVassal [自愿(w=40)] data={"vassalId":"char-gen-27","receiverId":"char-npc-zhenhai"}
 [皇帝AI] [自愿候选] maxActions=2, 候选=[transferVassal(40)]
 [皇帝AI] [跳过-自愿] transferVassal (weight=40, 骰子未通过)
 [overlord变更] 静江使(char-npc) overlord: 无 → 清海使
 [战争] 结束：静江使 vs 清海使（独立）→ 清海使获胜
 [战争] 宣战：镇海使 → 彭远恩（deJureClaim）
 [皇帝AI] [forced触发] deploy-approve data={"entries":[{"armyId":"army-shence","fromLocationId":"zhou-guizhou","targetLocationId":"zhou-changan"}]}
 [DEBUG-懿宗] 组建行营: warId=调兵, 地点=桂州, 军队=[神策军]
 [皇帝AI] [任务生成] conscript [自愿(w=15)] data={"recruitableTerritories":[{"territoryId":"zhou-changan","available":8858},{"territoryId":"zhou-luoyang","available":347
 [皇帝AI] [任务生成] adjustOwnPolicy [自愿(w=5)] data={"postId":"post-cishi-luoyang","territoryId":"zhou-luoyang","action":"grantAppointRight"}
 [皇帝AI] [自愿候选] maxActions=2, 候选=[conscript(15), adjustOwnPolicy(5)]
 [皇帝AI] [跳过-自愿] conscript (weight=15, 骰子未通过)
 [皇帝AI] [跳过-自愿] adjustOwnPolicy (weight=5, 骰子未通过)
 [皇帝AI] [任务生成] revoke [自愿(w=2.5)] data={"targetId":"char-zhangyunshen","postId":"post-fangyu-qingzhou"}
 [皇帝AI] [自愿候选] maxActions=2, 候选=[revoke(2.5)]
 [皇帝AI] [跳过-自愿] revoke (weight=2.5, 骰子未通过)
 [皇帝AI] [任务生成] conscript [自愿(w=15)] data={"recruitableTerritories":[{"territoryId":"zhou-changan","available":9461},{"territoryId":"zhou-luoyang","available":400
 [皇帝AI] [任务生成] adjustOwnPolicy [自愿(w=5)] data={"postId":"post-cishi-luoyang","territoryId":"zhou-luoyang","action":"grantAppointRight"}
 [皇帝AI] [自愿候选] maxActions=2, 候选=[conscript(15), adjustOwnPolicy(5)]
 [皇帝AI] [跳过-自愿] conscript (weight=15, 骰子未通过)
 [皇帝AI] [跳过-自愿] adjustOwnPolicy (weight=5, 骰子未通过)
 [皇帝AI] [任务生成] revoke [自愿(w=2.5)] data={"targetId":"char-zhangyunshen","postId":"post-fangyu-qingzhou"}
 [皇帝AI] [自愿候选] maxActions=2, 候选=[revoke(2.5)]
 [皇帝AI] [跳过-自愿] revoke (weight=2.5, 骰子未通过)
 [皇帝AI] [任务生成] conscript [自愿(w=15)] data={"recruitableTerritories":[{"territoryId":"zhou-changan","available":9461},{"territoryId":"zhou-luoyang","available":400
 [皇帝AI] [任务生成] adjustOwnPolicy [自愿(w=5)] data={"postId":"post-cishi-luoyang","territoryId":"zhou-luoyang","action":"grantAppointRight"}
 [皇帝AI] [自愿候选] maxActions=2, 候选=[conscript(15), adjustOwnPolicy(5)]
 [皇帝AI] [执行-自愿] conscript (weight=15, chance=15%)
 [皇帝AI] [跳过-自愿] adjustOwnPolicy (weight=5, 骰子未通过)
 [皇帝AI] [任务生成] revoke [自愿(w=2.5)] data={"targetId":"char-zhangyunshen","postId":"post-fangyu-qingzhou"}
 [皇帝AI] [自愿候选] maxActions=2, 候选=[revoke(2.5)]
 [皇帝AI] [跳过-自愿] revoke (weight=2.5, 骰子未通过)
 [皇帝AI] [任务生成] reward [自愿(w=5)] data={"armies":[{"armyId":"army-shence","avgMorale":49.51978577690572}],"lowestMorale":49.51978577690572}
 [皇帝AI] [自愿候选] maxActions=2, 候选=[reward(5)]
 [皇帝AI] [跳过-自愿] reward (weight=5, 骰子未通过)
 [皇帝AI] [任务生成] conscript [自愿(w=15)] data={"recruitableTerritories":[{"territoryId":"zhou-changan","available":9248},{"territoryId":"zhou-luoyang","available":352
 [皇帝AI] [任务生成] adjustOwnPolicy [自愿(w=5)] data={"postId":"post-cishi-luoyang","territoryId":"zhou-luoyang","action":"grantAppointRight"}
 [皇帝AI] [自愿候选] maxActions=2, 候选=[conscript(15), adjustOwnPolicy(5)]
 [皇帝AI] [跳过-自愿] conscript (weight=15, 骰子未通过)
 [皇帝AI] [跳过-自愿] adjustOwnPolicy (weight=5, 骰子未通过)
 [皇帝AI] [任务生成] revoke [自愿(w=2.5)] data={"targetId":"char-zhangyunshen","postId":"post-fangyu-qingzhou"}
 [皇帝AI] [自愿候选] maxActions=2, 候选=[revoke(2.5)]
 [皇帝AI] [跳过-自愿] revoke (weight=2.5, 骰子未通过)
 [战争] 结束：王景崇 vs 张简会（武力兼并）→ 张简会获胜
 [皇帝AI] [任务生成] reward [自愿(w=5)] data={"armies":[{"armyId":"army-shence","avgMorale":49.51978577690572}],"lowestMorale":49.51978577690572}
 [皇帝AI] [自愿候选] maxActions=2, 候选=[reward(5)]
 [皇帝AI] [跳过-自愿] reward (weight=5, 骰子未通过)
 [要求效忠] 清海使 → 高骈 | chance=25% → 失败
 [皇帝AI] [任务生成] conscript [自愿(w=15)] data={"recruitableTerritories":[{"territoryId":"zhou-changan","available":9248},{"territoryId":"zhou-luoyang","available":352
 [皇帝AI] [任务生成] adjustOwnPolicy [自愿(w=5)] data={"postId":"post-cishi-luoyang","territoryId":"zhou-luoyang","action":"grantAppointRight"}
 [皇帝AI] [自愿候选] maxActions=2, 候选=[conscript(15), adjustOwnPolicy(5)]
 [皇帝AI] [跳过-自愿] conscript (weight=15, 骰子未通过)
 [皇帝AI] [跳过-自愿] adjustOwnPolicy (weight=5, 骰子未通过)
 [皇帝AI] [任务生成] revoke [自愿(w=2.5)] data={"targetId":"char-zhangyunshen","postId":"post-fangyu-qingzhou"}
 [皇帝AI] [自愿候选] maxActions=2, 候选=[revoke(2.5)]
 [皇帝AI] [跳过-自愿] revoke (weight=2.5, 骰子未通过)
 [皇帝AI] [任务生成] reward [自愿(w=5)] data={"armies":[{"armyId":"army-shence","avgMorale":49.01978577690572}],"lowestMorale":49.01978577690572}
 [皇帝AI] [自愿候选] maxActions=2, 候选=[reward(5)]
 [皇帝AI] [跳过-自愿] reward (weight=5, 骰子未通过)
 [皇帝AI] [任务生成] conscript [自愿(w=15)] data={"recruitableTerritories":[{"territoryId":"zhou-changan","available":9451},{"territoryId":"zhou-luoyang","available":404
 [皇帝AI] [任务生成] adjustOwnPolicy [自愿(w=5)] data={"postId":"post-cishi-luoyang","territoryId":"zhou-luoyang","action":"grantAppointRight"}
 [皇帝AI] [自愿候选] maxActions=2, 候选=[conscript(15), adjustOwnPolicy(5)]
 [皇帝AI] [跳过-自愿] conscript (weight=15, 骰子未通过)
 [皇帝AI] [跳过-自愿] adjustOwnPolicy (weight=5, 骰子未通过)
 [皇帝AI] [任务生成] revoke [自愿(w=2.5)] data={"targetId":"char-zhangyunshen","postId":"post-fangyu-qingzhou"}
 [皇帝AI] [自愿候选] maxActions=2, 候选=[revoke(2.5)]
 [皇帝AI] [跳过-自愿] revoke (weight=2.5, 骰子未通过)
 [皇帝AI] [任务生成] reward [自愿(w=5)] data={"armies":[{"armyId":"army-shence","avgMorale":49.01978577690572}],"lowestMorale":49.01978577690572}
 [皇帝AI] [自愿候选] maxActions=2, 候选=[reward(5)]
 [皇帝AI] [跳过-自愿] reward (weight=5, 骰子未通过)
 [皇帝AI] [任务生成] conscript [自愿(w=15)] data={"recruitableTerritories":[{"territoryId":"zhou-changan","available":9451},{"territoryId":"zhou-luoyang","available":404
 [皇帝AI] [任务生成] adjustOwnPolicy [自愿(w=5)] data={"postId":"post-cishi-luoyang","territoryId":"zhou-luoyang","action":"grantAppointRight"}
 [皇帝AI] [自愿候选] maxActions=2, 候选=[conscript(15), adjustOwnPolicy(5)]
 [皇帝AI] [跳过-自愿] conscript (weight=15, 骰子未通过)
 [皇帝AI] [跳过-自愿] adjustOwnPolicy (weight=5, 骰子未通过)
 [皇帝AI] [任务生成] revoke [自愿(w=2.5)] data={"targetId":"char-zhangyunshen","postId":"post-fangyu-qingzhou"}
 [皇帝AI] [自愿候选] maxActions=2, 候选=[revoke(2.5)]
 [皇帝AI] [跳过-自愿] revoke (weight=2.5, 骰子未通过)
 [留后] 韩允中（镇州防御使）指定留后：韩君雄
 [皇帝AI] [forced触发] review data={"year":873}
 [岗位变动] 夏州 录事参军: char-gen-10 → 空缺 (未知)
 [岗位变动] 都畿道 节度判官: char-gen-11 → 空缺 (未知)
 [岗位变动] 都畿道 都知兵马使: char-gen-12 → 空缺 (未知)
 [岗位变动] 洛阳 录事参军: char-gen-13 → 空缺 (未知)
 [岗位变动] 陕州 录事参军: char-gen-14 → 空缺 (未知)
 [岗位变动] 河东道 节度判官: char-gen-15 → 空缺 (未知)
 [岗位变动] 河东道 都知兵马使: char-gen-16 → 空缺 (未知)
 [岗位变动] 太原 录事参军: char-gen-17 → 空缺 (未知)
 [岗位变动] 潞州 录事参军: char-gen-18 → 空缺 (未知)
 [岗位变动] 河中 录事参军: char-gen-19 → 空缺 (未知)
 [岗位变动] 岭南道 节度判官: char-gen-70 → 空缺 (未知)
 [岗位变动] 岭南道 都知兵马使: char-gen-71 → 空缺 (未知)
 [岗位变动] 广州 录事参军: char-gen-72 → 空缺 (未知)
 [岗位变动] 邕州 录事参军: char-gen-73 → 空缺 (未知)
 [岗位变动] 桂州 录事参军: char-gen-74 → 空缺 (未知)
 [岗位变动] 交州 录事参军: char-gen-75 → 空缺 (未知)
 [岗位变动] 陇右道 节度判官: char-gen-76 → 空缺 (未知)
 [岗位变动] 陇右道 都知兵马使: char-gen-77 → 空缺 (未知)
 [岗位变动] 泾州 录事参军: char-gen-78 → 空缺 (未知)
 [岗位变动] 秦州 录事参军: char-gen-79 → 空缺 (未知)
 [岗位变动] 河西道 节度判官: char-gen-80 → 空缺 (未知)
 [岗位变动] 河西道 都知兵马使: char-gen-81 → 空缺 (未知)
 [岗位变动] 沙州 录事参军: char-gen-82 → 空缺 (未知)
 [岗位变动] 中央 户部郎中: char-zhanghuaishen → 空缺 (未知)
 [皇帝AI] [任务生成] appoint [行政] data={"vacancyPostIds":["post-lushibcanjun-xiazhou","post-panguan-duji","post-duzhibingmashi-duji","post-lushibcanjun-luoyang
 [皇帝AI] [执行-行政] appoint
 [岗位变动] 夏州 录事参军: 空缺 → char-zhanghuaishen (由char-yizong任命)
 [岗位变动] 都畿道 节度判官: 空缺 → char-gen-12 (由char-yizong任命)
 [岗位变动] 同州 防御使: char-npc-zhenguo → 空缺 (未知)
TerritoryStore.ts:324 [岗位变动] 都畿道 都知兵马使: 空缺 → char-npc-zhenguo (由char-yizong任命)
TerritoryStore.ts:324 [岗位变动] 洛阳 录事参军: 空缺 → char-gen-16 (由char-yizong任命)
TerritoryStore.ts:324 [岗位变动] 陕州 录事参军: 空缺 → char-gen-71 (由char-yizong任命)
TerritoryStore.ts:324 [岗位变动] 陇右道 节度判官: 空缺 → char-gen-77 (由char-yizong任命)
TerritoryStore.ts:324 [岗位变动] 许州 防御使: char-npc-zhongwu → 空缺 (未知)
TerritoryStore.ts:324 [岗位变动] 陇右道 都知兵马使: 空缺 → char-npc-zhongwu (由char-yizong任命)
TerritoryStore.ts:324 [岗位变动] 泾州 录事参军: 空缺 → char-gen-81 (由char-yizong任命)
TerritoryStore.ts:324 [岗位变动] 秦州 录事参军: 空缺 → char-zhangzhifang (由char-yizong任命)
TerritoryStore.ts:324 [岗位变动] 河西道 节度判官: 空缺 → char-ct-lizheng (由char-yizong任命)
TerritoryStore.ts:324 [岗位变动] 潭州 刺史: char-npc-hunan → 空缺 (未知)
TerritoryStore.ts:324 [岗位变动] 河西道 都知兵马使: 空缺 → char-npc-hunan (由char-yizong任命)
TerritoryStore.ts:324 [岗位变动] 沙州 录事参军: 空缺 → char-ct-zhoubao (由char-yizong任命)
TerritoryStore.ts:324 [岗位变动] 同州 防御使: 空缺 → char-liguochang (由char-yizong任命)
TerritoryStore.ts:324 [岗位变动] 许州 防御使: 空缺 → char-gen-10 (由char-yizong任命)
TerritoryStore.ts:324 [岗位变动] 潭州 刺史: 空缺 → char-ct-lufang (由char-yizong任命)
TerritoryStore.ts:324 [岗位变动] 中央 三司使: char-ct-peizhao → 空缺 (未知)
TerritoryStore.ts:324 [岗位变动] 中央 户部郎中: 空缺 → char-ct-peizhao (由char-yizong任命)
TerritoryStore.ts:324 [岗位变动] 中央 三司使: 空缺 → char-gen-13 (由char-yizong任命)
TerritoryStore.ts:324 [岗位变动] 河东道 节度判官: 空缺 → char-gen-14 (由char-yizong任命)
TerritoryStore.ts:324 [岗位变动] 陕州 防御使: char-npc-shanzhou → 空缺 (未知)
TerritoryStore.ts:324 [岗位变动] 河东道 都知兵马使: 空缺 → char-npc-shanzhou (由char-yizong任命)
TerritoryStore.ts:324 [岗位变动] 洪州 录事参军: char-gen-64 → 空缺 (未知)
TerritoryStore.ts:324 [岗位变动] 太原 录事参军: 空缺 → char-gen-64 (由char-yizong任命)
TerritoryStore.ts:324 [岗位变动] 潭州 录事参军: char-gen-65 → 空缺 (未知)
TerritoryStore.ts:324 [岗位变动] 潞州 录事参军: 空缺 → char-gen-65 (由char-yizong任命)
TerritoryStore.ts:324 [岗位变动] 成都 录事参军: char-gen-68 → 空缺 (未知)
TerritoryStore.ts:324 [岗位变动] 河中 录事参军: 空缺 → char-gen-68 (由char-yizong任命)
TerritoryStore.ts:324 [岗位变动] 岭南道 节度判官: 空缺 → char-gen-17 (由char-yizong任命)
TerritoryStore.ts:324 [岗位变动] 滑州 防御使: char-npc-yicheng → 空缺 (未知)
TerritoryStore.ts:324 [岗位变动] 岭南道 都知兵马使: 空缺 → char-npc-yicheng (由char-yizong任命)
TerritoryStore.ts:324 [岗位变动] 梓州 录事参军: char-gen-69 → 空缺 (未知)
TerritoryStore.ts:324 [岗位变动] 广州 录事参军: 空缺 → char-gen-69 (由char-yizong任命)
TerritoryStore.ts:324 [岗位变动] 陕州 防御使: 空缺 → char-gen-78 (由char-yizong任命)
TerritoryStore.ts:324 [岗位变动] 洪州 录事参军: 空缺 → char-gen-18 (由char-yizong任命)
TerritoryStore.ts:324 [岗位变动] 潭州 录事参军: 空缺 → char-gen-19 (由char-yizong任命)
TerritoryStore.ts:324 [岗位变动] 成都 录事参军: 空缺 → char-gen-72 (由char-yizong任命)
TerritoryStore.ts:324 [岗位变动] 滑州 防御使: 空缺 → char-gen-79 (由char-yizong任命)
TerritoryStore.ts:324 [岗位变动] 梓州 录事参军: 空缺 → char-gen-82 (由char-yizong任命)
TerritoryStore.ts:324 [岗位变动] 邕州 录事参军: 空缺 → char-gen-73 (由char-gaopian任命)
TerritoryStore.ts:324 [岗位变动] 交州 录事参军: 空缺 → char-gen-75 (由char-gaopian任命)
TerritoryStore.ts:324 [岗位变动] 桂州 录事参军: 空缺 → char-gen-74 (由char-npc-jingjiang任命)
NpcEngine.ts:239 [皇帝AI] [任务生成] reward [自愿(w=5)] data={"armies":[{"armyId":"army-shence","avgMorale":48.51978577690573}],"lowestMorale":48.51978577690573}
NpcEngine.ts:239 [皇帝AI] [自愿候选] maxActions=2, 候选=[reward(5)]
NpcEngine.ts:239 [皇帝AI] [跳过-自愿] reward (weight=5, 骰子未通过)
NpcEngine.ts:239 [皇帝AI] [任务生成] conscript [自愿(w=13.5)] data={"recruitableTerritories":[{"territoryId":"zhou-changan","available":9458},{"territoryId":"zhou-luoyang","available":456
NpcEngine.ts:239 [皇帝AI] [任务生成] adjustOwnPolicy [自愿(w=5)] data={"postId":"post-cishi-luoyang","territoryId":"zhou-luoyang","action":"grantAppointRight"}
NpcEngine.ts:239 [皇帝AI] [自愿候选] maxActions=2, 候选=[conscript(13.5), adjustOwnPolicy(5)]
NpcEngine.ts:239 [皇帝AI] [跳过-自愿] conscript (weight=13.5, 骰子未通过)
NpcEngine.ts:239 [皇帝AI] [跳过-自愿] adjustOwnPolicy (weight=5, 骰子未通过)
NpcEngine.ts:239 [皇帝AI] [任务生成] revoke [自愿(w=1.6)] data={"targetId":"char-zhangyunshen","postId":"post-fangyu-qingzhou"}
NpcEngine.ts:239 [皇帝AI] [自愿候选] maxActions=2, 候选=[revoke(1.6)]
NpcEngine.ts:239 [皇帝AI] [跳过-自愿] revoke (weight=1.6, 骰子未通过)
NpcEngine.ts:239 [皇帝AI] [任务生成] transferVassal [自愿(w=39.5)] data={"vassalId":"char-ct-lufang","receiverId":"char-npc-zhennan"}
NpcEngine.ts:239 [皇帝AI] [自愿候选] maxActions=2, 候选=[transferVassal(39.5)]
NpcEngine.ts:239 [皇帝AI] [执行-自愿] transferVassal (weight=39.5, chance=40%)
CharacterStore.ts:123 [overlord变更] 卢芳(char-ct-) overlord: 唐懿宗 → 镇南使
NpcEngine.ts:239 [皇帝AI] [任务生成] reward [自愿(w=5)] data={"armies":[{"armyId":"army-shence","avgMorale":48.51978577690573}],"lowestMorale":48.51978577690573}
NpcEngine.ts:239 [皇帝AI] [自愿候选] maxActions=2, 候选=[reward(5)]
NpcEngine.ts:239 [皇帝AI] [跳过-自愿] reward (weight=5, 骰子未通过)
NpcEngine.ts:239 [皇帝AI] [任务生成] conscript [自愿(w=13.5)] data={"recruitableTerritories":[{"territoryId":"zhou-changan","available":9458},{"territoryId":"zhou-luoyang","available":456
NpcEngine.ts:239 [皇帝AI] [任务生成] adjustOwnPolicy [自愿(w=5)] data={"postId":"post-cishi-luoyang","territoryId":"zhou-luoyang","action":"grantAppointRight"}
NpcEngine.ts:239 [皇帝AI] [自愿候选] maxActions=2, 候选=[conscript(13.5), adjustOwnPolicy(5)]
NpcEngine.ts:239 [皇帝AI] [跳过-自愿] conscript (weight=13.5, 骰子未通过)
NpcEngine.ts:239 [皇帝AI] [跳过-自愿] adjustOwnPolicy (weight=5, 骰子未通过)
NpcEngine.ts:239 [皇帝AI] [任务生成] revoke [自愿(w=1.6)] data={"targetId":"char-zhangyunshen","postId":"post-fangyu-qingzhou"}
NpcEngine.ts:239 [皇帝AI] [自愿候选] maxActions=2, 候选=[revoke(1.6)]
NpcEngine.ts:239 [皇帝AI] [执行-自愿] revoke (weight=1.6, chance=2%)
TerritoryStore.ts:324 [岗位变动] 青州 防御使: char-zhangyunshen → char-yizong (由system任命)
NpcEngine.ts:239 [皇帝AI] [任务生成] transferVassal [自愿(w=39.5)] data={"vassalId":"char-liguochang","receiverId":"char-npc-binning"}
NpcEngine.ts:239 [皇帝AI] [自愿候选] maxActions=2, 候选=[transferVassal(39.5)]
NpcEngine.ts:239 [皇帝AI] [跳过-自愿] transferVassal (weight=39.5, 骰子未通过)
militaryAI.ts:93 [军编] 卢芳：湖南军 补将 → 郭远恩（military=10）
militaryAI.ts:93 [军编] 李国昌：同华军 补将 → 李克用（military=21）
militaryAI.ts:216 [军编] 李国昌：财政裁营 沙陀骑铁骑第2营（strength=188，净粮草=-1143）
militaryAI.ts:216 [军编] 李国昌：财政裁营 沙陀骑铁骑第3营（strength=199，净粮草=-645）
militaryAI.ts:104 [军编] 天水使：天水军 换将 → 张直方（military=30，原天水使=17）
militaryAI.ts:93 [军编] 孙远恩：忠武军 补将 → 孙远恩（military=14）
militaryAI.ts:93 [军编] 罗承恩：陕虢军 补将 → 罗承恩（military=13）
militaryAI.ts:93 [军编] 郭承恩：义成军 补将 → 郭承恩（military=14）
militaryAI.ts:216 [军编] 郭承恩：财政裁营 义成军重步第1营（strength=1000，净粮草=1322）
militaryAI.ts:104 [军编] 彭承恩：归义军 换将 → 周宝（military=28，原彭承恩=17）
demandFealtyAction.ts:279 [要求效忠] 宣武使 → 郭承恩 | chance=50% → 成功
CharacterStore.ts:123 [overlord变更] 郭承恩(char-gen) overlord: 唐懿宗 → 宣武使
