 Download the React DevTools for a better development experience: https://react.dev/link/react-devtools
 Module "crypto" has been externalized for browser compatibility. Cannot access "crypto.randomBytes" in client code. See https://vite.dev/guide/troubleshooting.html#module-externalized-for-browser-compatibility for more details.
get @ seedrandom.js?v=5fd3b264:429
 [战争] 宣战：韩允中 → 义成使（武力兼并）
 [政策] 邠宁使 → 卢潘：赋税 一般(2) → 放任(1)
 [军编] 杜悰：凤翔军 补将 → 刘远恩（military=17）
 [军编] 郑从谠：河东军 补将 → 李国昌（military=28）
 [军编] 张允伸：卢龙军 补将 → 张允伸（military=23）
 [军编] 王景崇：成德军 补将 → 王景崇（military=19）
 [军编] 韩允中：魏博军 补将 → 韩允中（military=25）
 [军编] 韩允中：财政裁营 魏博军重步第1营（strength=1000，净粮草=-1288）
 [军编] 韩允中：财政裁营 魏博军重步第2营（strength=1000，净粮草=712）
 [军编] 拓跋思恭：定难军 补将 → 拓跋思恭（military=26）
 [军编] 拓跋思恭：财政裁营 定难军铁骑第1营（strength=1000，净粮草=-5196）
 [军编] 拓跋思恭：财政裁营 定难军铁骑第2营（strength=1000，净粮草=-2696）
 [军编] 崔彦曾：淮南军 补将 → 裴远恩（military=13）
 [军编] 刘潼：西川军 补将 → 刘潼（military=12）
 [军编] 萧邺：兴元军 补将 → 杜远恩（military=12）
 [军编] 卢潘：朔方军 补将 → 卢潘（military=21）
 [军编] 李弘甫：泾原军 补将 → 李弘甫（military=21）
 [军编] 张淮深：归义军 补将 → 张淮深（military=24）
 [军编] 贾惟庆：坊州军 补将 → 贾惟庆（military=16）
 [军编] 孙谠：遂州军 补将 → 孙谠（military=10）
 [军编] 高骈：安南军 补将 → 高骈（military=30）
 [军编] 李国昌：沙陀骑 补将 → 李国昌（military=28）
 [军编] 邠宁使：邠宁军 补将 → 拓跋思恭（military=26）
 [军编] 同华使：同华军 补将 → 吴远恩（military=12）
 [军编] 陕虢使：陕虢军 补将 → 陕虢使（military=10）
 [军编] 昭义使：昭义军 补将 → 昭义使（military=17）
 [军编] 义武使：义武军 补将 → 义武使（military=16）
 [军编] 宣武使：建军「汴州军」驻汴州
 [军编] 宣武使：汴州军 补将 → 宣武使（military=18）
 [军编] 义成使：义成军 补将 → 义成使（military=11）
 [军编] 天平使：天平军 补将 → 天平使（military=10）
 [军编] 泰宁使：泰宁军 补将 → 泰宁使（military=15）
 [军编] 武宁使：建军「徐州军」驻徐州
 [军编] 武宁使：徐州军 补将 → 武宁使（military=17）
 [军编] 平卢使：建军「青州军」驻青州
 [军编] 平卢使：青州军 补将 → 蔡远恩（military=17）
 [军编] 忠武使：忠武军 补将 → 忠武使（military=11）
 [军编] 奉国使：奉国军 补将 → 奉国使（military=16）
 [军编] 山南东使：山南东道军 补将 → 武昌使（military=16）
 [军编] 荆南使：荆南军 补将 → 荆南使（military=10）
 [军编] 武昌使：武昌军 补将 → 武昌使（military=16）
 [军编] 镇海使：镇海军 补将 → 温远恩（military=16）
 [军编] 镇东使：镇东军 补将 → 严远恩（military=17）
 [军编] 威武使：威武军 补将 → 威武使（military=15）
 [军编] 宣歙使：宣歙军 补将 → 王承恩（military=14）
 [军编] 镇南使：镇南军 补将 → 陈承恩（military=17）
 [军编] 湖南使：湖南军 补将 → 湖南使（military=10）
 [军编] 东川使：东川军 补将 → 东川使（military=11）
 [军编] 清海使：清海军 补将 → 高骈（military=30）
 [军编] 岭南西使：岭南西道军 补将 → 岭南西使（military=16）
 [军编] 静江使：静江军 补将 → 静江使（military=10）
 [军编] 天水使：天水军 补将 → 天水使（military=17）
 [政策] 宣武使 → 义成使：赋税 一般(2) → 放任(1)
 [战争] 宣战：高骈 → 清海使（独立）
 [军编] 拓跋思恭：财政裁营 定难军轻骑第1营（strength=1000，净粮草=-189）
 [军编] 拓跋思恭：财政裁营 定难军轻骑第2营（strength=1000，净粮草=2011）
 [岗位变动] 滑州 防御使: char-npc-yicheng → char-hanyunzhong (由char-hanyunzhong任命)
 [战争] 结束：韩允中 vs 义成使（武力兼并）→ 韩允中获胜
 [岗位变动] 滑州 防御使: char-hanyunzhong → char-han-junxiong (由char-hanyunzhong任命)
 [军编] 岭南西使：建军「邕州军」驻邕州
 [军编] 岭南西使：邕州军 补将 → 岭南西使（military=16）
 [军编] 韩君雄：建军「滑州军」驻滑州
 [军编] 韩君雄：滑州军 补将 → 韩君雄（military=20）
 [军编] 唐懿宗：财政裁营 神策军重步第1营（strength=1000，净粮草=-134115）
 [军编] 唐懿宗：财政裁营 神策军重步第2营（strength=1000，净粮草=-132115）
 [军编] 唐懿宗：财政裁营 神策军重步第3营（strength=1000，净粮草=-124940）
 [军编] 唐懿宗：财政裁营 神策军重步第4营（strength=1000，净粮草=-122940）
militaryAI.ts:38 [军编] 静江使：建军「桂州军」驻桂州
militaryAI.ts:93 [军编] 静江使：桂州军 补将 → 静江使（military=10）
demandFealtyAction.ts:250 [要求效忠] 宣武使(河南道观察使) → 韩君雄(滑州防御使) | 原overlord=韩允中 | chance=65% roll=82.8 → 失败
characterSystem.ts:414 [留后] 唐懿宗（京畿道观察使）指定留后：李儇
characterSystem.ts:414 [留后] 唐懿宗（长安刺史）指定留后：李儇
characterSystem.ts:414 [留后] 唐懿宗（都畿道观察使）指定留后：李儇
characterSystem.ts:414 [留后] 唐懿宗（洛阳刺史）指定留后：李儇
characterSystem.ts:414 [留后] 郑从谠（河东道节度使）指定留后：郑延球
characterSystem.ts:414 [留后] 张允伸（河北道·幽州节度使）指定留后：张简会
characterSystem.ts:414 [留后] 张允伸（幽州防御使）指定留后：张简会
characterSystem.ts:414 [留后] 张允伸（瀛州防御使）指定留后：张简会
characterSystem.ts:414 [留后] 王景崇（河北道·成德节度使）指定留后：王崇文
characterSystem.ts:414 [留后] 王景崇（镇州防御使）指定留后：王崇文
characterSystem.ts:414 [留后] 王景崇（冀州防御使）指定留后：王崇文
characterSystem.ts:414 [留后] 韩允中（河北道·魏博节度使）指定留后：韩君雄
characterSystem.ts:414 [留后] 韩允中（魏州防御使）指定留后：韩君雄
characterSystem.ts:414 [留后] 韩允中（相州防御使）指定留后：韩君雄
characterSystem.ts:414 [留后] 崔彦曾（淮南道观察使）指定留后：崔知和
characterSystem.ts:414 [留后] 刘潼（剑南道观察使）指定留后：无
characterSystem.ts:414 [留后] 萧邺（山南西道节度使）指定留后：无
characterSystem.ts:414 [留后] 李弘甫（陇右道节度使）指定留后：无
characterSystem.ts:414 [留后] 张淮深（河西道节度使）指定留后：无
characterSystem.ts:414 [留后] 邠宁使（关内道节度使）指定留后：无
characterSystem.ts:414 [留后] 宣武使（河南道观察使）指定留后：无
characterSystem.ts:414 [留后] 山南东使（山南东道观察使）指定留后：无
characterSystem.ts:414 [留后] 镇海使（江南东道观察使）指定留后：无
characterSystem.ts:414 [留后] 镇南使（江南西道观察使）指定留后：无
characterSystem.ts:414 [留后] 清海使（岭南道观察使）指定留后：无
militaryAI.ts:210 [军编] 唐懿宗：财政裁营 神策军重步第5营（strength=1000，净粮草=-116039）
militaryAI.ts:210 [军编] 唐懿宗：财政裁营 神策军铁骑第1营（strength=1000，净粮草=-113539）
militaryAI.ts:210 [军编] 唐懿宗：财政裁营 神策军铁骑第2营（strength=770，净粮草=-106413）
militaryAI.ts:210 [军编] 唐懿宗：财政裁营 神策军铁骑第3营（strength=1000，净粮草=-103913）
warSettlement.ts:73 [战争] 结束：高骈 vs 清海使（独立）→ 清海使获胜
militaryAI.ts:210 [军编] 唐懿宗：财政裁营 神策军铁骑第4营（strength=968，净粮草=-97057）
militaryAI.ts:210 [军编] 唐懿宗：财政裁营 神策军弓弩第1营（strength=1000，净粮草=-95057）
militaryAI.ts:180 [军编] 高骈：裁空壳营 安南军轻步第2营（strength=90）
militaryAI.ts:180 [军编] 高骈：裁空壳营 安南军弓弩第营（strength=90）
militaryAI.ts:180 [军编] 高骈：裁空壳营 安南军轻骑第营（strength=90）
militaryAI.ts:180 [军编] 高骈：裁空壳营 安南军重步第1营（strength=90）
militaryAI.ts:180 [军编] 高骈：裁空壳营 安南军重步第2营（strength=90）
militaryAI.ts:180 [军编] 高骈：裁空壳营 安南军轻步第1营（strength=90）
militaryAI.ts:180 [军编] 高骈：裁空壳营 安南军轻步第2营（strength=90）
militaryAI.ts:180 [军编] 高骈：裁空壳营 安南军弓弩第营（strength=90）
militaryAI.ts:180 [军编] 高骈：裁空壳营 安南军轻骑第营（strength=90）
militaryAI.ts:180 [军编] 高骈：裁空壳营 安南军重骑兵第13营（strength=90）
militaryAI.ts:180 [军编] 高骈：裁空壳营 安南军重骑兵第14营（strength=90）
militaryAI.ts:180 [军编] 高骈：裁空壳营 安南军重步兵第15营（strength=90）
militaryAI.ts:180 [军编] 高骈：裁空壳营 安南军重步兵第16营（strength=90）
militaryAI.ts:210 [军编] 唐懿宗：财政裁营 神策军弓弩第2营（strength=1000，净粮草=-88965）
militaryAI.ts:210 [军编] 唐懿宗：财政裁营 神策军弓弩第3营（strength=1000，净粮草=-86965）
demandFealtyAction.ts:250 [要求效忠] 宣武使(河南道观察使) → 韩君雄(滑州防御使) | 原overlord=韩允中 | chance=48% roll=11.1 → 成功
militaryAI.ts:210 [军编] 唐懿宗：财政裁营 神策军轻步第1营（strength=1000，净粮草=-81130）
militaryAI.ts:210 [军编] 唐懿宗：财政裁营 神策军轻步第2营（strength=1000，净粮草=-79130）
TerritoryStore.ts:324 [岗位变动] 河北道·魏博 都知兵马使: char-gen-31 → 空缺 (未知)
TerritoryStore.ts:324 [岗位变动] 河北道·魏博 都知兵马使: 空缺 → char-gen-31 (由char-hanyunzhong任命)
militaryAI.ts:210 [军编] 唐懿宗：财政裁营 神策军轻骑第营（strength=1000，净粮草=-73340）
militaryAI.ts:210 [军编] 唐懿宗：财政裁营 神策军重步第1营（strength=1000，净粮草=-71340）
adjustTaxBehavior.ts:87 [政策] 宣武使 → 天平使：赋税 一般(2) → 放任(1)
characterSystem.ts:414 [留后] 宣武使（河南道观察使）指定留后：韩君雄
militaryAI.ts:210 [军编] 唐懿宗：财政裁营 神策军重步第2营（strength=1000，净粮草=-65917）
militaryAI.ts:210 [军编] 唐懿宗：财政裁营 神策军重步第3营（strength=1000，净粮草=-63917）
militaryAI.ts:210 [军编] 唐懿宗：财政裁营 神策军重步第4营（strength=1000，净粮草=-58787）
militaryAI.ts:210 [军编] 唐懿宗：财政裁营 神策军重步第5营（strength=1000，净粮草=-56787）
militaryAI.ts:210 [军编] 唐懿宗：财政裁营 神策军铁骑第1营（strength=1000，净粮草=-51371）
militaryAI.ts:210 [军编] 唐懿宗：财政裁营 神策军铁骑第2营（strength=1000，净粮草=-48871）
adjustTaxBehavior.ts:87 [政策] 清海使 → 高骈：赋税 一般(2) → 放任(1)
militaryAI.ts:210 [军编] 唐懿宗：财政裁营 神策军铁骑第3营（strength=1000，净粮草=-43657）
militaryAI.ts:210 [军编] 唐懿宗：财政裁营 神策军铁骑第4营（strength=1000，净粮草=-41157）
adjustTaxBehavior.ts:87 [政策] 宣武使 → 忠武使：赋税 一般(2) → 放任(1)
declareWarAction.ts:49 [战争] 宣战：张允伸 → 平卢使（武力兼并）
militaryAI.ts:210 [军编] 唐懿宗：财政裁营 神策军弓弩第1营（strength=1000，净粮草=-36633）
militaryAI.ts:210 [军编] 唐懿宗：财政裁营 神策军弓弩第2营（strength=1000，净粮草=-34633）
militaryAI.ts:210 [军编] 唐懿宗：财政裁营 神策军弓弩第3营（strength=1000，净粮草=-30290）
militaryAI.ts:210 [军编] 唐懿宗：财政裁营 神策军轻步第1营（strength=1000，净粮草=-28290）
TerritoryStore.ts:324 [岗位变动] 青州 防御使: char-npc-pinglu → char-zhangyunshen (由char-zhangyunshen任命)
warSettlement.ts:73 [战争] 结束：张允伸 vs 平卢使（武力兼并）→ 张允伸获胜
militaryAI.ts:210 [军编] 唐懿宗：财政裁营 神策军轻步第2营（strength=1000，净粮草=-24115）
militaryAI.ts:210 [军编] 唐懿宗：财政裁营 神策军轻骑第营（strength=1000，净粮草=-21915）
militaryAI.ts:38 [军编] 义武使：建军「定州军」驻定州
militaryAI.ts:93 [军编] 义武使：定州军 补将 → 义武使（military=16）
militaryAI.ts:210 [军编] 唐懿宗：财政裁营 神策重步第6营（strength=1000，净粮草=-17898）
militaryAI.ts:210 [军编] 唐懿宗：财政裁营 神策铁骑第7营（strength=1000，净粮草=-15398）
adjustTaxBehavior.ts:87 [政策] 宣武使 → 泰宁使：赋税 一般(2) → 放任(1)
